info: Microsoft.Hosting.Lifetime[0]
      Application started. Press Ctrl+C to shut down.
info: Microsoft.Hosting.Lifetime[0]
      Hosting environment: Development
info: Microsoft.Hosting.Lifetime[0]
      Content root path: C:\Users\Arthur Cruz\Documents\projetos pessoais\ControleEstoque\ControleEstoque
info: Microsoft.EntityFrameworkCore.Database.Command[20101]
      Executed DbCommand (15ms) [Parameters=[], CommandType='Text', CommandTimeout='30']
      SELECT COUNT(*)
      FROM [cadVenda] AS [c]
info: Microsoft.EntityFrameworkCore.Database.Command[20101]
      Executed DbCommand (15ms) [Parameters=[], CommandType='Text', CommandTimeout='30']
      SELECT [c].[cdProduto] AS [id], [c].[nmProduto] AS [text], [c].[tamanho], [c].[valorVenda] AS [valor], [c].[codigo]
      FROM [cadProduto] AS [c]
      ORDER BY [c].[nmProduto]
info: Microsoft.EntityFrameworkCore.Database.Command[20101]
      Executed DbCommand (15ms) [Parameters=[], CommandType='Text', CommandTimeout='30']
      SELECT [c].[cdCliente] AS [id], [c].[nmCliente] AS [text], [c].[cpf]
      FROM [cadCliente] AS [c]
      ORDER BY [c].[nmCliente]
info: Microsoft.EntityFrameworkCore.Database.Command[20101]
      Executed DbCommand (1ms) [Parameters=[], CommandType='Text', CommandTimeout='30']
      SELECT COUNT(*)
      FROM [cadVenda] AS [c]
info: Microsoft.EntityFrameworkCore.Database.Command[20101]
      Executed DbCommand (17ms) [Parameters=[@__p_0='?' (DbType = Int32), @__p_1='?' (DbType = Int32)], CommandType='Text', CommandTimeout='30']
      SELECT [t].[cdVenda], [c0].[nmCliente], [t].[valorVenda], [t].[valorLucro], CASE
          WHEN [t].[dtVenda] IS NOT NULL THEN CAST(1 AS bit)
          ELSE CAST(0 AS bit)
      END, [t].[dtVenda], (
          SELECT COALESCE(SUM([c1].[quantidade]), 0)
          FROM [cadVenda_produto] AS [c1]
          WHERE [t].[cdVenda] = [c1].[cdVenda])
      FROM (
          SELECT [c].[cdVenda], [c].[cdCliente], [c].[dtVenda], [c].[valorLucro], [c].[valorVenda]
          FROM [cadVenda] AS [c]
          ORDER BY [c].[cdCliente]
          OFFSET @__p_0 ROWS FETCH NEXT @__p_1 ROWS ONLY
      ) AS [t]
      LEFT JOIN [cadCliente] AS [c0] ON [t].[cdCliente] = [c0].[cdCliente]
      ORDER BY [t].[cdCliente]
info: Microsoft.EntityFrameworkCore.Database.Command[20101]
      Executed DbCommand (4ms) [Parameters=[@__cdVenda_0='?' (DbType = Int32)], CommandType='Text', CommandTimeout='30']
      SELECT [t].[cdVenda], [t].[cdCliente], [t].[valorVenda], [t].[valorLucro], [t].[dtVenda], [t0].[cdProduto], [t0].[quantidade], [t0].[nmProduto], [t0].[tamanho], [t0].[preco], [t0].[cdVendaProduto], [t0].[cdProduto0]
      FROM (
          SELECT TOP(1) [c].[cdVenda], [c].[cdCliente], [c].[valorVenda], [c].[valorLucro], [c].[dtVenda]
          FROM [cadVenda] AS [c]
          WHERE [c].[cdVenda] = @__cdVenda_0
      ) AS [t]
      LEFT JOIN (
          SELECT [c0].[cdProduto], [c0].[quantidade], [c1].[nmProduto], [c1].[tamanho], (
              SELECT TOP(1) [c2].[valorVenda]
              FROM [cadProduto] AS [c2]
              WHERE [c2].[cdProduto] = [c0].[cdProduto]) AS [preco], [c0].[cdVendaProduto], [c1].[cdProduto] AS [cdProduto0], [c0].[cdVenda]
          FROM [cadVenda_produto] AS [c0]
          INNER JOIN [cadProduto] AS [c1] ON [c0].[cdProduto] = [c1].[cdProduto]
      ) AS [t0] ON [t].[cdVenda] = [t0].[cdVenda]
      ORDER BY [t].[cdVenda], [t0].[cdVendaProduto]
info: Microsoft.EntityFrameworkCore.Database.Command[20101]
      Executed DbCommand (1ms) [Parameters=[], CommandType='Text', CommandTimeout='30']
      SELECT COUNT(*)
      FROM [cadVenda] AS [c]
info: Microsoft.EntityFrameworkCore.Database.Command[20101]
      Executed DbCommand (0ms) [Parameters=[], CommandType='Text', CommandTimeout='30']
      SELECT COUNT(*)
      FROM [cadVenda] AS [c]
info: Microsoft.EntityFrameworkCore.Database.Command[20101]
      Executed DbCommand (1ms) [Parameters=[], CommandType='Text', CommandTimeout='30']
      SELECT [c].[cdProduto] AS [id], [c].[nmProduto] AS [text], [c].[tamanho], [c].[valorVenda] AS [valor], [c].[codigo]
      FROM [cadProduto] AS [c]
      ORDER BY [c].[nmProduto]
info: Microsoft.EntityFrameworkCore.Database.Command[20101]
      Executed DbCommand (1ms) [Parameters=[], CommandType='Text', CommandTimeout='30']
      SELECT [c].[cdCliente] AS [id], [c].[nmCliente] AS [text], [c].[cpf]
      FROM [cadCliente] AS [c]
      ORDER BY [c].[nmCliente]
info: Microsoft.EntityFrameworkCore.Database.Command[20101]
      Executed DbCommand (1ms) [Parameters=[@__p_0='?' (DbType = Int32), @__p_1='?' (DbType = Int32)], CommandType='Text', CommandTimeout='30']
      SELECT [t].[cdVenda], [c0].[nmCliente], [t].[valorVenda], [t].[valorLucro], CASE
          WHEN [t].[dtVenda] IS NOT NULL THEN CAST(1 AS bit)
          ELSE CAST(0 AS bit)
      END, [t].[dtVenda], (
          SELECT COALESCE(SUM([c1].[quantidade]), 0)
          FROM [cadVenda_produto] AS [c1]
          WHERE [t].[cdVenda] = [c1].[cdVenda])
      FROM (
          SELECT [c].[cdVenda], [c].[cdCliente], [c].[dtVenda], [c].[valorLucro], [c].[valorVenda]
          FROM [cadVenda] AS [c]
          ORDER BY [c].[cdCliente]
          OFFSET @__p_0 ROWS FETCH NEXT @__p_1 ROWS ONLY
      ) AS [t]
      LEFT JOIN [cadCliente] AS [c0] ON [t].[cdCliente] = [c0].[cdCliente]
      ORDER BY [t].[cdCliente]
info: Microsoft.EntityFrameworkCore.Database.Command[20101]
      Executed DbCommand (4ms) [Parameters=[@__cdVenda_0='?' (DbType = Int32)], CommandType='Text', CommandTimeout='30']
      SELECT [t].[cdVenda], [t].[cdCliente], [t].[valorVenda], [t].[valorLucro], [t].[dtVenda], [t0].[cdProduto], [t0].[quantidade], [t0].[nmProduto], [t0].[tamanho], [t0].[preco], [t0].[cdVendaProduto], [t0].[cdProduto0]
      FROM (
          SELECT TOP(1) [c].[cdVenda], [c].[cdCliente], [c].[valorVenda], [c].[valorLucro], [c].[dtVenda]
          FROM [cadVenda] AS [c]
          WHERE [c].[cdVenda] = @__cdVenda_0
      ) AS [t]
      LEFT JOIN (
          SELECT [c0].[cdProduto], [c0].[quantidade], [c1].[nmProduto], [c1].[tamanho], (
              SELECT TOP(1) [c2].[valorVenda]
              FROM [cadProduto] AS [c2]
              WHERE [c2].[cdProduto] = [c0].[cdProduto]) AS [preco], [c0].[cdVendaProduto], [c1].[cdProduto] AS [cdProduto0], [c0].[cdVenda]
          FROM [cadVenda_produto] AS [c0]
          INNER JOIN [cadProduto] AS [c1] ON [c0].[cdProduto] = [c1].[cdProduto]
      ) AS [t0] ON [t].[cdVenda] = [t0].[cdVenda]
      ORDER BY [t].[cdVenda], [t0].[cdVendaProduto]
info: Microsoft.EntityFrameworkCore.Database.Command[20101]
      Executed DbCommand (0ms) [Parameters=[], CommandType='Text', CommandTimeout='30']
      SELECT COUNT(*)
      FROM [cadVenda] AS [c]
info: Microsoft.EntityFrameworkCore.Database.Command[20101]
      Executed DbCommand (0ms) [Parameters=[], CommandType='Text', CommandTimeout='30']
      SELECT [c].[cdCliente] AS [id], [c].[nmCliente] AS [text], [c].[cpf]
      FROM [cadCliente] AS [c]
      ORDER BY [c].[nmCliente]
info: Microsoft.EntityFrameworkCore.Database.Command[20101]
      Executed DbCommand (0ms) [Parameters=[], CommandType='Text', CommandTimeout='30']
      SELECT [c].[cdProduto] AS [id], [c].[nmProduto] AS [text], [c].[tamanho], [c].[valorVenda] AS [valor], [c].[codigo]
      FROM [cadProduto] AS [c]
      ORDER BY [c].[nmProduto]
info: Microsoft.EntityFrameworkCore.Database.Command[20101]
      Executed DbCommand (2ms) [Parameters=[], CommandType='Text', CommandTimeout='30']
      SELECT COUNT(*)
      FROM [cadVenda] AS [c]
info: Microsoft.EntityFrameworkCore.Database.Command[20101]
      Executed DbCommand (1ms) [Parameters=[@__p_0='?' (DbType = Int32), @__p_1='?' (DbType = Int32)], CommandType='Text', CommandTimeout='30']
      SELECT [t].[cdVenda], [c0].[nmCliente], [t].[valorVenda], [t].[valorLucro], CASE
          WHEN [t].[dtVenda] IS NOT NULL THEN CAST(1 AS bit)
          ELSE CAST(0 AS bit)
      END, [t].[dtVenda], (
          SELECT COALESCE(SUM([c1].[quantidade]), 0)
          FROM [cadVenda_produto] AS [c1]
          WHERE [t].[cdVenda] = [c1].[cdVenda])
      FROM (
          SELECT [c].[cdVenda], [c].[cdCliente], [c].[dtVenda], [c].[valorLucro], [c].[valorVenda]
          FROM [cadVenda] AS [c]
          ORDER BY [c].[cdCliente]
          OFFSET @__p_0 ROWS FETCH NEXT @__p_1 ROWS ONLY
      ) AS [t]
      LEFT JOIN [cadCliente] AS [c0] ON [t].[cdCliente] = [c0].[cdCliente]
      ORDER BY [t].[cdCliente]
info: Microsoft.EntityFrameworkCore.Database.Command[20101]
      Executed DbCommand (0ms) [Parameters=[@__cdVenda_0='?' (DbType = Int32)], CommandType='Text', CommandTimeout='30']
      SELECT [t].[cdVenda], [t].[cdCliente], [t].[valorVenda], [t].[valorLucro], [t].[dtVenda], [t0].[cdProduto], [t0].[quantidade], [t0].[nmProduto], [t0].[tamanho], [t0].[preco], [t0].[cdVendaProduto], [t0].[cdProduto0]
      FROM (
          SELECT TOP(1) [c].[cdVenda], [c].[cdCliente], [c].[valorVenda], [c].[valorLucro], [c].[dtVenda]
          FROM [cadVenda] AS [c]
          WHERE [c].[cdVenda] = @__cdVenda_0
      ) AS [t]
      LEFT JOIN (
          SELECT [c0].[cdProduto], [c0].[quantidade], [c1].[nmProduto], [c1].[tamanho], (
              SELECT TOP(1) [c2].[valorVenda]
              FROM [cadProduto] AS [c2]
              WHERE [c2].[cdProduto] = [c0].[cdProduto]) AS [preco], [c0].[cdVendaProduto], [c1].[cdProduto] AS [cdProduto0], [c0].[cdVenda]
          FROM [cadVenda_produto] AS [c0]
          INNER JOIN [cadProduto] AS [c1] ON [c0].[cdProduto] = [c1].[cdProduto]
      ) AS [t0] ON [t].[cdVenda] = [t0].[cdVenda]
      ORDER BY [t].[cdVenda], [t0].[cdVendaProduto]
info: Microsoft.EntityFrameworkCore.Database.Command[20101]
      Executed DbCommand (1ms) [Parameters=[], CommandType='Text', CommandTimeout='30']
      SELECT COUNT(*)
      FROM [cadVenda] AS [c]
info: Microsoft.EntityFrameworkCore.Database.Command[20101]
      Executed DbCommand (1ms) [Parameters=[], CommandType='Text', CommandTimeout='30']
      SELECT [c].[cdProduto] AS [id], [c].[nmProduto] AS [text], [c].[tamanho], [c].[valorVenda] AS [valor], [c].[codigo]
      FROM [cadProduto] AS [c]
      ORDER BY [c].[nmProduto]
info: Microsoft.EntityFrameworkCore.Database.Command[20101]
      Executed DbCommand (2ms) [Parameters=[], CommandType='Text', CommandTimeout='30']
      SELECT [c].[cdCliente] AS [id], [c].[nmCliente] AS [text], [c].[cpf]
      FROM [cadCliente] AS [c]
      ORDER BY [c].[nmCliente]
info: Microsoft.EntityFrameworkCore.Database.Command[20101]
      Executed DbCommand (0ms) [Parameters=[], CommandType='Text', CommandTimeout='30']
      SELECT COUNT(*)
      FROM [cadVenda] AS [c]
info: Microsoft.EntityFrameworkCore.Database.Command[20101]
      Executed DbCommand (1ms) [Parameters=[@__p_0='?' (DbType = Int32), @__p_1='?' (DbType = Int32)], CommandType='Text', CommandTimeout='30']
      SELECT [t].[cdVenda], [c0].[nmCliente], [t].[valorVenda], [t].[valorLucro], CASE
          WHEN [t].[dtVenda] IS NOT NULL THEN CAST(1 AS bit)
          ELSE CAST(0 AS bit)
      END, [t].[dtVenda], (
          SELECT COALESCE(SUM([c1].[quantidade]), 0)
          FROM [cadVenda_produto] AS [c1]
          WHERE [t].[cdVenda] = [c1].[cdVenda])
      FROM (
          SELECT [c].[cdVenda], [c].[cdCliente], [c].[dtVenda], [c].[valorLucro], [c].[valorVenda]
          FROM [cadVenda] AS [c]
          ORDER BY [c].[cdCliente]
          OFFSET @__p_0 ROWS FETCH NEXT @__p_1 ROWS ONLY
      ) AS [t]
      LEFT JOIN [cadCliente] AS [c0] ON [t].[cdCliente] = [c0].[cdCliente]
      ORDER BY [t].[cdCliente]
info: Microsoft.EntityFrameworkCore.Database.Command[20101]
      Executed DbCommand (5ms) [Parameters=[@__cdVenda_0='?' (DbType = Int32)], CommandType='Text', CommandTimeout='30']
      SELECT [t].[cdVenda], [t].[cdCliente], [t].[valorVenda], [t].[valorLucro], [t].[dtVenda], [t0].[cdProduto], [t0].[quantidade], [t0].[nmProduto], [t0].[tamanho], [t0].[preco], [t0].[cdVendaProduto], [t0].[cdProduto0]
      FROM (
          SELECT TOP(1) [c].[cdVenda], [c].[cdCliente], [c].[valorVenda], [c].[valorLucro], [c].[dtVenda]
          FROM [cadVenda] AS [c]
          WHERE [c].[cdVenda] = @__cdVenda_0
      ) AS [t]
      LEFT JOIN (
          SELECT [c0].[cdProduto], [c0].[quantidade], [c1].[nmProduto], [c1].[tamanho], (
              SELECT TOP(