info: Microsoft.Hosting.Lifetime[0]
      Application started. Press Ctrl+C to shut down.
info: Microsoft.Hosting.Lifetime[0]
      Hosting environment: Development
info: Microsoft.Hosting.Lifetime[0]
      Content root path: C:\Users\Arthur Cruz\Documents\projetos pessoais\ControleEstoque\ControleEstoque
info: Microsoft.EntityFrameworkCore.Database.Command[20101]
      Executed DbCommand (36ms) [Parameters=[@__data_Year_0='?' (DbType = Int32), @__data_Month_1='?' (DbType = Int32)], CommandType='Text', CommandTimeout='30']
      SELECT COALESCE(SUM([c].[quantidade]), 0)
      FROM [cadVenda_produto] AS [c]
      INNER JOIN [cadVenda] AS [c0] ON [c].[cdVenda] = [c0].[cdVenda]
      WHERE [c0].[dtVenda] IS NOT NULL AND DATEPART(year, [c0].[dtVenda]) = @__data_Year_0 AND DATEPART(month, [c0].[dtVenda]) = @__data_Month_1
info: Microsoft.EntityFrameworkCore.Database.Command[20101]
      Executed DbCommand (1ms) [Parameters=[@__data_Year_0='?' (DbType = Int32), @__data_Month_1='?' (DbType = Int32)], CommandType='Text', CommandTimeout='30']
      SELECT COALESCE(SUM([c].[quantidade]), 0)
      FROM [cadVenda_produto] AS [c]
      INNER JOIN [cadVenda] AS [c0] ON [c].[cdVenda] = [c0].[cdVenda]
      WHERE [c0].[dtVenda] IS NOT NULL AND DATEPART(year, [c0].[dtVenda]) = @__data_Year_0 AND DATEPART(month, [c0].[dtVenda]) = @__data_Month_1
info: Microsoft.EntityFrameworkCore.Database.Command[20101]
      Executed DbCommand (3ms) [Parameters=[@__data_Year_0='?' (DbType = Int32), @__data_Month_1='?' (DbType = Int32)], CommandType='Text', CommandTimeout='30']
      SELECT COALESCE(SUM([c].[quantidade]), 0)
      FROM [cadVenda_produto] AS [c]
      INNER JOIN [cadVenda] AS [c0] ON [c].[cdVenda] = [c0].[cdVenda]
      WHERE [c0].[dtVenda] IS NOT NULL AND DATEPART(year, [c0].[dtVenda]) = @__data_Year_0 AND DATEPART(month, [c0].[dtVenda]) = @__data_Month_1
info: Microsoft.EntityFrameworkCore.Database.Command[20101]
      Executed DbCommand (0ms) [Parameters=[@__data_Year_0='?' (DbType = Int32), @__data_Month_1='?' (DbType = Int32)], CommandType='Text', CommandTimeout='30']
      SELECT COALESCE(SUM([c].[quantidade]), 0)
      FROM [cadVenda_produto] AS [c]
      INNER JOIN [cadVenda] AS [c0] ON [c].[cdVenda] = [c0].[cdVenda]
      WHERE [c0].[dtVenda] IS NOT NULL AND DATEPART(year, [c0].[dtVenda]) = @__data_Year_0 AND DATEPART(month, [c0].[dtVenda]) = @__data_Month_1
info: Microsoft.EntityFrameworkCore.Database.Command[20101]
      Executed DbCommand (0ms) [Parameters=[@__data_Year_0='?' (DbType = Int32), @__data_Month_1='?' (DbType = Int32)], CommandType='Text', CommandTimeout='30']
      SELECT COALESCE(SUM([c].[quantidade]), 0)
      FROM [cadVenda_produto] AS [c]
      INNER JOIN [cadVenda] AS [c0] ON [c].[cdVenda] = [c0].[cdVenda]
      WHERE [c0].[dtVenda] IS NOT NULL AND DATEPART(year, [c0].[dtVenda]) = @__data_Year_0 AND DATEPART(month, [c0].[dtVenda]) = @__data_Month_1
info: Microsoft.EntityFrameworkCore.Database.Command[20101]
      Executed DbCommand (0ms) [Parameters=[@__data_Year_0='?' (DbType = Int32), @__data_Month_1='?' (DbType = Int32)], CommandType='Text', CommandTimeout='30']
      SELECT COALESCE(SUM([c].[quantidade]), 0)
      FROM [cadVenda_produto] AS [c]
      INNER JOIN [cadVenda] AS [c0] ON [c].[cdVenda] = [c0].[cdVenda]
      WHERE [c0].[dtVenda] IS NOT NULL AND DATEPART(year, [c0].[dtVenda]) = @__data_Year_0 AND DATEPART(month, [c0].[dtVenda]) = @__data_Month_1
info: Microsoft.EntityFrameworkCore.Database.Command[20101]
      Executed DbCommand (0ms) [Parameters=[@__data_Year_0='?' (DbType = Int32), @__data_Month_1='?' (DbType = Int32)], CommandType='Text', CommandTimeout='30']
      SELECT COALESCE(SUM([c].[quantidade]), 0)
      FROM [cadVenda_produto] AS [c]
      INNER JOIN [cadVenda] AS [c0] ON [c].[cdVenda] = [c0].[cdVenda]
      WHERE [c0].[dtVenda] IS NOT NULL AND DATEPART(year, [c0].[dtVenda]) = @__data_Year_0 AND DATEPART(month, [c0].[dtVenda]) = @__data_Month_1
info: Microsoft.EntityFrameworkCore.Database.Command[20101]
      Executed DbCommand (2ms) [Parameters=[], CommandType='Text', CommandTimeout='30']
      SELECT COUNT(*)
      FROM [cadCliente] AS [c]
info: Microsoft.EntityFrameworkCore.Database.Command[20101]
      Executed DbCommand (0ms) [Parameters=[], CommandType='Text', CommandTimeout='30']
      SELECT COUNT(*)
      FROM [cadCliente] AS [c]
info: Microsoft.EntityFrameworkCore.Database.Command[20101]
      Executed DbCommand (3ms) [Parameters=[@__p_0='?' (DbType = Int32), @__p_1='?' (DbType = Int32)], CommandType='Text', CommandTimeout='30']
      SELECT [c].[cdCliente], [c].[nmCliente], [c].[cpf], [c].[numeroCelular], [c].[cidade], [c].[bairro], [c].[rua], [c].[numero], [c].[complemento], (
          SELECT COUNT(*)
          FROM [cadVenda] AS [c0]
          WHERE [c].[cdCliente] = [c0].[cdCliente])
      FROM [cadCliente] AS [c]
      ORDER BY [c].[cdCliente]
      OFFSET @__p_0 ROWS FETCH NEXT @__p_1 ROWS ONLY
info: Microsoft.EntityFrameworkCore.Database.Command[20101]
      Executed DbCommand (1ms) [Parameters=[], CommandType='Text', CommandTimeout='30']
      SELECT COUNT(*)
      FROM [cadVenda] AS [c]
info: Microsoft.EntityFrameworkCore.Database.Command[20101]
      Executed DbCommand (0ms) [Parameters=[], CommandType='Text', CommandTimeout='30']
      SELECT COUNT(*)
      FROM [cadVenda] AS [c]
info: Microsoft.EntityFrameworkCore.Database.Command[20101]
      Executed DbCommand (1ms) [Parameters=[], CommandType='Text', CommandTimeout='30']
      SELECT [c].[cdCliente] AS [id], [c].[nmCliente] AS [text], [c].[cpf]
      FROM [cadCliente] AS [c]
      ORDER BY [c].[nmCliente]
info: Microsoft.EntityFrameworkCore.Database.Command[20101]
      Executed DbCommand (1ms) [Parameters=[], CommandType='Text', CommandTimeout='30']
      SELECT [c].[cdProduto] AS [id], [c].[nmProduto] AS [text], [c].[tamanho], [c].[valorVenda] AS [valor], [c].[codigo]
      FROM [cadProduto] AS [c]
      ORDER BY [c].[nmProduto]
info: Microsoft.EntityFrameworkCore.Database.Command[20101]
      Executed DbCommand (4ms) [Parameters=[@__p_0='?' (DbType = Int32), @__p_1='?' (DbType = Int32)], CommandType='Text', CommandTimeout='30']
      SELECT [t].[cdVenda], [c0].[nmCliente], [t].[valorVenda], [t].[valorLucro], CASE
          WHEN [t].[dtVenda] IS NOT NULL THEN CAST(1 AS bit)
          ELSE CAST(0 AS bit)
      END, [t].[dtVenda], (
          SELECT COALESCE(SUM([c1].[quantidade]), 0)
          FROM [cadVenda_produto] AS [c1]
          WHERE [t].[cdVenda] = [c1].[cdVenda])
      FROM (
          SELECT [c].[cdVenda], [c].[cdCliente], [c].[dtVenda], [c].[valorLucro], [c].[valorVenda]
          FROM [cadVenda] AS [c]
          ORDER BY [c].[cdCliente]
          OFFSET @__p_0 ROWS FETCH NEXT @__p_1 ROWS ONLY
      ) AS [t]
      LEFT JOIN [cadCliente] AS [c0] ON [t].[cdCliente] = [c0].[cdCliente]
      ORDER BY [t].[cdCliente]
info: Microsoft.EntityFrameworkCore.Database.Command[20101]
      Executed DbCommand (0ms) [Parameters=[], CommandType='Text', CommandTimeout='30']
      SELECT COUNT(*)
      FROM [cadVenda] AS [c]
info: Microsoft.EntityFrameworkCore.Database.Command[20101]
      Executed DbCommand (0ms) [Parameters=[], CommandType='Text', CommandTimeout='30']
      SELECT COUNT(*)
      FROM [cadVenda] AS [c]
info: Microsoft.EntityFrameworkCore.Database.Command[20101]
      Executed DbCommand (0ms) [Parameters=[@__p_0='?' (DbType = Int32), @__p_1='?' (DbType = Int32)], CommandType='Text', CommandTimeout='30']
      SELECT [t].[cdVenda], [c0].[nmCliente], [t].[valorVenda], [t].[valorLucro], CASE
          WHEN [t].[dtVenda] IS NOT NULL THEN CAST(1 AS bit)
          ELSE CAST(0 AS bit)
      END, [t].[dtVenda], (
          SELECT COALESCE(SUM([c1].[quantidade]), 0)
          FROM [cadVenda_produto] AS [c1]
          WHERE [t].[cdVenda] = [c1].[cdVenda])
      FROM (
          SELECT [c].[cdVenda], [c].[cdCliente], [c].[dtVenda], [c].[valorLucro], [c].[valorVenda]
          FROM [cadVenda] AS [c]
          ORDER BY [c].[cdCliente]
          OFFSET @__p_0 ROWS FETCH NEXT @__p_1 ROWS ONLY
      ) AS [t]
      LEFT JOIN [cadCliente] AS [c0] ON [t].[cdCliente] = [c0].[cdCliente]
      ORDER BY [t].[cdCliente]
info: Microsoft.EntityFrameworkCore.Database.Command[20101]
      Executed DbCommand (1ms) [Parameters=[@__item_cdProduto_0='?' (DbType = Int32)], CommandType='Text', CommandTimeout='30']
      SELECT TOP(1) [c].[cdProduto], [c].[cdFornecedor], [c].[codigo], [c].[dsProduto], [c].[dtCriacao], [c].[nmProduto], [c].[quantidade], [c].[tamanho], [c].[valorCompra], [c].[valorVenda]
      FROM [cadProduto] AS [c]
      WHERE [c].[cdProduto] = @__item_cdProduto_0
info: Microsoft.EntityFrameworkCore.Database.Command[20101]
      Executed DbCommand (0ms) [Parameters=[@__item_cdProduto_0='?' (DbType = Int32)], CommandType='Text', CommandTimeout='30']
      SELECT TOP(1) [c].[cdProduto], [c].[cdFornecedor], [c].[codigo], [c].[dsProduto], [c].[dtCriacao], [c].[nmProduto], [c].[quantidade], [c].[tamanho], [c].[valorCompra], [c].[valorVenda]
      FROM [cadProduto] AS [c]
      WHERE [c].[cdProduto] = @__item_cdProduto_0
info: Microsoft.EntityFrameworkCore.Database.Command[20101]
      Executed DbCommand (1ms) [Parameters=[@__p_cdProduto_0='?' (DbType = Int32)], CommandType='Text', CommandTimeout='30']
      SELECT TOP(1) [c].[cdProduto], [c].[cdFornecedor], [c].[codigo], [c].[dsProduto], [c].[dtCriacao], [c].[nmProduto], [c].[quantidade], [c].[tamanho], [c].[valorCompra], [c].[valorVenda]
      FROM [cadProduto] AS [c]
      WHERE [c].[cdProduto] = @__p_cdProduto_0
info: Microsoft.EntityFrameworkCore.Database.Command[20101]
      Executed DbCommand (0ms) [Parameters=[@__p_cdProduto_0='?' (DbType = Int32)], CommandType='Text', CommandTimeout='30']
      SELECT TOP(1) [c].[cdProduto], [c].[cdFornecedor], [c].[codigo], [c].[dsProduto], [c].[dtCriacao], [c].[nmProduto], [c].[quantidade], [c].[tamanho], [c].[valorCompra], [c].[valorVenda]
      FROM [cadProduto] AS [c]
      WHERE [c].[cdProduto] = @__p_cdProduto_0
info: Microsoft.EntityFrameworkCore.Database.Command[20101]
      Executed DbCommand (3ms) [Parameters=[@p0='?' (DbType = Int32), @p1='?' (DbType = DateTime), @p2='?' (Precision = 18) (Scale = 2) (DbType = Decimal), @p3='?' (Precision = 18) (Scale = 2) (DbType = Decimal)], CommandType='Text', CommandTimeout='30']
      SET IMPLICIT_TRANSACTIONS OFF;
      SET NOCOUNT ON;
      INSERT INTO [cadVenda] ([cdCliente], [dtVenda], [valorLucro], [valorVenda])
      OUTPUT INSERTED.[cdVenda]
      VALUES (@p0, @p1, @p2, @p3);
info: Microsoft.EntityFrameworkCore.Database.Command[20101]
      Executed DbCommand (0ms) [Parameters=[@__item_cdProduto_0='?' (DbType = Int32)], CommandType='Text', CommandTimeout='30']
      SELECT TOP(1) [c].[cdProduto], [c].[cdFornecedor], [c].[codigo], [c].[dsProduto], [c].[dtCriacao], [c].[nmProduto], [c].[quantidade], [c].[tamanho], [c].[valorCompra], [c].[valorVenda]
      FROM [cadProduto] AS [c]
      WHERE [c].[cdProduto] = @__item_cdProduto_0
info: Microsoft.EntityFrameworkCore.Database.Command[20101]
      Executed DbCommand (0ms) [Parameters=[@__item_cdProduto_0='?' (DbType = Int32)], CommandType='Text', CommandTimeout='30']
      SELECT TOP(1) [c].[cdProduto], [c].[cdFornecedor], [c].[codigo], [c].[dsProduto], [c].[dtCriacao], [c].[nmProduto], [c].[quantidade], [c].[tamanho], [c].[valorCompra], [c].[valorVenda]
      FROM [cadProduto] AS [c]
      WHERE [c].[cdProduto] = @__item_cdProduto_0
info: Microsoft.EntityFrameworkCore.Database.Command[20101]
      Executed DbCommand (6ms) [Parameters=[@p1='?' (DbType = Int32), @p0='?' (DbType = Int32), @p3='?' (DbType = Int32), @p2='?' (DbType = Int32), @p4='?' (DbType = Int32), @p5='?' (DbType = Int32), @p6='?' (DbType = Int32), @p7='?' (DbType = Int32), @p8='?' (DbType = Int32), @p9='?' (DbType = Int32)], CommandType='Text', CommandTimeout='30']
      SET NOCOUNT ON;
      UPDATE [cadProduto] SET [quantidade] = @p0
      OUTPUT 1
      WHERE [cdProduto] = @p1;
      UPDATE [cadProduto] SET [quantidade] = @p2
      OUTPUT 1
      WHERE [cdProduto] = @p3;
      MERGE [cadVenda_produto] USING (
      VALUES (@p4, @p5, @p6, 0),
      (@p7, @p8, @p9, 1)) AS i ([cdProduto], [cdVenda], [quantidade], _Position) ON 1=0
      WHEN NOT MATCHED THEN
      INSERT ([cdProduto], [cdVenda], [quantidade])
      VALUES (i.[cdProduto], i.[cdVenda], i.[quantidade])
      OUTPUT INSERTED.[cdVendaProduto], i._Position;
info: Microsoft.EntityFrameworkCore.Database.Command[20101]
      Executed DbCommand (0ms) [Parameters=[], CommandType='Text', CommandTimeout='30']
      SELECT COUNT(*)
      FROM [cadVenda] AS [c]
info: Microsoft.EntityFrameworkCore.Database.Command[20101]
      Executed DbCommand (0ms) [Parameters=[], CommandType='Text', CommandTimeout='30']
      SELECT COUNT(*)
      FROM [cadVenda] AS [c]
info: Microsoft.EntityFrameworkCore.Database.Command[20101]
      Executed DbCommand (5ms) [Parameters=[@__p_0='?' (DbType = Int32), @__p_1='?' (DbType = Int32)], CommandType='Text', CommandTimeout='30']
      SELECT [t].[cdVenda], [c0].[nmCliente], [t].[valorVenda], [t].[valorLucro], CASE
          WHEN [t].[dtVenda] IS NOT NULL THEN CAST(1 AS bit)
          ELSE CAST(0 AS bit)
      END, [t].[dtVenda], (
          SELECT COALESCE(SUM([c1].[quantidade]), 0)
          FROM [cadVenda_produto] AS [c1]
          WHERE [t].[cdVenda] = [c1].[cdVenda])
      FROM (
          SELECT [c].[cdVenda], [c].[cdCliente], [c].[dtVenda], [c].[valorLucro], [c].[valorVenda]
          FROM [cadVenda] AS [c]
          ORDER BY [c].[cdCliente]
          OFFSET @__p_0 ROWS FETCH NEXT @__p_1 ROWS ONLY
      ) AS [t]
      LEFT JOIN [cadCliente] AS [c0] ON [t].[cdCliente] = [c0].[cdCliente]
      ORDER BY [t].[cdCliente]
info: Microsoft.EntityFrameworkCore.Database.Command[20101]
      Executed DbCommand (2ms) [Parameters=[@__data_Year_0='?' (DbType = Int32), @__data_Month_1='?' (DbType = Int32)], CommandType='Text', CommandTimeout='30']
      SELECT COALESCE(SUM([c].[quantidade]), 0)
      FROM [cadVenda_produto] AS [c]
      INNER JOIN [cadVenda] AS [c0] ON [c].[cdVenda] = [c0].[cdVenda]
      WHERE [c0].[dtVenda] IS NOT NULL AND DATEPART(year, [c0].[dtVenda]) = @__data_Year_0 AND DATEPART(month, [c0].[dtVenda]) = @__data_Month_1
info: Microsoft.EntityFrameworkCore.Database.Command[20101]
      Executed DbCommand (0ms) [Parameters=[@__data_Year_0='?' (DbType = Int32), @__data_Month_1='?' (DbType = Int32)], CommandType='Text', CommandTimeout='30']
      SELECT COALESCE(SUM([c].[quantidade]), 0)
      FROM [cadVenda_produto] AS [c]
      INNER JOIN [cadVenda] AS [c0] ON [c].[cdVenda] = [c0].[cdVenda]
      WHERE [c0].[dtVenda] IS NOT NULL AND DATEPART(year, [c0].[dtVenda]) = @__data_Year_0 AND DATEPART(month, [c0].[dtVenda]) = @__data_Month_1
info: Microsoft.EntityFrameworkCore.Database.Command[20101]
      Executed DbCommand (0ms) [Parameters=[@__data_Year_0='?' (DbType = Int32), @__data_Month_1='?' (DbType = Int32)], CommandType='Text', CommandTimeout='30']
      SELECT COALESCE(SUM([c].[quantidade]), 0)
      FROM [cadVenda_produto] AS [c]
      INNER JOIN [cadVenda] AS [c0] ON [c].[cdVenda] = [c0].[cdVenda]
      WHERE [c0].[dtVenda] IS NOT NULL AND DATEPART(year, [c0].[dtVenda]) = @__data_Year_0 AND DATEPART(month, [c0].[dtVenda]) = @__data_Month_1
info: Microsoft.EntityFrameworkCore.Database.Command[20101]
      Executed DbCommand (0ms) [Parameters=[@__data_Year_0='?' (DbType = Int32), @__data_Month_1='?' (DbType = Int32)], CommandType='Text', CommandTimeout='30']
      SELECT COALESCE(SUM([c].[quantidade]), 0)
      FROM [cadVenda_produto] AS [c]
      INNER JOIN [cadVenda] AS [c0] ON [c].[cdVenda] = [c0].[cdVenda]
      WHERE [c0].[dtVenda] IS NOT NULL AND DATEPART(year, [c0].[dtVenda]) = @__data_Year_0 AND DATEPART(month, [c0].[dtVenda]) = @__data_Month_1
info: Microsoft.EntityFrameworkCore.Database.Command[20101]
      Executed DbCommand (0ms) [Parameters=[@__data_Year_0='?' (DbType = Int32), @__data_Month_1='?' (DbType = Int32)], CommandType='Text', CommandTimeout='30']
      SELECT COALESCE(SUM([c].[quantidade]), 0)
      FROM [cadVenda_produto] AS [c]
      INNER JOIN [cadVenda] AS [c0] ON [c].[cdVenda] = [c0].[cdVenda]
      WHERE [c0].[dtVenda] IS NOT NULL AND DATEPART(year, [c0].[dtVenda]) = @__data_Year_0 AND DATEPART(month, [c0].[dtVenda]) = @__data_Month_1
info: Microsoft.EntityFrameworkCore.Database.Command[20101]
      Executed DbCommand (3ms) [Parameters=[@__data_Year_0='?' (DbType = Int32), @__data_Month_1='?' (DbType = Int32)], CommandType='Text', CommandTimeout='30']
      SELECT COALESCE(SUM([c].[quantidade]), 0)
      FROM [cadVenda_produto] AS [c]
      INNER JOIN [cadVenda] AS [c0] ON [c].[cdVenda] = [c0].[cdVenda]
      WHERE [c0].[dtVenda] IS NOT NULL AND DATEPART(year, [c0].[dtVenda]) = @__data_Year_0 AND DATEPART(month, [c0].[dtVenda]) = @__data_Month_1
info: Microsoft.EntityFrameworkCore.Database.Command[20101]
      Executed DbCommand (3ms) [Parameters=[@__data_Year_0='?' (DbType = Int32), @__data_Month_1='?' (DbType = Int32)], CommandType='Text', CommandTimeout='30']
      SELECT COUNT(*)
      FROM [cadVenda] AS [c]
      WHERE [c].[dtVenda] IS NOT NULL AND DATEPART(year, [c].[dtVenda]) = @__data_Year_0 AND DATEPART(month, [c].[dtVenda]) = @__data_Month_1
info: Microsoft.EntityFrameworkCore.Database.Command[20101]
      Executed DbCommand (1ms) [Parameters=[@__data_Year_0='?' (DbType = Int32), @__data_Month_1='?' (DbType = Int32)], CommandType='Text', CommandTimeout='30']
      SELECT COALESCE(SUM(COALESCE(CAST([c].[valorVenda] AS float), 0.0E0)), 0.0E0)
      FROM [cadVenda] AS [c]
      WHERE [c].[dtVenda] IS NOT NULL AND DATEPART(year, [c].[dtVenda]) = @__data_Year_0 AND DATEPART(month, [c].[dtVenda]) = @__data_Month_1
info: Microsoft.EntityFrameworkCore.Database.Command[20101]
      Executed DbCommand (2ms) [Parameters=[@__data_Year_0='?' (DbType = Int32), @__data_Month_1='?' (DbType = Int32)], CommandType='Text', CommandTimeout='30']
      SELECT COALESCE(SUM([c].[quantidade]), 0)
      FROM [cadVenda_produto] AS [c]
      INNER JOIN [cadVenda] AS [c0] ON [c].[cdVenda] = [c0].[cdVenda]
      WHERE [c0].[dtVenda] IS NOT NULL AND DATEPART(year, [c0].[dtVenda]) = @__data_Year_0 AND DATEPART(month, [c0].[dtVenda]) = @__data_Month_1
info: Microsoft.EntityFrameworkCore.Database.Command[20101]
      Executed DbCommand (1ms) [Parameters=[@__data_Year_0='?' (DbType = Int32), @__data_Month_1='?' (DbType = Int32)], CommandType='Text', CommandTimeout='30']
      SELECT COALESCE(SUM(COALESCE(CAST([c].[valorLucro] AS float), 0.0E0)), 0.0E0)
      FROM [cadVenda] AS [c]
      WHERE [c].[dtVenda] IS NOT NULL AND DATEPART(year, [c].[dtVenda]) = @__data_Year_0 AND DATEPART(month, [c].[dtVenda]) = @__data_Month_1
info: Microsoft.EntityFrameworkCore.Database.Command[20101]
      Executed DbCommand (2ms) [Parameters=[@__data_Date_0='?' (DbType = DateTime)], CommandType='Text', CommandTimeout='30']
      SELECT COUNT(*)
      FROM [cadVenda] AS [c]
      WHERE [c].[dtVenda] IS NOT NULL AND CONVERT(date, [c].[dtVenda]) = @__data_Date_0
info: Microsoft.EntityFrameworkCore.Database.Command[20101]
      Executed DbCommand (1ms) [Parameters=[@__data_Date_0='?' (DbType = DateTime)], CommandType='Text', CommandTimeout='30']
      SELECT COALESCE(SUM(COALESCE(CAST([c].[valorVenda] AS float), 0.0E0)), 0.0E0)
      FROM [cadVenda] AS [c]
      WHERE [c].[dtVenda] IS NOT NULL AND CONVERT(date, [c].[dtVenda]) = @__data_Date_0
info: Microsoft.EntityFrameworkCore.Database.Command[20101]
      Executed DbCommand (2ms) [Parameters=[@__data_Date_0='?' (DbType = DateTime)], CommandType='Text', CommandTimeout='30']
      SELECT COALESCE(SUM(CAST([c].[valorCompra] AS float) * CAST([c].[quantidade] AS float)), 0.0E0)
      FROM [cadProduto] AS [c]
      WHERE [c].[dtCriacao] IS NOT NULL AND CONVERT(date, [c].[dtCriacao]) = @__data_Date_0
info: Microsoft.EntityFrameworkCore.Database.Command[20101]
      Executed DbCommand (1ms) [Parameters=[@__data_Date_0='?' (DbType = DateTime)], CommandType='Text', CommandTimeout='30']
      SELECT COALESCE(SUM(COALESCE(CAST([c].[valorLucro] AS float), 0.0E0)), 0.0E0)
      FROM [cadVenda] AS [c]
      WHERE [c].[dtVenda] IS NOT NULL AND CONVERT(date, [c].[dtVenda]) = @__data_Date_0
info: Microsoft.EntityFrameworkCore.Database.Command[20101]
      Executed DbCommand (2ms) [Parameters=[@__data_Date_0='?' (DbType = DateTime)], CommandType='Text', CommandTimeout='30']
      SELECT COALESCE(SUM([c].[quantidade]), 0)
      FROM [cadVenda_produto] AS [c]
      INNER JOIN [cadVenda] AS [c0] ON [c].[cdVenda] = [c0].[cdVenda]
      WHERE [c0].[dtVenda] IS NOT NULL AND CONVERT(date, [c0].[dtVenda]) = @__data_Date_0
info: Microsoft.EntityFrameworkCore.Database.Command[20101]
      Executed DbCommand (1ms) [Parameters=[@__data_Date_0='?' (DbType = DateTime)], CommandType='Text', CommandTimeout='30']
      SELECT COUNT(*)
      FROM [cadVenda] AS [c]
      WHERE [c].[dtVenda] IS NOT NULL AND CONVERT(date, [c].[dtVenda]) = @__data_Date_0
info: Microsoft.EntityFrameworkCore.Database.Command[20101]
      Executed DbCommand (0ms) [Parameters=[@__data_Date_0='?' (DbType = DateTime)], CommandType='Text', CommandTimeout='30']
      SELECT COALESCE(SUM(COALESCE(CAST([c].[valorVenda] AS float), 0.0E0)), 0.0E0)
      FROM [cadVenda] AS [c]
      WHERE [c].[dtVenda] IS NOT NULL AND CONVERT(date, [c].[dtVenda]) = @__data_Date_0
info: Microsoft.EntityFrameworkCore.Database.Command[20101]
      Executed DbCommand (0ms) [Parameters=[@__data_Date_0='?' (DbType = DateTime)], CommandType='Text', CommandTimeout='30']
      SELECT COALESCE(SUM(CAST([c].[valorCompra] AS float) * CAST([c].[quantidade] AS float)), 0.0E0)
      FROM [cadProduto] AS [c]
      WHERE [c].[dtCriacao] IS NOT NULL AND CONVERT(date, [c].[dtCriacao]) = @__data_Date_0
info: Microsoft.EntityFrameworkCore.Database.Command[20101]
      Executed DbCommand (0ms) [Parameters=[@__data_Date_0='?' (DbType = DateTime)], CommandType='Text', CommandTimeout='30']
      SELECT COALESCE(SUM(COALESCE(CAST([c].[valorLucro] AS float), 0.0E0)), 0.0E0)
      FROM [cadVenda] AS [c]
      WHERE [c].[dtVenda] IS NOT NULL AND CONVERT(date, [c].[dtVenda]) = @__data_Date_0
info: Microsoft.EntityFrameworkCore.Database.Command[20101]
      Executed DbCommand (0ms) [Parameters=[@__data_Date_0='?' (DbType = DateTime)], CommandType='Text', CommandTimeout='30']
      SELECT COALESCE(SUM([c].[quantidade]), 0)
      FROM [cadVenda_produto] AS [c]
      INNER JOIN [cadVenda] AS [c0] ON [c].[cdVenda] = [c0].[cdVenda]
      WHERE [c0].[dtVenda] IS NOT NULL AND CONVERT(date, [c0].[dtVenda]) = @__data_Date_0
info: Microsoft.EntityFrameworkCore.Database.Command[20101]
      Executed DbCommand (1ms) [Parameters=[], CommandType='Text', CommandTimeout='30']
      SELECT COUNT(*)
      FROM [cadVenda] AS [c]
info: Microsoft.EntityFrameworkCore.Database.Command[20101]
      Executed DbCommand (1ms) [Parameters=[], CommandType='Text', CommandTimeout='30']
      SELECT [c].[cdProduto] AS [id], [c].[nmProduto] AS [text], [c].[tamanho], [c].[valorVenda] AS [valor], [c].[codigo]
      FROM [cadProduto] AS [c]
      ORDER BY [c].[nmProduto]
info: Microsoft.EntityFrameworkCore.Database.Command[20101]
      Executed DbCommand (1ms) [Parameters=[], CommandType='Text', CommandTimeout='30']
      SELECT COUNT(*)
      FROM [cadVenda] AS [c]
info: Microsoft.EntityFrameworkCore.Database.Command[20101]
      Executed DbCommand (1ms) [Parameters=[], CommandType='Text', CommandTimeout='30']
      SELECT [c].[cdCliente] AS [id], [c].[nmCliente] AS [text], [c].[cpf]
      FROM [cadCliente] AS [c]
      ORDER BY [c].[nmCliente]
info: Microsoft.EntityFrameworkCore.Database.Command[20101]
      Executed DbCommand (4ms) [Parameters=[@__p_0='?' (DbType = Int32), @__p_1='?' (DbType = Int32)], CommandType='Text', CommandTimeout='30']
      SELECT [t].[cdVenda], [c0].[nmCliente], [t].[valorVenda], [t].[valorLucro], CASE
          WHEN [t].[dtVenda] IS NOT NULL THEN CAST(1 AS bit)
          ELSE CAST(0 AS bit)
      END, [t].[dtVenda], (
          SELECT COALESCE(SUM([c1].[quantidade]), 0)
          FROM [cadVenda_produto] AS [c1]
          WHERE [t].[cdVenda] = [c1].[cdVenda])
      FROM (
          SELECT [c].[cdVenda], [c].[cdCliente], [c].[dtVenda], [c].[valorLucro], [c].[valorVenda]
          FROM [cadVenda] AS [c]
          ORDER BY [c].[cdCliente]
          OFFSET @__p_0 ROWS FETCH NEXT @__p_1 ROWS ONLY
      ) AS [t]
      LEFT JOIN [cadCliente] AS [c0] ON [t].[cdCliente] = [c0].[cdCliente]
      ORDER BY [t].[cdCliente]
info: Microsoft.EntityFrameworkCore.Database.Command[20101]
      Executed DbCommand (0ms) [Parameters=[], CommandType='Text', CommandTimeout='30']
      SELECT COUNT(*)
      FROM [cadVenda] AS [c]
info: Microsoft.EntityFrameworkCore.Database.Command[20101]
      Executed DbCommand (0ms) [Parameters=[], CommandType='Text', CommandTimeout='30']
      SELECT COUNT(*)
      FROM [cadVenda] AS [c]
info: Microsoft.EntityFrameworkCore.Database.Command[20101]
      Executed DbCommand (1ms) [Parameters=[@__p_0='?' (DbType = Int32), @__p_1='?' (DbType = Int32)], CommandType='Text', CommandTimeout='30']
      SELECT [t].[cdVenda], [c0].[nmCliente], [t].[valorVenda], [t].[valorLucro], CASE
          WHEN [t].[dtVenda] IS NOT NULL THEN CAST(1 AS bit)
          ELSE CAST(0 AS bit)
      END, [t].[dtVenda], (
          SELECT COALESCE(SUM([c1].[quantidade]), 0)
          FROM [cadVenda_produto] AS [c1]
          WHERE [t].[cdVenda] = [c1].[cdVenda])
      FROM (
          SELECT [c].[cdVenda], [c].[cdCliente], [c].[dtVenda], [c].[valorLucro], [c].[valorVenda]
          FROM [cadVenda] AS [c]
          ORDER BY [c].[cdCliente]
          OFFSET @__p_0 ROWS FETCH NEXT @__p_1 ROWS ONLY
      ) AS [t]
      LEFT JOIN [cadCliente] AS [c0] ON [t].[cdCliente] = [c0].[cdCliente]
      ORDER BY [t].[cdCliente]
info: Microsoft.EntityFrameworkCore.Database.Command[20101]
      Executed DbCommand (0ms) [Parameters=[], CommandType='Text', CommandTimeout='30']
      SELECT COUNT(*)
      FROM [cadVenda] AS [c]
info: Microsoft.EntityFrameworkCore.Database.Command[20101]
      Executed DbCommand (0ms) [Parameters=[], CommandType='Text', CommandTimeout='30']
      SELECT COUNT(*)
      FROM [cadVenda] AS [c]
info: Microsoft.EntityFrameworkCore.Database.Command[20101]
      Executed DbCommand (0ms) [Parameters=[@__p_0='?' (DbType = Int32), @__p_1='?' (DbType = Int32)], CommandType='Text', CommandTimeout='30']
      SELECT [t].[cdVenda], [c0].[nmCliente], [t].[valorVenda], [t].[valorLucro], CASE
          WHEN [t].[dtVenda] IS NOT NULL THEN CAST(1 AS bit)
          ELSE CAST(0 AS bit)
      END, [t].[dtVenda], (
          SELECT COALESCE(SUM([c1].[quantidade]), 0)
          FROM [cadVenda_produto] AS [c1]
          WHERE [t].[cdVenda] = [c1].[cdVenda])
      FROM (
          SELECT [c].[cdVenda], [c].[cdCliente], [c].[dtVenda], [c].[valorLucro], [c].[valorVenda]
          FROM [cadVenda] AS [c]
          ORDER BY [c].[cdCliente]
          OFFSET @__p_0 ROWS FETCH NEXT @__p_1 ROWS ONLY
      ) AS [t]
      LEFT JOIN [cadCliente] AS [c0] ON [t].[cdCliente] = [c0].[cdCliente]
      ORDER BY [t].[cdCliente]
info: Microsoft.EntityFrameworkCore.Database.Command[20101]
      Executed DbCommand (0ms) [Parameters=[], CommandType='Text', CommandTimeout='30']
      SELECT COUNT(*)
      FROM [cadVenda] AS [c]
info: Microsoft.EntityFrameworkCore.Database.Command[20101]
      Executed DbCommand (0ms) [Parameters=[], CommandType='Text', CommandTimeout='30']
      SELECT COUNT(*)
      FROM [cadVenda] AS [c]
info: Microsoft.EntityFrameworkCore.Database.Command[20101]
      Executed DbCommand (0ms) [Parameters=[@__p_0='?' (DbType = Int32), @__p_1='?' (DbType = Int32)], CommandType='Text', CommandTimeout='30']
      SELECT [t].[cdVenda], [c0].[nmCliente], [t].[valorVenda], [t].[valorLucro], CASE
          WHEN [t].[dtVenda] IS NOT NULL THEN CAST(1 AS bit)
          ELSE CAST(0 AS bit)
      END, [t].[dtVenda], (
          SELECT COALESCE(SUM([c1].[quantidade]), 0)
          FROM [cadVenda_produto] AS [c1]
          WHERE [t].[cdVenda] = [c1].[cdVenda])
      FROM (
          SELECT [c].[cdVenda], [c].[cdCliente], [c].[dtVenda], [c].[valorLucro], [c].[valorVenda]
          FROM [cadVenda] AS [c]
          ORDER BY [c].[cdCliente]
          OFFSET @__p_0 ROWS FETCH NEXT @__p_1 ROWS ONLY
      ) AS [t]
      LEFT JOIN [cadCliente] AS [c0] ON [t].[cdCliente] = [c0].[cdCliente]
      ORDER BY [t].[cdCliente]
info: Microsoft.EntityFrameworkCore.Database.Command[20101]
      Executed DbCommand (0ms) [Parameters=[], CommandType='Text', CommandTimeout='30']
      SELECT COUNT(*)
      FROM [cadVenda] AS [c]
info: Microsoft.EntityFrameworkCore.Database.Command[20101]
      Executed DbCommand (0ms) [Parameters=[], CommandType='Text', CommandTimeout='30']
      SELECT COUNT(*)
      FROM [cadVenda] AS [c]
info: Microsoft.EntityFrameworkCore.Database.Command[20101]
      Executed DbCommand (1ms) [Parameters=[], CommandType='Text', CommandTimeout='30']
      SELECT [c].[cdProduto] AS [id], [c].[nmProduto] AS [text], [c].[tamanho], [c].[valorVenda] AS [valor], [c].[codigo]
      FROM [cadProduto] AS [c]
      ORDER BY [c].[nmProduto]
info: Microsoft.EntityFrameworkCore.Database.Command[20101]
      Executed DbCommand (1ms) [Parameters=[], CommandType='Text', CommandTimeout='30']
      SELECT [c].[cdCliente] AS [id], [c].[nmCliente] AS [text], [c].[cpf]
      FROM [cadCliente] AS [c]
      ORDER BY [c].[nmCliente]
info: Microsoft.EntityFrameworkCore.Database.Command[20101]
      Executed DbCommand (1ms) [Parameters=[@__p_0='?' (DbType = Int32), @__p_1='?' (DbType = Int32)], CommandType='Text', CommandTimeout='30']
      SELECT [t].[cdVenda], [c0].[nmCliente], [t].[valorVenda], [t].[valorLucro], CASE
          WHEN [t].[dtVenda] IS NOT NULL THEN CAST(1 AS bit)
          ELSE CAST(0 AS bit)
      END, [t].[dtVenda], (
          SELECT COALESCE(SUM([c1].[quantidade]), 0)
          FROM [cadVenda_produto] AS [c1]
          WHERE [t].[cdVenda] = [c1].[cdVenda])
      FROM (
          SELECT [c].[cdVenda], [c].[cdCliente], [c].[dtVenda], [c].[valorLucro], [c].[valorVenda]
          FROM [cadVenda] AS [c]
          ORDER BY [c].[cdCliente]
          OFFSET @__p_0 ROWS FETCH NEXT @__p_1 ROWS ONLY
      ) AS [t]
      LEFT JOIN [cadCliente] AS [c0] ON [t].[cdCliente] = [c0].[cdCliente]
      ORDER BY [t].[cdCliente]
info: Microsoft.EntityFrameworkCore.Database.Command[20101]
      Executed DbCommand (0ms) [Parameters=[], CommandType='Text', CommandTimeout='30']
      SELECT COUNT(*)
      FROM [cadVenda] AS [c]
info: Microsoft.EntityFrameworkCore.Database.Command[20101]
      Executed DbCommand (1ms) [Parameters=[], CommandType='Text', CommandTimeout='30']
      SELECT [c].[cdCliente] AS [id], [c].[nmCliente] AS [text], [c].[cpf]
      FROM [cadCliente] AS [c]
      ORDER BY [c].[nmCliente]
info: Microsoft.EntityFrameworkCore.Database.Command[20101]
      Executed DbCommand (1ms) [Parameters=[], CommandType='Text', CommandTimeout='30']
      SELECT [c].[cdProduto] AS [id], [c].[nmProduto] AS [text], [c].[tamanho], [c].[valorVenda] AS [valor], [c].[codigo]
      FROM [cadProduto] AS [c]
      ORDER BY [c].[nmProduto]
info: Microsoft.EntityFrameworkCore.Database.Command[20101]
      Executed DbCommand (1ms) [Parameters=[], CommandType='Text', CommandTimeout='30']
      SELECT COUNT(*)
      FROM [cadVenda] AS [c]
info: Microsoft.EntityFrameworkCore.Database.Command[20101]
      Executed DbCommand (0ms) [Parameters=[@__p_0='?' (DbType = Int32), @__p_1='?' (DbType = Int32)], CommandType='Text', CommandTimeout='30']
      SELECT [t].[cdVenda], [c0].[nmCliente], [t].[valorVenda], [t].[valorLucro], CASE
          WHEN [t].[dtVenda] IS NOT NULL THEN CAST(1 AS bit)
          ELSE CAST(0 AS bit)
      END, [t].[dtVenda], (
          SELECT COALESCE(SUM([c1].[quantidade]), 0)
          FROM [cadVenda_produto] AS [c1]
          WHERE [t].[cdVenda] = [c1].[cdVenda])
      FROM (
          SELECT [c].[cdVenda], [c].[cdCliente], [c].[dtVenda], [c].[valorLucro], [c].[valorVenda]
          FROM [cadVenda] AS [c]
          ORDER BY [c].[cdCliente]
          OFFSET @__p_0 ROWS FETCH NEXT @__p_1 ROWS ONLY
      ) AS [t]
      LEFT JOIN [cadCliente] AS [c0] ON [t].[cdCliente] = [c0].[cdCliente]
      ORDER BY [t].[cdCliente]
info: Microsoft.EntityFrameworkCore.Database.Command[20101]
      Executed DbCommand (0ms) [Parameters=[], CommandType='Text', CommandTimeout='30']
      SELECT COUNT(*)
      FROM [cadVenda] AS [c]
info: Microsoft.EntityFrameworkCore.Database.Command[20101]
      Executed DbCommand (0ms) [Parameters=[], CommandType='Text', CommandTimeout='30']
      SELECT COUNT(*)
      FROM [cadVenda] AS [c]
info: Microsoft.EntityFrameworkCore.Database.Command[20101]
      Executed DbCommand (0ms) [Parameters=[@__p_0='?' (DbType = Int32), @__p_1='?' (DbType = Int32)], CommandType='Text', CommandTimeout='30']
      SELECT [t].[cdVenda], [c0].[nmCliente], [t].[valorVenda], [t].[valorLucro], CASE
          WHEN [t].[dtVenda] IS NOT NULL THEN CAST(1 AS bit)
          ELSE CAST(0 AS bit)
      END, [t].[dtVenda], (
          SELECT COALESCE(SUM([c1].[quantidade]), 0)
          FROM [cadVenda_produto] AS [c1]
          WHERE [t].[cdVenda] = [c1].[cdVenda])
      FROM (
          SELECT [c].[cdVenda], [c].[cdCliente], [c].[dtVenda], [c].[valorLucro], [c].[valorVenda]
          FROM [cadVenda] AS [c]
          ORDER BY [c].[cdCliente]
          OFFSET @__p_0 ROWS FETCH NEXT @__p_1 ROWS ONLY
      ) AS [t]
      LEFT JOIN [cadCliente] AS [c0] ON [t].[cdCliente] = [c0].[cdCliente]
      ORDER BY [t].[cdCliente]
info: Microsoft.EntityFrameworkCore.Database.Command[20101]
      Executed DbCommand (2ms) [Parameters=[], CommandType='Text', CommandTimeout='30']
      SELECT [c].[cdProduto] AS [id], [c].[nmProduto] AS [text], [c].[tamanho], [c].[valorVenda] AS [valor], [c].[codigo]
      FROM [cadProduto] AS [c]
      ORDER BY [c].[nmProduto]
info: Microsoft.EntityFrameworkCore.Database.Command[20101]
      Executed DbCommand (2ms) [Parameters=[], CommandType='Text', CommandTimeout='30']
      SELECT [c].[cdCliente] AS [id], [c].[nmCliente] AS [text], [c].[cpf]
      FROM [cadCliente] AS [c]
      ORDER BY [c].[nmCliente]
info: Microsoft.EntityFrameworkCore.Database.Command[20101]
      Executed DbCommand (2ms) [Parameters=[], CommandType='Text', CommandTimeout='30']
      SELECT COUNT(*)
      FROM [cadVenda] AS [c]
info: Microsoft.EntityFrameworkCore.Database.Command[20101]
      Executed DbCommand (0ms) [Parameters=[], CommandType='Text', CommandTimeout='30']
      SELECT COUNT(*)
      FROM [cadVenda] AS [c]
info: Microsoft.EntityFrameworkCore.Database.Command[20101]
      Executed DbCommand (6ms) [Parameters=[@__p_0='?' (DbType = Int32), @__p_1='?' (DbType = Int32)], CommandType='Text', CommandTimeout='30']
      SELECT [t].[cdVenda], [c0].[nmCliente], [t].[valorVenda], [t].[valorLucro], CASE
          WHEN [t].[dtVenda] IS NOT NULL THEN CAST(1 AS bit)
          ELSE CAST(0 AS bit)
      END, [t].[dtVenda], (
          SELECT COALESCE(SUM([c1].[quantidade]), 0)
          FROM [cadVenda_produto] AS [c1]
          WHERE [t].[cdVenda] = [c1].[cdVenda])
      FROM (
          SELECT [c].[cdVenda], [c].[cdCliente], [c].[dtVenda], [c].[valorLucro], [c].[valorVenda]
          FROM [cadVenda] AS [c]
          ORDER BY [c].[cdCliente]
          OFFSET @__p_0 ROWS FETCH NEXT @__p_1 ROWS ONLY
      ) AS [t]
      LEFT JOIN [cadCliente] AS [c0] ON [t].[cdCliente] = [c0].[cdCliente]
      ORDER BY [t].[cdCliente]
info: Microsoft.EntityFrameworkCore.Database.Command[20101]
      Executed DbCommand (0ms) [Parameters=[], CommandType='Text', CommandTimeout='30']
      SELECT COUNT(*)
      FROM [cadVenda] AS [c]
info: Microsoft.EntityFrameworkCore.Database.Command[20101]
      Executed DbCommand (1ms) [Parameters=[], CommandType='Text', CommandTimeout='30']
      SELECT [c].[cdCliente] AS [id], [c].[nmCliente] AS [text], [c].[cpf]
      FROM [cadCliente] AS [c]
      ORDER BY [c].[nmCliente]
info: Microsoft.EntityFrameworkCore.Database.Command[20101]
      Executed DbCommand (1ms) [Parameters=[], CommandType='Text', CommandTimeout='30']
      SELECT [c].[cdProduto] AS [id], [c].[nmProduto] AS [text], [c].[tamanho], [c].[valorVenda] AS [valor], [c].[codigo]
      FROM [cadProduto] AS [c]
      ORDER BY [c].[nmProduto]
info: Microsoft.EntityFrameworkCore.Database.Command[20101]
      Executed DbCommand (0ms) [Parameters=[], CommandType='Text', CommandTimeout='30']
      SELECT COUNT(*)
      FROM [cadVenda] AS [c]
info: Microsoft.EntityFrameworkCore.Database.Command[20101]
      Executed DbCommand (0ms) [Parameters=[@__p_0='?' (DbType = Int32), @__p_1='?' (DbType = Int32)], CommandType='Text', CommandTimeout='30']
      SELECT [t].[cdVenda], [c0].[nmCliente], [t].[valorVenda], [t].[valorLucro], CASE
          WHEN [t].[dtVenda] IS NOT NULL THEN CAST(1 AS bit)
          ELSE CAST(0 AS bit)
      END, [t].[dtVenda], (
          SELECT COALESCE(SUM([c1].[quantidade]), 0)
          FROM [cadVenda_produto] AS [c1]
          WHERE [t].[cdVenda] = [c1].[cdVenda])
      FROM (
          SELECT [c].[cdVenda], [c].[cdCliente], [c].[dtVenda], [c].[valorLucro], [c].[valorVenda]
          FROM [cadVenda] AS [c]
          ORDER BY [c].[cdCliente]
          OFFSET @__p_0 ROWS FETCH NEXT @__p_1 ROWS ONLY
      ) AS [t]
      LEFT JOIN [cadCliente] AS [c0] ON [t].[cdCliente] = [c0].[cdCliente]
      ORDER BY [t].[cdCliente]
info: Microsoft.EntityFrameworkCore.Database.Command[20101]
      Executed DbCommand (0ms) [Parameters=[], CommandType='Text', CommandTimeout='30']
      SELECT COUNT(*)
      FROM [cadVenda] AS [c]
info: Microsoft.EntityFrameworkCore.Database.Command[20101]
      Executed DbCommand (0ms) [Parameters=[], CommandType='Text', CommandTimeout='30']
      SELECT [c].[cdCliente] AS [id], [c].[nmCliente] AS [text], [c].[cpf]
      FROM [cadCliente] AS [c]
      ORDER BY [c].[nmCliente]
info: Microsoft.EntityFrameworkCore.Database.Command[20101]
      Executed DbCommand (1ms) [Parameters=[], CommandType='Text', CommandTimeout='30']
      SELECT [c].[cdProduto] AS [id], [c].[nmProduto] AS [text], [c].[tamanho], [c].[valorVenda] AS [valor], [c].[codigo]
      FROM [cadProduto] AS [c]
      ORDER BY [c].[nmProduto]
info: Microsoft.EntityFrameworkCore.Database.Command[20101]
      Executed DbCommand (1ms) [Parameters=[], CommandType='Text', CommandTimeout='30']
      SELECT COUNT(*)
      FROM [cadVenda] AS [c]
info: Microsoft.EntityFrameworkCore.Database.Command[20101]
      Executed DbCommand (0ms) [Parameters=[@__p_0='?' (DbType = Int32), @__p_1='?' (DbType = Int32)], CommandType='Text', CommandTimeout='30']
      SELECT [t].[cdVenda], [c0].[nmCliente], [t].[valorVenda], [t].[valorLucro], CASE
          WHEN [t].[dtVenda] IS NOT NULL THEN CAST(1 AS bit)
          ELSE CAST(0 AS bit)
      END, [t].[dtVenda], (
          SELECT COALESCE(SUM([c1].[quantidade]), 0)
          FROM [cadVenda_produto] AS [c1]
          WHERE [t].[cdVenda] = [c1].[cdVenda])
      FROM (
          SELECT [c].[cdVenda], [c].[cdCliente], [c].[dtVenda], [c].[valorLucro], [c].[valorVenda]
          FROM [cadVenda] AS [c]
          ORDER BY [c].[cdCliente]
          OFFSET @__p_0 ROWS FETCH NEXT @__p_1 ROWS ONLY
      ) AS [t]
      LEFT JOIN [cadCliente] AS [c0] ON [t].[cdCliente] = [c0].[cdCliente]
      ORDER BY [t].[cdCliente]
info: Microsoft.EntityFrameworkCore.Database.Command[20101]
      Executed DbCommand (0ms) [Parameters=[], CommandType='Text', CommandTimeout='30']
      SELECT COUNT(*)
      FROM [cadVenda] AS [c]
info: Microsoft.EntityFrameworkCore.Database.Command[20101]
      Executed DbCommand (0ms) [Parameters=[], CommandType='Text', CommandTimeout='30']
      SELECT COUNT(*)
      FROM [cadVenda] AS [c]
info: Microsoft.EntityFrameworkCore.Database.Command[20101]
      Executed DbCommand (0ms) [Parameters=[@__p_0='?' (DbType = Int32), @__p_1='?' (DbType = Int32)], CommandType='Text', CommandTimeout='30']
      SELECT [t].[cdVenda], [c0].[nmCliente], [t].[valorVenda], [t].[valorLucro], CASE
          WHEN [t].[dtVenda] IS NOT NULL THEN CAST(1 AS bit)
          ELSE CAST(0 AS bit)
      END, [t].[dtVenda], (
          SELECT COALESCE(SUM([c1].[quantidade]), 0)
          FROM [cadVenda_produto] AS [c1]
          WHERE [t].[cdVenda] = [c1].[cdVenda])
      FROM (
          SELECT [c].[cdVenda], [c].[cdCliente], [c].[dtVenda], [c].[valorLucro], [c].[valorVenda]
          FROM [cadVenda] AS [c]
          ORDER BY [c].[cdCliente]
          OFFSET @__p_0 ROWS FETCH NEXT @__p_1 ROWS ONLY
      ) AS [t]
      LEFT JOIN [cadCliente] AS [c0] ON [t].[cdCliente] = [c0].[cdCliente]
      ORDER BY [t].[cdCliente]
info: Microsoft.EntityFrameworkCore.Database.Command[20101]
      Executed DbCommand (1ms) [Parameters=[@__data_Year_0='?' (DbType = Int32), @__data_Month_1='?' (DbType = Int32)], CommandType='Text', CommandTimeout='30']
      SELECT COUNT