info: Microsoft.Hosting.Lifetime[0]
      Application started. Press Ctrl+C to shut down.
info: Microsoft.Hosting.Lifetime[0]
      Hosting environment: Development
info: Microsoft.Hosting.Lifetime[0]
      Content root path: C:\Users\Arthur Cruz\Documents\projetos pessoais\ControleEstoque\ControleEstoque
info: Microsoft.EntityFrameworkCore.Database.Command[20101]
      Executed DbCommand (16ms) [Parameters=[], CommandType='Text', CommandTimeout='30']
      SELECT COUNT(*)
      FROM [cadCliente] AS [c]
info: Microsoft.EntityFrameworkCore.Database.Command[20101]
      Executed DbCommand (1ms) [Parameters=[], CommandType='Text', CommandTimeout='30']
      SELECT COUNT(*)
      FROM [cadCliente] AS [c]
info: Microsoft.EntityFrameworkCore.Database.Command[20101]
      Executed DbCommand (21ms) [Parameters=[@__p_0='?' (DbType = Int32), @__p_1='?' (DbType = Int32)], CommandType='Text', CommandTimeout='30']
      SELECT [c].[cdCliente], [c].[nmCliente], [c].[numeroCelular], [c].[cidade], [c].[bairro], [c].[rua], [c].[numero], [c].[complemento], (
          SELECT COUNT(*)
          FROM [cadVenda] AS [c0]
          WHERE [c].[cdCliente] = [c0].[cdCliente])
      FROM [cadCliente] AS [c]
      ORDER BY [c].[cdCliente]
      OFFSET @__p_0 ROWS FETCH NEXT @__p_1 ROWS ONLY
info: Microsoft.EntityFrameworkCore.Database.Command[20101]
      Executed DbCommand (1ms) [Parameters=[@__cdCliente_0='?' (DbType = Int32)], CommandType='Text', CommandTimeout='30']
      SELECT TOP(1) [c].[cdCliente], [c].[bairro], [c].[cidade], [c].[complemento], [c].[nmCliente], [c].[numero], [c].[numeroCelular], [c].[rua]
      FROM [cadCliente] AS [c]
      WHERE [c].[cdCliente] = @__cdCliente_0
info: Microsoft.EntityFrameworkCore.Database.Command[20101]
      Executed DbCommand (1ms) [Parameters=[@__p_0='?' (DbType = Int32)], CommandType='Text', CommandTimeout='30']
      SELECT TOP(1) [c].[cdCliente], [c].[bairro], [c].[cidade], [c].[complemento], [c].[nmCliente], [c].[numero], [c].[numeroCelular], [c].[rua]
      FROM [cadCliente] AS [c]
      WHERE [c].[cdCliente] = @__p_0
info: Microsoft.EntityFrameworkCore.Database.Command[20101]
      Executed DbCommand (2ms) [Parameters=[@p7='?' (DbType = Int32), @p0='?' (Size = 256), @p1='?' (Size = 256), @p2='?' (Size = 256), @p3='?' (Size = 256), @p4='?' (Size = 256), @p5='?' (Size = 256), @p6='?' (Size = 256)], CommandType='Text', CommandTimeout='30']
      SET IMPLICIT_TRANSACTIONS OFF;
      SET NOCOUNT ON;
      UPDATE [cadCliente] SET [bairro] = @p0, [cidade] = @p1, [complemento] = @p2, [nmCliente] = @p3, [numero] = @p4, [numeroCelular] = @p5, [rua] = @p6
      OUTPUT 1
      WHERE [cdCliente] = @p7;
info: Microsoft.EntityFrameworkCore.Database.Command[20101]
      Executed DbCommand (0ms) [Parameters=[], CommandType='Text', CommandTimeout='30']
      SELECT COUNT(*)
      FROM [cadCliente] AS [c]
info: Microsoft.EntityFrameworkCore.Database.Command[20101]
      Executed DbCommand (0ms) [Parameters=[], CommandType='Text', CommandTimeout='30']
      SELECT COUNT(*)
      FROM [cadCliente] AS [c]
info: Microsoft.EntityFrameworkCore.Database.Command[20101]
      Executed DbCommand (0ms) [Parameters=[@__p_0='?' (DbType = Int32), @__p_1='?' (DbType = Int32)], CommandType='Text', CommandTimeout='30']
      SELECT [c].[cdCliente], [c].[nmCliente], [c].[numeroCelular], [c].[cidade], [c].[bairro], [c].[rua], [c].[numero], [c].[complemento], (
          SELECT COUNT(*)
          FROM [cadVenda] AS [c0]
          WHERE [c].[cdCliente] = [c0].[cdCliente])
      FROM [cadCliente] AS [c]
      ORDER BY [c].[cdCliente]
      OFFSET @__p_0 ROWS FETCH NEXT @__p_1 ROWS ONLY
info: Microsoft.EntityFrameworkCore.Database.Command[20101]
      Executed DbCommand (0ms) [Parameters=[@__cdCliente_0='?' (DbType = Int32)], CommandType='Text', CommandTimeout='30']
      SELECT TOP(1) [c].[cdCliente], [c].[bairro], [c].[cidade], [c].[complemento], [c].[nmCliente], [c].[numero], [c].[numeroCelular], [c].[rua]
      FROM [cadCliente] AS [c]
      WHERE [c].[cdCliente] = @__cdCliente_0
info: Microsoft.EntityFrameworkCore.Database.Command[2