info: Microsoft.Hosting.Lifetime[0]
      Application started. Press Ctrl+C to shut down.
info: Microsoft.Hosting.Lifetime[0]
      Hosting environment: Development
info: Microsoft.Hosting.Lifetime[0]
      Content root path: C:\Users\Arthur Cruz\Documents\projetos pessoais\ControleEstoque\ControleEstoque
warn: Microsoft.EntityFrameworkCore.Query[10103]
      The query uses the 'First'/'FirstOrDefault' operator without 'OrderBy' and filter operators. This may lead to unpredictable results.
info: Microsoft.EntityFrameworkCore.Database.Command[20101]
      Executed DbCommand (13ms) [Parameters=[], CommandType='Text', CommandTimeout='30']
      SELECT TOP(1) [c].[cdConfiguracao], [c].[imgSistema], [c].[nomeMenu]
      FROM [cadConfiguracao] AS [c]
info: Microsoft.EntityFrameworkCore.Database.Command[20101]
      Executed DbCommand (4ms) [Parameters=[], CommandType='Text', CommandTimeout='30']
      SELECT TOP(1) [c].[cdConfiguracao], [c].[imgSistema], [c].[nomeMenu]
      FROM [cadConfiguracao] AS [c]
info: Microsoft.EntityFrameworkCore.Database.Command[20101]
      Executed DbCommand (20ms) [Parameters=[@__configuracao_cdConfiguracao_0='?' (DbType = Int32)], CommandType='Text', CommandTimeout='30']
      SELECT TOP(1) [c].[cdConfiguracao], [c].[imgSistema], [c].[nomeMenu]
      FROM [cadConfiguracao] AS [c]
      WHERE [c].[cdConfiguracao] = @__configuracao_cdConfiguracao_0
info: Microsoft.EntityFrameworkCore.Database.Command[20101]
      Executed DbCommand (0ms) [Parameters=[], CommandType='Text', CommandTimeout='30']
      SELECT TOP(1) [c].[cdConfiguracao], [c].[imgSistema], [c].[nomeMenu]
      FROM [cadConfiguracao] AS [c]
info: Microsoft.EntityFrameworkCore.Database.Command[20101]
      Executed DbCommand (0ms) [Parameters=[], CommandType='Text', CommandTimeout='30']
      SELECT TOP(1) [c].[cdConfiguracao], [c].[imgSistema], [c].[nomeMenu]
      FROM [cadConfiguracao] AS [c]
info: Microsoft.EntityFrameworkCore.Database.Command[20101]
      Executed DbCommand (0ms) [Parameters=[], CommandType='Text', CommandTimeout='30']
      SELECT TOP(1) [c].[cdConfiguracao], [c].[imgSistema], [c].[nomeMenu]
      FROM [cadConfiguracao] AS [c]
info: Microsoft.EntityFrameworkCore.Database.Command[20101]
      Executed DbCommand (2ms) [Parameters=[], CommandType='Text', CommandTimeout='30']
      SELECT TOP(1) [c].[cdConfiguracao], [c].[imgSistema], [c].[nomeMenu]
      FROM [cadConfiguracao] AS [c]
info: Microsoft.EntityFrameworkCore.Database.Command[20101]
      Executed DbCommand (0ms) [Parameters=[], CommandType='Text', CommandTimeout='30']
      SELECT TOP(1) [c].[cdConfiguracao], [c].[imgSistema], [c].[nomeMenu]
      FROM [cadConfiguracao] AS [c]
info: Microsoft.EntityFrameworkCore.Database.Command[20101]
      Executed DbCommand (0ms) [Parameters=[], CommandType='Text', CommandTimeout='30']
      SELECT TOP(1) [c].[cdConfiguracao], [c].[imgSistema], [c].[nomeMenu]
      FROM [cadConfiguracao] AS [c]
info: Microsoft.EntityFrameworkCore.Database.Command[20101]
      Executed DbCommand (0ms) [Parameters=[], CommandType='Text', CommandTimeout='30']
      SELECT TOP(1) [c].[cdConfiguracao], [c].[imgSistema], [c].[nomeMenu]
      FROM [cadConfiguracao] AS [c]
info: Microsoft.EntityFrameworkCore.Database.Command[20101]
      Executed DbCommand (0ms) [Parameters=[], CommandType='Text', CommandTimeout='30']
      SELECT TOP(1) [c].[cdConfiguracao], [c].[imgSistema], [c].[nomeMenu]
      FROM [cadConfiguracao] AS [c]
info: Microsoft.EntityFrameworkCore.Database.Command[20101]
      Executed DbCommand (1ms) [Parameters=[@__configuracao_cdConfiguracao_0='?' (DbType = Int32)], CommandType='Text', CommandTimeout='30']
      SELECT TOP(1) [c].[cdConfiguracao], [c].[imgSistema], [c].[nomeMenu]
      FROM [cadConfiguracao] AS [c]
      WHERE [c].[cdConfiguracao] = @__configuracao_cdConfiguracao_0
info: Microsoft.EntityFrameworkCore.Database.Command[20101]
      Executed DbCommand (3ms) [Parameters=[@p1='?' (DbType = Int32), @p0='?' (Size = 256) (DbType = AnsiString)], CommandType='Text', CommandTimeout='30']
      SET IMPLICIT_TRANSACTIONS OFF;
      SET NOCOUNT ON;
      UPDATE [cadConfiguracao] SET [nomeMenu] = @p0
      OUTPUT 1
      WHERE [cdConfiguracao] = @p1;
info: Microsoft.EntityFrameworkCore.Database.Command[20101]
      Executed DbCommand (1ms) [Parameters=[], CommandType='Text', CommandTimeout='30']
      SELECT TOP(1) [c].[cdConfiguracao], [c].[imgSistema], [c].[nomeMenu]
      FROM [cadConfiguracao] AS [c]
info: Microsoft.EntityFrameworkCore.Database.Command[20101]
      Executed DbCommand (1ms) [Parameters=[], CommandType='Text', CommandTimeout='30']
      SELECT TOP(1) [c].[cdConfiguracao], [c].[imgSistema], [c].[nomeMenu]
      FROM [cadConfiguracao] AS [c]
info: Microsoft.EntityFrameworkCore.Database.Command[20101]
      Executed DbCommand (0ms) [Parameters=[], CommandType='Text', CommandTimeout='30']
      SELECT TOP(1) [c].[cdConfiguracao], [c].[imgSistema], [c].[nomeMenu]
      FROM [cadConfiguracao] AS [c]
info: Microsoft.EntityFrameworkCore.Database.Command[20101]
      Executed DbCommand (0ms) [Parameters=[], CommandType='Text', CommandTimeout='30']
      SELECT TOP(1) [c].[cdConfiguracao], [c].[imgSistema], [c].[nomeMenu]
      FROM [cadConfiguracao] AS [c]
info: Microsoft.EntityFrameworkCore.Database.Command[20101]
      Executed DbCommand (0ms) [Parameters=[], CommandType='Text', CommandTimeout='30']
      SELECT TOP(1) [c].[cdConfiguracao], [c].[imgSistema], [c].[nomeMenu]
      FROM [cadConfiguracao] AS [c]
info: Microsoft.EntityFrameworkCore.Database.Command[20101]
      Executed DbCommand (1ms) [Parameters=[@__configuracao_cdConfiguracao_0='?' (DbType = Int32)], CommandType='Text', CommandTimeout='30']
      SELECT TOP(1) [c].[cdConfiguracao], [c].[imgSistema], [c].[nomeMenu]
      FROM [cadConfiguracao] AS [c]
      WHERE [c].[cdConfiguracao] = @__configuracao_cdConfiguracao_0
info: Microsoft.EntityFrameworkCore.Database.Command[20101]
      Executed DbCommand (4ms) [Parameters=[@p1='?' (DbType = Int32), @p0='?' (Size = -1) (DbType = Binary)], CommandType='Text', CommandTimeout='30']
      SET IMPLICIT_TRANSACTIONS OFF;
      SET NOCOUNT ON;
      UPDATE [cadConfiguracao] SET [imgSistema] = @p0
      OUTPUT 1
      WHERE [cdConfiguracao] = @p1;
info: Microsoft.EntityFrameworkCore.Database.Command[20101]
      Executed DbCommand (0ms) [Parameters=[], CommandType='Text', CommandTimeout='30']
      SELECT TOP(1) [c].[cdConfiguracao], [c].[imgSistema], [c].[nomeMenu]
      FROM [cadConfiguracao] AS [c]
info: Microsoft.EntityFrameworkCore.Database.Command[20101]
      Executed DbCommand (1ms) [Parameters=[], CommandType='Text', CommandTimeout='30']
      SELECT TOP(1) [c].[cdConfiguracao], [c].[imgSistema], [c].[nomeMenu]
      FROM [cadConfiguracao] AS [c]
info: Microsoft.EntityFrameworkCore.Database.Command[20101]
      Executed DbCommand (0ms) [Parameters=[], CommandType='Text', CommandTimeout='30']
      SELECT TOP(1) [c].[cdConfiguracao], [c].[imgSistema], [c].[nomeMenu]
      FROM [cadConfiguracao] AS [c]
info: Microsoft.EntityFrameworkCore.Database.Command[20101]
      Executed DbCommand (0ms) [Parameters=[], CommandType='Text', CommandTimeout='30']
      SELECT TOP(1) [c].[cdConfiguracao], [c].[imgSistema], [c].[nomeMenu]
      FROM [cadConfiguracao] AS [c]
info: Microsoft.EntityFrameworkCore.Database.Command[20101]
      Executed DbCommand (0ms) [Parameters=[], CommandType='Text', CommandTimeout='30']
      SELECT TOP(1) [c].[cdConfiguracao], [c].[imgSistema], [c].[nomeMenu]
      FROM [cadConfiguracao] AS [c]
info: Microsoft.EntityFrameworkCore.Database.Command[20101]
      Executed DbCommand (0ms) [Parameters=[], CommandType='Text', CommandTimeout='30']
      SELECT TOP(1) [c].[cdConfiguracao], [c].[imgSistema], [c].[nomeMenu]
      FROM [cadConfiguracao] AS [c]
info: Microsoft.EntityFrameworkCore.Database.Command[20101]
      Executed DbCommand (1ms) [Parameters=[], CommandType='Text', CommandTimeout='30']
      SELECT TOP(1) [c].[cdConfiguracao], [c].[imgSistema], [c].[nomeMenu]
      FROM [cadConfiguracao] AS [c]
info: Microsoft.EntityFrameworkCore.Database.Command[20101]
      Executed DbCommand (0ms) [Parameters=[], CommandType='Text', CommandTimeout='30']
      SELECT TOP(1) [c].[cdConfiguracao], [c].[imgSistema], [c].[nomeMenu]
      FROM [cadConfiguracao] AS [c]
info: Microsoft.EntityFrameworkCore.Database.Command[20101]
      Executed DbCommand (0ms) [Parameters=[], CommandType='Text', CommandTimeout='30']
      SELECT TOP(1) [c].[cdConfiguracao], [c].[imgSistema], [c].[nomeMenu]
      FROM [cadConfiguracao] AS [c]
info: Microsoft.EntityFrameworkCore.Database.Command[20101]
      Executed DbCommand (0ms) [Parameters=[], CommandType='Text', CommandTimeout='30']
      SELECT TOP(1) [c].[cdConfiguracao], [c].[imgSistema], [c].[nomeMenu]
      FROM [cadConfiguracao] AS [c]
info: Microsoft.EntityFrameworkCore.Database.Command[20101]
      Executed DbCommand (0ms) [Parameters=[], CommandType='Text', CommandTimeout='30']
      SELECT TOP(1) [c].[cdConfiguracao], [c].[imgSistema], [c].[nomeMenu]
      FROM [cadConfiguracao] AS [c]
info: Microsoft.EntityFrameworkCore.Database.Command[20101]
      Executed DbCommand (0ms) [Parameters=[], CommandType='Text', CommandTimeout='30']
      SELECT TOP(1) [c].[cdConfiguracao], [c].[imgSistema], [c].[nomeMenu]
      FROM [cadConfiguracao] AS [c]
info: Microsoft.EntityFrameworkCore.Database.Command[20101]
      Executed DbCommand (0ms) [Parameters=[], CommandType='Text', CommandTimeout='30']
      SELECT TOP(1) [c].[cdConfiguracao], [c].[imgSistema], [c].[nomeMenu]
      FROM [cadConfiguracao] AS [c]
info: Microsoft.EntityFrameworkCore.Database.Command[20101]
      Executed DbCommand (0ms) [Parameters=[], CommandType='Text', CommandTimeout='30']
      SELECT TOP(1) [c].[cdConfiguracao], [c].[imgSistema], [c].[nomeMenu]
      FROM [cadConfiguracao] AS [c]
info: Microsoft.EntityFrameworkCore.Database.Command[20101]
      Executed DbCommand (0ms) [Parameters=[], CommandType='Text', CommandTimeout='30']
      SELECT TOP(1) [c].[cdConfiguracao], [c].[imgSistema], [c].[nomeMenu]
      FROM [cadConfiguracao] AS [c]
info: Microsoft.EntityFrameworkCore.Database.Command[20101]
      Executed DbCommand (0ms) [Parameters=[], CommandType='Text', CommandTimeout='30']
      SELECT TOP(1) [c].[cdConfiguracao], [c].[imgSistema], [c].[nomeMenu]
      FROM [cadConfiguracao] AS [c]
info: Microsoft.EntityFrameworkCore.Database.Command[20101]
      Executed DbCommand (1ms) [Parameters=[], CommandType='Text', CommandTimeout='30']
      SELECT TOP(1) [c].[cdConfiguracao], [c].[imgSistema], [c].[nomeMenu]
      FROM [cadConfiguracao] AS [c]
info: Microsoft.EntityFrameworkCore.Database.Command[20101]
      Executed DbCommand (2ms) [Parameters=[], CommandType='Text', CommandTimeout='30']
      SELECT TOP(1) [c].[cdConfiguracao], [c].[imgSistema], [c].[nomeMenu]
      FROM [cadConfiguracao] AS [c]
info: Microsoft.EntityFrameworkCore.Database.Command[20101]
      Executed DbCommand (0ms) [Parameters=[], CommandType='Text', CommandTimeout='30']
      SELECT TOP(1) [c].[cdConfiguracao], [c].[imgSistema], [c].[nomeMenu]
      FROM [cadConfiguracao] AS [c]
info: Microsoft.EntityFrameworkCore.Database.Command[20101]
      Executed DbCommand (0ms) [Parameters=[], CommandType='Text', CommandTimeout='30']
      SELECT TOP(1) [c].[cdConfiguracao], [c].[imgSistema], [c].[nomeMenu]
      FROM [cadConfiguracao] AS [c]
info: Microsoft.EntityFrameworkCore.Database.Command[20101]
      Executed DbCommand (0ms) [Parameters=[], CommandType='Text', CommandTimeout='30']
      SELECT TOP(1) [c].[cdConfiguracao], [c].[imgSistema], [c].[nomeMenu]
      FROM [cadConfiguracao] AS [c]
info: Microsoft.EntityFrameworkCore.Database.Command[20101]
      Executed DbCommand (0ms) [Parameters=[], CommandType='Text', CommandTimeout='30']
      SELECT TOP(1) [c].[cdConfiguracao], [c].[imgSistema], [c].[nomeMenu]
      FROM [cadConfiguracao] AS [c]
info: Microsoft.EntityFrameworkCore.Database.Command[20101]
      Executed DbCommand (0ms) [Parameters=[], CommandType='Text', CommandTimeout='30']
      SELECT TOP(1) [c].[cdConfiguracao], [c].[imgSistema], [c].[nomeMenu]
      FROM [cadConfiguracao] AS [c]
info: Microsoft.EntityFrameworkCore.Database.Command[20101]
      Executed DbCommand (0ms) [Parameters=[], CommandType='Text', CommandTimeout='30']
      SELECT TOP(1) [c].[cdConfiguracao], [c].[imgSistema], [c].[nomeMenu]
      FROM [cadConfiguracao] AS [c]
info: Microsoft.EntityFrameworkCore.Database.Command[20101]
      Executed DbCommand (0ms) [Parameters=[], CommandType='Text', CommandTimeout='30']
      SELECT TOP(1) [c].[cdConfiguracao], [c].[imgSistema], [c].[nomeMenu]
      FROM [cadConfiguracao] AS [c]
info: Microsoft.EntityFrameworkCore.Database.Command[20101]
      Executed DbCommand (0ms) [Parameters=[], CommandType='Text', CommandTimeout='30']
      SELECT TOP(1) [c].[cdConfiguracao], [c].[imgSistema], [c].[nomeMenu]
      FROM [cadConfiguracao] AS [c]
info: Microsoft.EntityFrameworkCore.Database.Command[20101]
      Executed DbCommand (0ms) [Parameters=[], CommandType='Text', CommandTimeout='30']
      SELECT TOP(1) [c].[cdConfiguracao], [c].[imgSistema], [c].[nomeMenu]
      FROM [cadConfiguracao] AS [c]
info: Microsoft.EntityFrameworkCore.Database.Command[20101]
      Executed DbCommand (0ms) [Parameters=[], CommandType='Text', CommandTimeout='30']
      SELECT TOP(1) [c].[cdConfiguracao], [c].[imgSistema], [c].[nomeMenu]
      FROM [cadConfiguracao] AS [c]
info: Microsoft.EntityFrameworkCore.Database.Command[20101]
      Executed DbCommand (1ms) [Parameters=[], CommandType='Text', CommandTimeout='30']
      SELECT TOP(1) [c].[cdConfiguracao], [c].[imgSistema], [c].[nomeMenu]
      FROM [cadConfiguracao] AS [c]
info: Microsoft.EntityFrameworkCore.Database.Command[20101]
      Executed DbCommand (2ms) [Parameters=[], CommandType='Text', CommandTimeout='30']
      SELECT TOP(1) [c].[cdConfiguracao], [c].[imgSistema], [c].[nomeMenu]
      FROM [cadConfiguracao] AS [c]
info: Microsoft.EntityFrameworkCore.Database.Command[20101]
      Executed DbCommand (2ms) [Parameters=[], CommandType='Text', CommandTimeout='30']
      SELECT TOP(1) [c].[cdConfiguracao], [c].[imgSistema], [c].[nomeMenu]
      FROM [cadConfiguracao] AS [c]
info: Microsoft.EntityFrameworkCore.Database.Command[20101]
      Executed DbCommand (2ms) [Parameters=[], CommandType='Text', CommandTimeout='30']
      SELECT TOP(1) [c].[cdConfiguracao], [c].[imgSistema], [c].[nomeMenu]
      FROM [cadConfiguracao] AS [c]
info: Microsoft.EntityFrameworkCore.Database.Command[20101]
      Executed DbCommand (0ms) [Parameters=[], CommandType='Text', CommandTimeout='30']
      SELECT TOP(1) [c].[cdConfiguracao], [c].[imgSistema], [c].[nomeMenu]
      FROM [cadConfiguracao] AS [c]
info: Microsoft.EntityFrameworkCore.Database.Command[20101]
      Executed DbCommand (0ms) [Parameters=[], CommandType='Text', CommandTimeout='30']
      SELECT TOP(1) [c].[cdConfiguracao], [c].[imgSistema], [c].[nomeMenu]
      FROM [cadConfiguracao] AS [c]
info: Microsoft.EntityFrameworkCore.Database.Command[20101]
      Executed DbCommand (0ms) [Parameters=[], CommandType='Text', CommandTimeout='30']
      SELECT TOP(1) [c].[cdConfiguracao], [c].[imgSistema], [c].[nomeMenu]
      FROM [cadConfiguracao] AS [c]
info: Microsoft.EntityFrameworkCore.Database.Command[20101]
      Executed DbCommand (0ms) [Parameters=[], CommandType='Text', CommandTimeout='30']
      SELECT TOP(1) [c].[cdConfiguracao], [c].[imgSistema], [c].[nomeMenu]
      FROM [cadConfiguracao] AS [c]
info: Microsoft.EntityFrameworkCore.Database.Command[20101]
      Executed DbCommand (0ms) [Parameters=[], CommandType='Text', CommandTimeout='30']
      SELECT TOP(1) [c].[cdConfiguracao], [c].[imgSistema], [c].[nomeMenu]
      FROM [cadConfiguracao] AS [c]
info: Microsoft.EntityFrameworkCore.Database.Command[20101]
      Executed DbCommand (0ms) [Parameters=[], CommandType='Text', CommandTimeout='30']
      SELECT TOP(1) [c].[cdConfiguracao], [c].[imgSistema], [c].[nomeMenu]
      FROM [cadConfiguracao] AS [c]
info: Microsoft.EntityFrameworkCore.Database.Command[20101]
      Executed DbCommand (0ms) [Parameters=[], CommandType='Text', CommandTimeout='30']
      SELECT TOP(1) [c].[cdConfiguracao], [c].[imgSistema], [c].[nomeMenu]
      FROM [cadConfiguracao] AS [c]
info: Microsoft.EntityFrameworkCore.Database.Command[20101]
      Executed DbCommand (0ms) [Parameters=[], CommandType='Text', CommandTimeout='30']
      SELECT TOP(1) [c].[cdConfiguracao], [c].[imgSistema], [c].[nomeMenu]
      FROM [cadConfiguracao] AS [c]
info: Microsoft.EntityFrameworkCore.Database.Command[20101]
      Executed DbCommand (0ms) [Parameters=[], CommandType='Text', CommandTimeout='30']
      SELECT TOP(1) [c].[cdConfiguracao], [c].[imgSistema], [c].[nomeMenu]
      FROM [cadConfiguracao] AS [c]
info: Microsoft.EntityFrameworkCore.Database.Command[20101]
      Executed DbCommand (0ms) [Parameters=[], CommandType='Text', CommandTimeout='30']
      SELECT TOP(1) [c].[cdConfiguracao], [c].[imgSistema], [c].[nomeMenu]
      FROM [cadConfiguracao] AS [c]
info: Microsoft.EntityFrameworkCore.Database.Command[20101]
      Executed DbCommand (0ms) [Parameters=[], CommandType='Text', CommandTimeout='30']
      SELECT TOP(1) [c].[cdConfiguracao], [c].[imgSistema], [c].[nomeMenu]
      FROM [cadConfiguracao] AS [c]
info: Microsoft.EntityFrameworkCore.Database.Command[20101]
      Executed DbCommand (0ms) [Parameters=[], CommandType='Text', CommandTimeout='30']
      SELECT TOP(1) [c].[cdConfiguracao], [c].[imgSistema], [c].[nomeMenu]
      FROM [cadConfiguracao] AS [c]
info: Microsoft.EntityFrameworkCore.Database.Command[20101]
      Executed DbCommand (0ms) [Parameters=[], CommandType='Text', CommandTimeout='30']
      SELECT TOP(1) [c].[cdConfiguracao], [c].[imgSistema], [c].[nomeMenu]
      FROM [cadConfiguracao] AS [c]
info: Microsoft.EntityFrameworkCore.Database.Command[20101]
      Executed DbCommand (0ms) [Parameters=[], CommandType='Text', CommandTimeout='30']
      SELECT TOP(1) [c].[cdConfiguracao], [c].[imgSistema], [c].[nomeMenu]
      FROM [cadConfiguracao] AS [c]
info: Microsoft.EntityFrameworkCore.Database.Command[20101]
      Executed DbCommand (0ms) [Parameters=[], CommandType='Text', CommandTimeout='30']
      SELECT TOP(1) [c].[cdConfiguracao], [c].[imgSistema], [c].[nomeMenu]
      FROM [cadConfiguracao] AS [c]
info: Microsoft.EntityFrameworkCore.Database.Command[20101]
      Executed DbCommand (0ms) [Parameters=[], CommandType='Text', CommandTimeout='30']
      SELECT TOP(1) [c].[cdConfiguracao], [c].[imgSistema], [c].[nomeMenu]
      FROM [cadConfiguracao] AS [c]
info: Microsoft.EntityFrameworkCore.Database.Command[20101]
      Executed DbCommand (0ms) [Parameters=[], CommandType='Text', CommandTimeout='30']
      SELECT TOP(1) [c].[cdConfiguracao], [c].[imgSistema], [c].[nomeMenu]
      FROM [cadConfiguracao] AS [c]
info: Microsoft.EntityFrameworkCore.Database.Command[20101]
      Executed DbCommand (0ms) [Parameters=[], CommandType='Text', CommandTimeout='30']
      SELECT TOP(1) [c].[cdConfiguracao], [c].[imgSistema], [c].[nomeMenu]
      FROM [cadConfiguracao] AS [c]
info: Microsoft.EntityFrameworkCore.Database.Command[20101]
      Executed DbCommand (0ms) [Parameters=[], CommandType='Text', CommandTimeout='30']
      SELECT TOP(1) [c].[cdConfiguracao], [c].[imgSistema], [c].[nomeMenu]
      FROM [cadConfiguracao] AS [c]
info: Microsoft.EntityFrameworkCore.Database.Command[20101]
      Executed DbCommand (0ms) [Parameters=[], CommandType='Text', CommandTimeout='30']
      SELECT TOP(1) [c].[cdConfiguracao], [c].[imgSistema], [c].[nomeMenu]
      FROM [cadConfiguracao] AS [c]
info: Microsoft.EntityFrameworkCore.Database.Command[20101]
      Executed DbCommand (0ms) [Parameters=[], CommandType='Text', CommandTimeout='30']
      SELECT TOP(1) [c].[cdConfiguracao], [c].[imgSistema], [c].[nomeMenu]
      FROM [cadConfiguracao] AS [c]
info: Microsoft.EntityFrameworkCore.Database.Command[20101]
      Executed DbCommand (0ms) [Parameters=[], CommandType='Text', CommandTimeout='30']
      SELECT TOP(1) [c].[cdConfiguracao], [c].[imgSistema], [c].[nomeMenu]
      FROM [cadConfiguracao] AS [c]
info: Microsoft.EntityFrameworkCore.Database.Command[20101]
      Executed DbCommand (0ms) [Parameters=[], CommandType='Text', CommandTimeout='30']
      SELECT TOP(1) [c].[cdConfiguracao], [c].[imgSistema], [c].[nomeMenu]
      FROM [cadConfiguracao] AS [c]
info: Microsoft.EntityFrameworkCore.Database.Command[20101]
      Executed DbCommand (0ms) [Parameters=[], CommandType='Text', CommandTimeout='30']
      SELECT TOP(1) [c].[cdConfiguracao], [c].[imgSistema], [c].[nomeMenu]
      FROM [cadConfiguracao] AS [c]
info: Microsoft.EntityFrameworkCore.Database.Command[20101]
      Executed DbCommand (0ms) [Parameters=[], CommandType='Text', CommandTimeout='30']
      SELECT TOP(1) [c].[cdConfiguracao], [c].[imgSistema], [c].[nomeMenu]
      FROM [cadConfiguracao] AS [c]
info: Microsoft.EntityFrameworkCore.Database.Command[20101]
      Executed DbCommand (0ms) [Parameters=[], CommandType='Text', CommandTimeout='30']
      SELECT TOP(1) [c].[cdConfiguracao], [c].[imgSistema], [c].[nomeMenu]
      FROM [cadConfiguracao] AS [c]
info: Microsoft.EntityFrameworkCore.Database.Command[20101]
      Executed DbCommand (0ms) [Parameters=[], CommandType='Text', CommandTimeout='30']
      SELECT TOP(1) [c].[cdConfiguracao], [c].[imgSistema], [c].[nomeMenu]
      FROM [cadConfiguracao] AS [c]
info: Microsoft.EntityFrameworkCore.Database.Command[20101]
      Executed DbCommand (0ms) [Parameters=[], CommandType='Text', CommandTimeout='30']
      SELECT TOP(1) [c].[cdConfiguracao], [c].[imgSistema], [c].[nomeMenu]
      FROM [cadConfiguracao] AS [c]
info: Microsoft.EntityFrameworkCore.Database.Command[20101]
      Executed DbCommand (0ms) [Parameters=[], CommandType='Text', CommandTimeout='30']
      SELECT TOP(1) [c].[cdConfiguracao], [c].[imgSistema], [c].[nomeMenu]
      FROM [cadConfiguracao] AS [c]
info: Microsoft.EntityFrameworkCore.Database.Command[20101]
      Executed DbCommand (0ms) [Parameters=[], CommandType='Text', CommandTimeout='30']
      SELECT TOP(1) [c].[cdConfiguracao], [c].[imgSistema], [c].[nomeMenu]
      FROM [cadConfiguracao] AS [c]
info: Microsoft.EntityFrameworkCore.Database.Command[20101]
      Executed DbCommand (0ms) [Parameters=[], CommandType='Text', CommandTimeout='30']
      SELECT TOP(1) [c].[cdConfiguracao], [c].[imgSistema], [c].[nomeMenu]
      FROM [cadConfiguracao] AS [c]
info: Microsoft.EntityFrameworkCore.Database.Command[20101]
      Executed DbCommand (0ms) [Parameters=[], CommandType='Text', CommandTimeout='30']
      SELECT TOP(1) [c].[cdConfiguracao], [c].[imgSistema], [c].[nomeMenu]
      FROM [cadConfiguracao] AS [c]
info: Microsoft.EntityFrameworkCore.Database.Command[20101]
      Executed DbCommand (0ms) [Parameters=[], CommandType='Text', CommandTimeout='30']
      SELECT TOP(1) [c].[cdConfiguracao], [c].[imgSistema], [c].[nomeMenu]
      FROM [cadConfiguracao] AS [c]
info: Microsoft.EntityFrameworkCore.Database.Command[20101]
      Executed DbCommand (0ms) [Parameters=[], CommandType='Text', CommandTimeout='30']
      SELECT TOP(1) [c].[cdConfiguracao], [c].[imgSistema], [c].[nomeMenu]
      FROM [cadConfiguracao] AS [c]
info: Microsoft.EntityFrameworkCore.Database.Command[20101]
      Executed DbCommand (0ms) [Parameters=[], CommandType='Text', CommandTimeout='30']
      SELECT TOP(1) [c].[cdConfiguracao], [c].[imgSistema], [c].[nomeMenu]
      FROM [cadConfiguracao] AS [c]
info: Microsoft.EntityFrameworkCore.Database.Command[20101]
      Executed DbCommand (0ms) [Parameters=[], CommandType='Text', CommandTimeout='30']
      SELECT TOP(1) [c].[cdConfiguracao], [c].[imgSistema], [c].[nomeMenu]
      FROM [cadConfiguracao] AS [c]
info: Microsoft.EntityFrameworkCore.Database.Command[20101]
      Executed DbCommand (0ms) [Parameters=[], CommandType='Text', CommandTimeout='30']
      SELECT TOP(1) [c].[cdConfiguracao], [c].[imgSistema], [c].[nomeMenu]
      FROM [cadConfiguracao] AS [c]
info: Microsoft.EntityFrameworkCore.Database.Command[20101]
      Executed DbCommand (0ms) [Parameters=[], CommandType='Text', CommandTimeout='30']
      SELECT TOP(1) [c].[cdConfiguracao], [c].[imgSistema], [c].[nomeMenu]
      FROM [cadConfiguracao] AS [c]
info: Microsoft.EntityFrameworkCore.Database.Command[20101]
      Executed DbCommand (0ms) [Parameters=[], CommandType='Text', CommandTimeout='30']
      SELECT TOP(1) [c].[cdConfiguracao], [c].[imgSistema], [c].[nomeMenu]
      FROM [cadConfiguracao] AS [c]
info: Microsoft.EntityFrameworkCore.Database.Command[20101]
      Executed DbCommand (0ms) [Parameters=[], CommandType='Text', CommandTimeout='30']
      SELECT TOP(1) [c].[cdConfiguracao], [c].[imgSistema], [c].[nomeMenu]
      FROM [cadConfiguracao] AS [c]
info: Microsoft.EntityFrameworkCore.Database.Command[20101]
      Executed DbCommand (0ms) [Parameters=[], CommandType='Text', CommandTimeout='30']
      SELECT TOP(1) [c].[cdConfiguracao], [c].[imgSistema], [c].[nomeMenu]
      FROM [cadConfiguracao] AS [c]
info: Microsoft.EntityFrameworkCore.Database.Command[20101]
      Executed DbCommand (0ms) [Parameters=[], CommandType='Text', CommandTimeout='30']
      SELECT TOP(1) [c].[cdConfiguracao], [c].[imgSistema], [c].[nomeMenu]
      FROM [cadConfiguracao] AS [c]
info: Microsoft.EntityFrameworkCore.Database.Command[20101]
      Executed DbCommand (0ms) [Parameters=[], CommandType='Text', CommandTimeout='30']
      SELECT TOP(1) [c].[cdConfiguracao], [c].[imgSistema], [c].[nomeMenu]
      FROM [cadConfiguracao] AS [c]
info: Microsoft.EntityFrameworkCore.Database.Command[20101]
      Executed DbCommand (0ms) [Parameters=[], CommandType='Text', CommandTimeout='30']
      SELECT TOP(1) [c].[cdConfiguracao], [c].[imgSistema], [c].[nomeMenu]
      FROM [cadConfiguracao] AS [c]
info: Microsoft.EntityFrameworkCore.Database.Command[20101]
      Executed DbCommand (0ms) [Parameters=[], CommandType='Text', CommandTimeout='30']
      SELECT TOP(1) [c].[cdConfiguracao], [c].[imgSistema], [c].[nomeMenu]
      FROM [cadConfiguracao] AS [c]
info: Microsoft.EntityFrameworkCore.Database.Command[20101]
      Executed DbCommand (0ms) [Parameters=[], CommandType='Text', CommandTimeout='30']
      SELECT TOP(1) [c].[cdConfiguracao], [c].[imgSistema], [c].[nomeMenu]
      FROM [cadConfiguracao] AS [c]
info: Microsoft.EntityFrameworkCore.Database.Command[20101]
      Executed DbCommand (0ms) [Parameters=[], CommandType='Text', CommandTimeout='30']
      SELECT TOP(1) [c].[cdConfiguracao], [c].[imgSistema], [c].[nomeMenu]
      FROM [cadConfiguracao] AS [c]
info: Microsoft.EntityFrameworkCore.Database.Command[20101]
      Executed DbCommand (0ms) [Parameters=[], CommandType='Text', CommandTimeout='30']
      SELECT TOP(1) [c].[cdConfiguracao], [c].[imgSistema], [c].[nomeMenu]
      FROM [cadConfiguracao] AS [c]
info: Microsoft.EntityFrameworkCore.Database.Command[20101]
      Executed DbCommand (0ms) [Parameters=[], CommandType='Text', CommandTimeout='30']
      SELECT TOP(1) [c].[cdConfiguracao], [c].[imgSistema], [c].[nomeMenu]
      FROM [cadConfiguracao] AS [c]
info: Microsoft.EntityFrameworkCore.Database.Command[20101]
      Executed DbCommand (0ms) [Parameters=[], CommandType='Text', CommandTimeout='30']
      SELECT TOP(1) [c].[cdConfiguracao], [c].[imgSistema], [c].[nomeMenu]
      FROM [cadConfiguracao] AS [c]
info: Microsoft.EntityFrameworkCore.Database.Command[20101]
      Executed DbCommand (0ms) [Parameters=[], CommandType='Text', CommandTimeout='30']
      SELECT TOP(1) [c].[cdConfiguracao], [c].[imgSistema], [c].[nomeMenu]
      FROM [cadConfiguracao] AS [c]
info: Microsoft.EntityFrameworkCore.Database.Command[20101]
      Executed DbCommand (0ms) [Parameters=[], CommandType='Text', CommandTimeout='30']
      SELECT TOP(1) [c].[cdConfiguracao], [c].[imgSistema], [c].[nomeMenu]
      FROM [cadConfiguracao] AS [c]
info: Microsoft.EntityFrameworkCore.Database.Command[20101]
      Executed DbCommand (0ms) [Parameters=[], CommandType='Text', CommandTimeout='30']
      SELECT TOP(1) [c].[cdConfiguracao], [c].[imgSistema], [c].[nomeMenu]
      FROM [cadConfiguracao] AS [c]
info: Microsoft.EntityFrameworkCore.Database.Command[20101]
      Executed DbCommand (0ms) [Parameters=[], CommandType='Text', CommandTimeout='30']
      SELECT TOP(1) [c].[cdConfiguracao], [c].[imgSistema], [c].[nomeMenu]
      FROM [cadConfiguracao] AS [c]
info: Microsoft.EntityFrameworkCore.Database.Command[20101]
      Executed DbCommand (0ms) [Parameters=[], CommandType='Text', CommandTimeout='30']
      SELECT TOP(1) [c].[cdConfiguracao], [c].[imgSistema], [c].[nomeMenu]
      FROM [cadConfiguracao] AS [c]
info: Microsoft.EntityFrameworkCore.Database.Command[20101]
      Executed DbCommand (0ms) [Parameters=[], CommandType='Text', CommandTimeout='30']
      SELECT TOP(1) [c].[cdConfiguracao], [c].[imgSistema], [c].[nomeMenu]
      FROM [cadConfiguracao] AS [c]
info: Microsoft.EntityFrameworkCore.Database.Command[20101]
      Executed DbCommand (0ms) [Parameters=[], CommandType='Text', CommandTimeout='30']
      SELECT TOP(1) [c].[cdConfiguracao], [c].[imgSistema], [c].[nomeMenu]
      FROM [cadConfiguracao] AS [c]
info: Microsoft.EntityFrameworkCore.Database.Command[20101]
      Executed DbCommand (0ms) [Parameters=[], CommandType='Text', CommandTimeout='30']
      SELECT TOP(1) [c].[cdConfiguracao], [c].[imgSistema], [c].[nomeMenu]
      FROM [cadConfiguracao] AS [c]
info: Microsoft.EntityFrameworkCore.Database.Command[20101]
      Executed DbCommand (0ms) [Parameters=[], CommandType='Text', CommandTimeout='30']
      SELECT TOP(1) [c].[cdConfiguracao], [c].[imgSistema], [c].[nomeMenu]
      FROM [cadConfiguracao] AS [c]
info: Microsoft.EntityFrameworkCore.Database.Command[20101]
      Executed DbCommand (0ms) [Parameters=[], CommandType='Text', CommandTimeout='30']
      SELECT TOP(1) [c].[cdConfiguracao], [c].[imgSistema], [c].[nomeMenu]
      FROM [cadConfiguracao] AS [c]
info: Microsoft.EntityFrameworkCore.Database.Command[20101]
      Executed DbCommand (0ms) [Parameters=[], CommandType='Text', CommandTimeout='30']
      SELECT TOP(1) [c].[cdConfiguracao], [c].[imgSistema], [c].[nomeMenu]
      FROM [cadConfiguracao] AS [c]
info: Microsoft.EntityFrameworkCore.Database.Command[20101]
      Executed DbCommand (0ms) [Parameters=[], CommandType='Text', CommandTimeout='30']
      SELECT TOP(1) [c].[cdConfiguracao], [c].[imgSistema], [c].[nomeMenu]
      FROM [cadConfiguracao] AS [c]
info: Microsoft.EntityFrameworkCore.Database.Command[20101]
      Executed DbCommand (0ms) [Parameters=[], CommandType='Text', CommandTimeout='30']
      SELECT TOP(1) [c].[cdConfiguracao], [c].[imgSistema], [c].[nomeMenu]
      FROM [cadConfiguracao] AS [c]
info: Microsoft.EntityFrameworkCore.Database.Command[20101]
      Executed DbCommand (0ms) [Parameters=[], CommandType='Text', CommandTimeout='30']
      SELECT TOP(1) [c].[cdConfiguracao], [c].[imgSistema], [c].[nomeMenu]
      FROM [cadConfiguracao] AS [c]
info: Microsoft.EntityFrameworkCore.Database.Command[20101]
      Executed DbCommand (0ms) [Parameters=[], CommandType='Text', CommandTimeout='30']
      SELECT TOP(1) [c].[cdConfiguracao], [c].[imgSistema], [c].[nomeMenu]
      FROM [cadConfiguracao] AS [c]
info: Microsoft.EntityFrameworkCore.Database.Command[20101]
      Executed DbCommand (0ms) [Parameters=[], CommandType='Text', CommandTimeout='30']
      SELECT TOP(1) [c].[cdConfiguracao], [c].[imgSistema], [c].[nomeMenu]
      FROM [cadConfiguracao] AS [c]
info: Microsoft.EntityFrameworkCore.Database.Command[20101]
      Executed DbCommand (0ms) [Parameters=[], CommandType='Text', CommandTimeout='30']
      SELECT TOP(1) [c].[cdConfiguracao], [c].[imgSistema], [c].[nomeMenu]
      FROM [cadConfiguracao] AS [c]
info: Microsoft.EntityFrameworkCore.Database.Command[20101]
      Executed DbCommand (0ms) [Parameters=[], CommandType='Text', CommandTimeout='30']
      SELECT TOP(1) [c].[cdConfiguracao], [c].[imgSistema], [c].[nomeMenu]
      FROM [cadConfiguracao] AS [c]
info: Microsoft.EntityFrameworkCore.Database.Command[20101]
      Executed DbCommand (0ms) [Parameters=[], CommandType='Text', CommandTimeout='30']
      SELECT TOP(1) [c].[cdConfiguracao], [c].[imgSistema], [c].[nomeMenu]
      FROM [cadConfiguracao] AS [c]
info: Microsoft.EntityFrameworkCore.Database.Command[20101]
      Executed DbCommand (0ms) [Parameters=[], CommandType='Text', CommandTimeout='30']
      SELECT TOP(1) [c].[cdConfiguracao], [c].[imgSistema], [c].[nomeMenu]
      FROM [cadConfiguracao] AS [c]
info: Microsoft.EntityFrameworkCore.Database.Command[20101]
      Executed DbCommand (0ms) [Parameters=[], CommandType='Text', CommandTimeout='30']
      SELECT TOP(1) [c].[cdConfiguracao], [c].[imgSistema], [c].[nomeMenu]
      FROM [cadConfiguracao] AS [c]
info: Microsoft.EntityFrameworkCore.Database.Command[20101]
      Executed DbCommand (0ms) [Parameters=[], CommandType='Text', CommandTimeout='30']
      SELECT TOP(1) [c].[cdConfiguracao], [c].[imgSistema], [c].[nomeMenu]
      FROM [cadConfiguracao] AS [c]
info: Microsoft.EntityFrameworkCore.Database.Command[20101]
      Executed DbCommand (0ms) [Parameters=[], CommandType='Text', CommandTimeout='30']
      SELECT TOP(1) [c].[cdConfiguracao], [c].[imgSistema], [c].[nomeMenu]
      FROM [cadConfiguracao] AS [c]
info: Microsoft.EntityFrameworkCore.Database.Command[20101]
      Executed DbCommand (0ms) [Parameters=[], CommandType='Text', CommandTimeout='30']
      SELECT TOP(1) [c].[cdConfiguracao], [c].[imgSistema], [c].[nomeMenu]
      FROM [cadConfiguracao] AS [c]
info: Microsoft.EntityFrameworkCore.Database.Command[20101]
      Executed DbCommand (0ms) [Parameters=[], CommandType='Text', CommandTimeout='30']
      SELECT TOP(1) [c].[cdConfiguracao], [c].[imgSistema], [c].[nomeMenu]
      FROM [cadConfiguracao] AS [c]
info: Microsoft.EntityFrameworkCore.Database.Command[20101]
      Executed DbCommand (2ms) [Parameters=[@__configuracao_cdConfiguracao_0='?' (DbType = Int32)], CommandType='Text', CommandTimeout='30']
      SELECT TOP(1) [c].[cdConfiguracao], [c].[imgSistema], [c].[nomeMenu]
      FROM [cadConfiguracao] AS [c]
      WHERE [c].[cdConfiguracao] = @__configuracao_cdConfiguracao_0
info: Microsoft.EntityFrameworkCore.Database.Command[20101]
      Executed DbCommand (0ms) [Parameters=[@__configuracao_cdConfiguracao_0='?' (DbType = Int32)], CommandType='Text', CommandTimeout='30']
      SELECT TOP(1) [c].[cdConfiguracao], [c].[imgSistema], [c].[nomeMenu]
      FROM [cadConfiguracao] AS [c]
      WHERE [c].[cdConfiguracao] = @__configuracao_cdConfiguracao_0
info: Microsoft.EntityFrameworkCore.Database.Command[20101]
      Executed DbCommand (1ms) [Parameters=[], CommandType='Text', CommandTimeout='30']
      SELECT TOP(1) [c].[cdConfiguracao], [c].[imgSistema], [c].[nomeMenu]
      FROM [cadConfiguracao] AS [c]
info: Microsoft.EntityFrameworkCore.Database.Command[20101]
      Executed DbCommand (0ms) [Parameters=[], CommandType='Text', CommandTimeout='30']
      SELECT TOP(1) [c].[cdConfiguracao], [c].[imgSistema], [c].[nomeMenu]
      FROM [cadConfiguracao] AS [c]
info: Microsoft.EntityFrameworkCore.Database.Command[20101]
      Executed DbCommand (0ms) [Parameters=[], CommandType='Text', CommandTimeout='30']
      SELECT TOP(1) [c].[cdConfiguracao], [c].[imgSistema], [c].[nomeMenu]
      FROM [cadConfiguracao] AS [c]
info: Microsoft.EntityFrameworkCore.Database.Command[20101]
      Executed DbCommand (0ms) [Parameters=[], CommandType='Text', CommandTimeout='30']
      SELECT TOP(1) [c].[cdConfiguracao], [c].[imgSistema], [c].[nomeMenu]
      FROM [cadConfiguracao] AS [c]
info: Microsoft.EntityFrameworkCore.Database.Command[20101]
      Executed DbCommand (0ms) [Parameters=[], CommandType='Text', CommandTimeout='30']
      SELECT TOP(1) [c].[cdConfiguracao], [c].[imgSistema], [c].[nomeMenu]
      FROM [cadConfiguracao] AS [c]
info: Microsoft.EntityFrameworkCore.Database.Command[20101]
      Executed DbCommand (0ms) [Parameters=[], CommandType='Text', CommandTimeout='30']
      SELECT TOP(1) [c].[cdConfiguracao], [c].[imgSistema], [c].[nomeMenu]
      FROM [cadConfiguracao] AS [c]
info: Microsoft.EntityFrameworkCore.Database.Command[20101]
      Executed DbCommand (0ms) [Parameters=[], CommandType='Text', CommandTimeout='30']
      SELECT TOP(1) [c].[cdConfiguracao], [c].[imgSistema], [c].[nomeMenu]
      FROM [cadConfiguracao] AS [c]
info: Microsoft.EntityFrameworkCore.Database.Command[20101]
      Executed DbCommand (0ms) [Parameters=[], CommandType='Text', CommandTimeout='30']
      SELECT TOP(1) [c].[cdConfiguracao], [c].[imgSistema], [c].[nomeMenu]
      FROM [cadConfiguracao] AS [c]
info: Microsoft.EntityFrameworkCore.Database.Command[20101]
      Executed DbCommand (0ms) [Parameters=[], CommandType='Text', CommandTimeout='30']
      SELECT TOP(1) [c].[cdConfiguracao], [c].[imgSistema], [c].[nomeMenu]
      FROM [cadConfiguracao] AS [c]
info: Microsoft.EntityFrameworkCore.Database.Command[20101]
      Executed DbCommand (0ms) [Parameters=[], CommandType='Text', CommandTimeout='30']
      SELECT TOP(1) [c].[cdConfiguracao], [c].[imgSistema], [c].[nomeMenu]
      FROM [cadConfiguracao] AS [c]
info: Microsoft.EntityFrameworkCore.Database.Command[20101]
      Executed DbCommand (0ms) [Parameters=[], CommandType='Text', CommandTimeout='30']
      SELECT TOP(1) [c].[cdConfiguracao], [c].[imgSistema], [c].[nomeMenu]
      FROM [cadConfiguracao] AS [c]
info: Microsoft.EntityFrameworkCore.Database.Command[20101]
      Executed DbCommand (0ms) [Parameters=[], CommandType='Text', CommandTimeout='30']
      SELECT TOP(1) [c].[cdConfiguracao], [c].[imgSistema], [c].[nomeMenu]
      FROM [cadConfiguracao] AS [c]
info: Microsoft.EntityFrameworkCore.Database.Command[20101]
      Executed DbCommand (0ms) [Parameters=[], CommandType='Text', CommandTimeout='30']
      SELECT TOP(1) [c].[cdConfiguracao], [c].[imgSistema], [c].[nomeMenu]
      FROM [cadConfiguracao] AS [c]
info: Microsoft.EntityFrameworkCore.Database.Command[20101]
      Executed DbCommand (0ms) [Parameters=[], CommandType='Text', CommandTimeout='30']
      SELECT TOP(1) [c].[cdConfiguracao], [c].[imgSistema], [c].[nomeMenu]
      FROM [cadConfiguracao] AS [c]
info: Microsoft.EntityFrameworkCore.Database.Command[20101]
      Executed DbCommand (0ms) [Parameters=[], CommandType='Text', CommandTimeout='30']
      SELECT TOP(1) [c].[cdConfiguracao], [c].[imgSistema], [c].[nomeMenu]
      FROM [cadConfiguracao] AS [c]
info: Microsoft.EntityFrameworkCore.Database.Command[20101]
      Executed DbCommand (0ms) [Parameters=[], CommandType='Text', CommandTimeout='30']
      SELECT TOP(1) [c].[cdConfiguracao], [c].[imgSistema], [c].[nomeMenu]
      FROM [cadConfiguracao] AS [c]
info: Microsoft.EntityFrameworkCore.Database.Command[20101]
      Executed DbCommand (0ms) [Parameters=[], CommandType='Text', CommandTimeout='30']
      SELECT TOP(1) [c].[cdConfiguracao], [c].[imgSistema], [c].[nomeMenu]
      FROM [cadConfiguracao] AS [c]
info: Microsoft.EntityFrameworkCore.Database.Command[20101]
      Executed DbCommand (0ms) [Parameters=[], CommandType='Text', CommandTimeout='30']
      SELECT TOP(1) [c].[cdConfiguracao], [c].[imgSistema], [c].[nomeMenu]
      FROM [cadConfiguracao] AS [c]
info: Microsoft.EntityFrameworkCore.Database.Command[20101]
      Executed DbCommand (0ms) [Parameters=[], CommandType='Text', CommandTimeout='30']
      SELECT TOP(1) [c].[cdConfiguracao], [c].[imgSistema], [c].[nomeMenu]
      FROM [cadConfiguracao] AS [c]
info: Microsoft.EntityFrameworkCore.Database.Command[20101]
      Executed DbCommand (2ms) [Parameters=[], CommandType='Text', CommandTimeout='30']
      SELECT TOP(1) [c].[cdConfiguracao], [c].[imgSistema], [c].[nomeMenu]
      FROM [cadConfiguracao] AS [c]
info: Microsoft.EntityFrameworkCore.Database.Command[20101]
      Executed DbCommand (0ms) [Parameters=[], CommandType='Text', CommandTimeout='30']
      SELECT TOP(1) [c].[cdConfiguracao], [c].[imgSistema], [c].[nomeMenu]
      FROM [cadConfiguracao] AS [c]
info: Microsoft.EntityFrameworkCore.Database.Command[20101]
      Executed DbCommand (0ms) [Parameters=[], CommandType='Text', CommandTimeout='30']
      SELECT TOP(1) [c].[cdConfiguracao], [c].[imgSistema], [c].[nomeMenu]
      FROM [cadConfiguracao] AS [c]
info: Microsoft.EntityFrameworkCore.Database.Command[20101]
      Executed DbCommand (0ms) [Parameters=[], CommandType='Text', CommandTimeout='30']
      SELECT TOP(1) [c].[cdConfiguracao], [c].[imgSistema], [c].[nomeMenu]
      FROM [cadConfiguracao] AS [c]
info: Microsoft.EntityFrameworkCore.Database.Command[20101]
      Executed DbCommand (0ms) [Parameters=[], CommandType='Text', CommandTimeout='30']
      SELECT TOP(1) [c].[cdConfiguracao], [c].[imgSistema], [c].[nomeMenu]
      FROM [cadConfiguracao] AS [c]
info: Microsoft.EntityFrameworkCore.Database.Command[20101]
      Executed DbCommand (0ms) [Parameters=[], CommandType='Text', CommandTimeout='30']
      SELECT TOP(1) [c].[cdConfiguracao], [c].[imgSistema], [c].[nomeMenu]
      FROM [cadConfiguracao] AS [c]
info: Microsoft.EntityFrameworkCore.Database.Command[20101]
      Executed DbCommand (0ms) [Parameters=[], CommandType='Text', CommandTimeout='30']
      SELECT TOP(1) [c].[cdConfiguracao], [c].[imgSistema], [c].[nomeMenu]
      FROM [cadConfiguracao] AS [c]
info: Microsoft.EntityFrameworkCore.Database.Command[20101]
      Executed DbCommand (0ms) [Parameters=[], CommandType='Text', CommandTimeout='30']
      SELECT TOP(1) [c].[cdConfiguracao], [c].[imgSistema], [c].[nomeMenu]
      FROM [cadConfiguracao] AS [c]
info: Microsoft.EntityFrameworkCore.Database.Command[20101]
      Executed DbCommand (0ms) [Parameters=[], CommandType='Text', CommandTimeout='30']
      SELECT TOP(1) [c].[cdConfiguracao], [c].[imgSistema], [c].[nomeMenu]
      FROM [cadConfiguracao] AS [c]
info: Microsoft.EntityFrameworkCore.Database.Command[20101]
      Executed DbCommand (0ms) [Parameters=[], CommandType='Text', CommandTimeout='30']
      SELECT TOP(1) [c].[cdConfiguracao], [c].[imgSistema], [c].[nomeMenu]
      FROM [cadConfiguracao] AS [c]
info: Microsoft.EntityFrameworkCore.Database.Command[20101]
      Executed DbCommand (0ms) [Parameters=[], CommandType='Text', CommandTimeout='30']
      SELECT TOP(1) [c].[cdConfiguracao], [c].[imgSistema], [c].[nomeMenu]
      FROM [cadConfiguracao] AS [c]
info: Microsoft.EntityFrameworkCore.Database.Command[20101]
      Executed DbCommand (0ms) [Parameters=[], CommandType='Text', CommandTimeout='30']
      SELECT TOP(1) [c].[cdConfiguracao], [c].[imgSistema], [c].[nomeMenu]
      FROM [cadConfiguracao] AS [c]
info: Microsoft.EntityFrameworkCore.Database.Command[20101]
      Executed DbCommand (0ms) [Parameters=[], CommandType='Text', CommandTimeout='30']
      SELECT TOP(1) [c].[cdConfiguracao], [c].[imgSistema], [c].[nomeMenu]
      FROM [cadConfiguracao] AS [c]
info: Microsoft.EntityFrameworkCore.Database.Command[20101]
      Executed DbCommand (0ms) [Parameters=[], CommandType='Text', CommandTimeout='30']
      SELECT TOP(1) [c].[cdConfiguracao], [c].[imgSistema], [c].[nomeMenu]
      FROM [cadConfiguracao] AS [c]
info: Microsoft.EntityFrameworkCore.Database.Command[20101]
      Executed DbCommand (0ms) [Parameters=[], CommandType='Text', CommandTimeout='30']
      SELECT TOP(1) [c].[cdConfiguracao], [c].[imgSistema], [c].[nomeMenu]
      FROM [cadConfiguracao] AS [c]
info: Microsoft.EntityFrameworkCore.Database.Command[20101]
      Executed DbCommand (0ms) [Parameters=[], CommandType='Text', CommandTimeout='30']
      SELECT TOP(1) [c].[cdConfiguracao], [c].[imgSistema], [c].[nomeMenu]
      FROM [cadConfiguracao] AS [c]
info: Microsoft.EntityFrameworkCore.Database.Command[20101]
      Executed DbCommand (0ms) [Parameters=[], CommandType='Text', CommandTimeout='30']
      SELECT TOP(1) [c].[cdConfiguracao], [c].[imgSistema], [c].[nomeMenu]
      FROM [cadConfiguracao] AS [c]
info: Microsoft.EntityFrameworkCore.Database.Command[20101]
      Executed DbCommand (0ms) [Parameters=[], CommandType='Text', CommandTimeout='30']
      SELECT TOP(1) [c].[cdConfiguracao], [c].[imgSistema], [c].[nomeMenu]
      FROM [cadConfiguracao] AS [c]
info: Microsoft.EntityFrameworkCore.Database.Command[20101]
      Executed DbCommand (0ms) [Parameters=[], CommandType='Text', CommandTimeout='30']
      SELECT TOP(1) [c].[cdConfiguracao], [c].[imgSistema], [c].[nomeMenu]
      FROM [cadConfiguracao] AS [c]
info: Microsoft.EntityFrameworkCore.Database.Command[20101]
      Executed DbCommand (0ms) [Parameters=[], CommandType='Text', CommandTimeout='30']
      SELECT TOP(1) [c].[cdConfiguracao], [c].[imgSistema], [c].[nomeMenu]
      FROM [cadConfiguracao] AS [c]
info: Microsoft.EntityFrameworkCore.Database.Command[20101]
      Executed DbCommand (0ms) [Parameters=[], CommandType='Text', CommandTimeout='30']
      SELECT TOP(1) [c].[cdConfiguracao], [c].[imgSistema], [c].[nomeMenu]
      FROM [cadConfiguracao] AS [c]
info: Microsoft.EntityFrameworkCore.Database.Command[20101]
      Executed DbCommand (0ms) [Parameters=[], CommandType='Text', CommandTimeout='30']
      SELECT TOP(1) [c].[cdConfiguracao], [c].[imgSistema], [c].[nomeMenu]
      FROM [cadConfiguracao] AS [c]
info: Microsoft.EntityFrameworkCore.Database.Command[20101]
      Executed DbCommand (0ms) [Parameters=[], CommandType='Text', CommandTimeout='30']
      SELECT TOP(1) [c].[cdConfiguracao], [c].[imgSistema], [c].[nomeMenu]
      FROM [cadConfiguracao] AS [c]
info: Microsoft.EntityFrameworkCore.Database.Command[20101]
      Executed DbCommand (0ms) [Parameters=[], CommandType='Text', CommandTimeout='30']
      SELECT TOP(1) [c].[cdConfiguracao], [c].[imgSistema], [c].[nomeMenu]
      FROM [cadConfiguracao] AS [c]
info: Microsoft.EntityFrameworkCore.Database.Command[20101]
      Executed DbCommand (0ms) [Parameters=[], CommandType='Text', CommandTimeout='30']
      SELECT TOP(1) [c].[cdConfiguracao], [c].[imgSistema], [c].[nomeMenu]
      FROM [cadConfiguracao] AS [c]
info: Microsoft.EntityFrameworkCore.Database.Command[20101]
      Executed DbCommand (0ms) [Parameters=[], CommandType='Text', CommandTimeout='30']
      SELECT TOP(1) [c].[cdConfiguracao], [c].[imgSistema], [c].[nomeMenu]
      FROM [cadConfiguracao] AS [c]
info: Microsoft.EntityFrameworkCore.Database.Command[20101]
      Executed DbCommand (0ms) [Parameters=[], CommandType='Text', CommandTimeout='30']
      SELECT TOP(1) [c].[cdConfiguracao], [c].[imgSistema], [c].[nomeMenu]
      FROM [cadConfiguracao] AS [c]
info: Microsoft.EntityFrameworkCore.Database.Command[20101]
      Executed DbCommand (0ms) [Parameters=[], CommandType='Text', CommandTimeout='30']
      SELECT TOP(1) [c].[cdConfiguracao], [c].[imgSistema], [c].[nomeMenu]
      FROM [cadConfiguracao] AS [c]
info: Microsoft.EntityFrameworkCore.Database.Command[20101]
      Executed DbCommand (0ms) [Parameters=[], CommandType='Text', CommandTimeout='30']
      SELECT TOP(1) [c].[cdConfiguracao], [c].[imgSistema], [c].[nomeMenu]
      FROM [cadConfiguracao] AS [c]
info: Microsoft.EntityFrameworkCore.Database.Command[20101]
      Executed DbCommand (0ms) [Parameters=[], CommandType='Text', CommandTimeout='30']
      SELECT TOP(1) [c].[cdConfiguracao], [c].[imgSistema], [c].[nomeMenu]
      FROM [cadConfiguracao] AS [c]
info: Microsoft.EntityFrameworkCore.Database.Command[20101]
      Executed DbCommand (0ms) [Parameters=[], CommandType='Text', CommandTimeout='30']
      SELECT TOP(1) [c].[cdConfiguracao], [c].[imgSistema], [c].[nomeMenu]
      FROM [cadConfiguracao] AS [c]
info: Microsoft.EntityFrameworkCore.Database.Command[20101]
      Executed DbCommand (0ms) [Parameters=[], CommandType='Text', CommandTimeout='30']
      SELECT TOP(1) [c].[cdConfiguracao], [c].[imgSistema], [c].[nomeMenu]
      FROM [cadConfiguracao] AS [c]
info: Microsoft.EntityFrameworkCore.Database.Command[20101]
      Executed DbCommand (0ms) [Parameters=[], CommandType='Text', CommandTimeout='30']
      SELECT TOP(1) [c].[cdConfiguracao], [c].[imgSistema], [c].[nomeMenu]
      FROM [cadConfiguracao] AS [c]
info: Microsoft.EntityFrameworkCore.Database.Command[20101]
      Executed DbCommand (0ms) [Parameters=[], CommandType='Text', CommandTimeout='30']
      SELECT TOP(1) [c].[cdConfiguracao], [c].[imgSistema], [c].[nomeMenu]
      FROM [cadConfiguracao] AS [c]
info: Microsoft.EntityFrameworkCore.Database.Command[20101]
      Executed DbCommand (0ms) [Parameters=[], CommandType='Text', CommandTimeout='30']
      SELECT TOP(1) [c].[cdConfiguracao], [c].[imgSistema], [c].[nomeMenu]
      FROM [cadConfiguracao] AS [c]
info: Microsoft.EntityFrameworkCore.Database.Command[20101]
      Executed DbCommand (0ms) [Parameters=[], CommandType='Text', CommandTimeout='30']
      SELECT TOP(1) [c].[cdConfiguracao], [c].[imgSistema], [c].[nomeMenu]
      FROM [cadConfiguracao] AS [c]
info: Microsoft.EntityFrameworkCore.Database.Command[20101]
      Executed DbCommand (0ms) [Parameters=[], CommandType='Text', CommandTimeout='30']
      SELECT TOP(1) [c].[cdConfiguracao], [c].[imgSistema], [c].[nomeMenu]
      FROM [cadConfiguracao] AS [c]
info: Microsoft.EntityFrameworkCore.Database.Command[20101]
      Executed DbCommand (0ms) [Parameters=[], CommandType='Text', CommandTimeout='30']
      SELECT TOP(1) [c].[cdConfiguracao], [c].[imgSistema], [c].[nomeMenu]
      FROM [cadConfiguracao] AS [c]
info: Microsoft.EntityFrameworkCore.Database.Command[20101]
      Executed DbCommand (0ms) [Parameters=[], CommandType='Text', CommandTimeout='30']
      SELECT TOP(1) [c].[cdConfiguracao], [c].[imgSistema], [c].[nomeMenu]
      FROM [cadConfiguracao] AS [c]
info: Microsoft.EntityFrameworkCore.Database.Command[20101]
      Executed DbCommand (0ms) [Parameters=[], CommandType='Text', CommandTimeout='30']
      SELECT TOP(1) [c].[cdConfiguracao], [c].[imgSistema], [c].[nomeMenu]
      FROM [cadConfiguracao] AS [c]
info: Microsoft.EntityFrameworkCore.Database.Command[20101]
      Executed DbCommand (1ms) [Parameters=[], CommandType='Text', CommandTimeout='30']
      SELECT TOP(1) [c].[cdConfiguracao], [c].[imgSistema], [c].[nomeMenu]
      FROM [cadConfiguracao] AS [c]
info: Microsoft.EntityFrameworkCore.Database.Command[20101]
      Executed DbCommand (1ms) [Parameters=[], CommandType='Text', CommandTimeout='30']
      SELECT TOP(1) [c].[cdConfiguracao], [c].[imgSistema], [c].[nomeMenu]
      FROM [cadConfiguracao] AS [c]
info: Microsoft.EntityFrameworkCore.Database.Command[20101]
      Executed DbCommand (1ms) [Parameters=[], CommandType='Text', CommandTimeout='30']
      SELECT TOP(1) [c].[cdConfiguracao], [c].[imgSistema], [c].[nomeMenu]
      FROM [cadConfiguracao] AS [c]
info: Microsoft.EntityFrameworkCore.Database.Command[20101]
      Executed DbCommand (1ms) [Parameters=[], CommandType='Text', CommandTimeout='30']
      SELECT TOP(1) [c].[cdConfiguracao], [c].[imgSistema], [c].[nomeMenu]
      FROM [cadConfiguracao] AS [c]
info: Microsoft.EntityFrameworkCore.Database.Command[20101]
      Executed DbCommand (1ms) [Parameters=[], CommandType='Text', CommandTimeout='30']
      SELECT TOP(1) [c].[cdConfiguracao], [c].[imgSistema], [c].[nomeMenu]
      FROM [cadConfiguracao] AS [c]
info: Microsoft.EntityFrameworkCore.Database.Command[20101]
      Executed DbCommand (0ms) [Parameters=[], CommandType='Text', CommandTimeout='30']
      SELECT TOP(1) [c].[cdConfiguracao], [c].[imgSistema], [c].[nomeMenu]
      FROM [cadConfiguracao] AS [c]
info: Microsoft.EntityFrameworkCore.Database.Command[20101]
      Executed DbCommand (0ms) [Parameters=[], CommandType='Text', CommandTimeout='30']
      SELECT TOP(1) [c].[cdConfiguracao], [c].[imgSistema], [c].[nomeMenu]
      FROM [cadConfiguracao] AS [c]
info: Microsoft.EntityFrameworkCore.Database.Command[20101]
      Executed DbCommand (0ms) [Parameters=[], CommandType='Text', CommandTimeout='30']
      SELECT TOP(1) [c].[cdConfiguracao], [c].[imgSistema], [c].[nomeMenu]
      FROM [cadConfiguracao] AS [c]
info: Microsoft.EntityFrameworkCore.Database.Command[20101]
      Executed DbCommand (0ms) [Parameters=[], CommandType='Text', CommandTimeout='30']
      SELECT TOP(1) [c].[cdConfiguracao], [c].[imgSistema], [c].[nomeMenu]
      FROM [cadConfiguracao] AS [c]
info: Microsoft.EntityFrameworkCore.Database.Command[20101]
      Executed DbCommand (0ms) [Parameters=[], CommandType='Text', CommandTimeout='30']
      SELECT TOP(1) [c].[cdConfiguracao], [c].[imgSistema], [c].[nomeMenu]
      FROM [cadConfiguracao] AS [c]
info: Microsoft.EntityFrameworkCore.Database.Command[20101]
      Executed DbCommand (0ms) [Parameters=[], CommandType='Text', CommandTimeout='30']
      SELECT TOP(1) [c].[cdConfiguracao], [c].[imgSistema], [c].[nomeMenu]
      FROM [cadConfiguracao] AS [c]
info: Microsoft.EntityFrameworkCore.Database.Command[20101]
      Executed DbCommand (0ms) [Parameters=[], CommandType='Text', CommandTimeout='30']
      SELECT TOP(1) [c].[cdConfiguracao], [c].[imgSistema], [c].[nomeMenu]
      FROM [cadConfiguracao] AS [c]
info: Microsoft.EntityFrameworkCore.Database.Command[20101]
      Executed DbCommand (0ms) [Parameters=[], CommandType='Text', CommandTimeout='30']
      SELECT TOP(1) [c].[cdConfiguracao], [c].[imgSistema], [c].[nomeMenu]
      FROM [cadConfiguracao] AS [c]
info: Microsoft.EntityFrameworkCore.Database.Command[20101]
      Executed DbCommand (0ms) [Parameters=[], CommandType='Text', CommandTimeout='30']
      SELECT TOP(1) [c].[cdConfiguracao], [c].[imgSistema], [c].[nomeMenu]
      FROM [cadConfiguracao] AS [c]
info: Microsoft.EntityFrameworkCore.Database.Command[20101]
      Executed DbCommand (0ms) [Parameters=[], CommandType='Text', CommandTimeout='30']
      SELECT TOP(1) [c].[cdConfiguracao], [c].[imgSistema], [c].[nomeMenu]
      FROM [cadConfiguracao] AS [c]
info: Microsoft.EntityFrameworkCore.Database.Command[20101]
      Executed DbCommand (0ms) [Parameters=[], CommandType='Text', CommandTimeout='30']
      SELECT TOP(1) [c].[cdConfiguracao], [c].[imgSistema], [c].[nomeMenu]
      FROM [cadConfiguracao] AS [c]
info: Microsoft.EntityFrameworkCore.Database.Command[20101]
      Executed DbCommand (0ms) [Parameters=[], CommandType='Text', CommandTimeout='30']
      SELECT TOP(1) [c].[cdConfiguracao], [c].[imgSistema], [c].[nomeMenu]
      FROM [cadConfiguracao] AS [c]
info: Microsoft.EntityFrameworkCore.Database.Command[20101]
      Executed DbCommand (0ms) [Parameters=[], CommandType='Text', CommandTimeout='30']
      SELECT TOP(1) [c].[cdConfiguracao], [c].[imgSistema], [c].[nomeMenu]
      FROM [cadConfiguracao] AS [c]
info: Microsoft.EntityFrameworkCore.Database.Command[20101]
      Executed DbCommand (0ms) [Parameters=[], CommandType='Text', CommandTimeout='30']
      SELECT TOP(1) [c].[cdConfiguracao], [c].[imgSistema], [c].[nomeMenu]
      FROM [cadConfiguracao] AS [c]
info: Microsoft.EntityFrameworkCore.Database.Command[20101]
      Executed DbCommand (0ms) [Parameters=[], CommandType='Text', CommandTimeout='30']
      SELECT TOP(1) [c].[cdConfiguracao], [c].[imgSistema], [c].[nomeMenu]
      FROM [cadConfiguracao] AS [c]
info: Microsoft.EntityFrameworkCore.Database.Command[20101]
      Executed DbCommand (0ms) [Parameters=[], CommandType='Text', CommandTimeout='30']
      SELECT TOP(1) [c].[cdConfiguracao], [c].[imgSistema], [c].[nomeMenu]
      FROM [cadConfiguracao] AS [c]
info: Microsoft.EntityFrameworkCore.Database.Command[20101]
      Executed DbCommand (0ms) [Parameters=[], CommandType='Text', CommandTimeout='30']
      SELECT TOP(1) [c].[cdConfiguracao], [c].[imgSistema], [c].[nomeMenu]
      FROM [cadConfiguracao] AS [c]
info: Microsoft.EntityFrameworkCore.Database.Command[20101]
      Executed DbCommand (0ms) [Parameters=[], CommandType='Text', CommandTimeout='30']
      SELECT TOP(1) [c].[cdConfiguracao], [c].[imgSistema], [c].[nomeMenu]
      FROM [cadConfiguracao] AS [c]
info: Microsoft.EntityFrameworkCore.Database.Command[20101]
      Executed DbCommand (0ms) [Parameters=[], CommandType='Text', CommandTimeout='30']
      SELECT TOP(1) [c].[cdConfiguracao], [c].[imgSistema], [c].[nomeMenu]
      FROM [cadConfiguracao] AS [c]
info: Microsoft.EntityFrameworkCore.Database.Command[20101]
      Executed DbCommand (0ms) [Parameters=[], CommandType='Text', CommandTimeout='30']
      SELECT TOP(1) [c].[cdConfiguracao], [c].[imgSistema], [c].[nomeMenu]
      FROM [cadConfiguracao] AS [c]
info: Microsoft.EntityFrameworkCore.Database.Command[20101]
      Executed DbCommand (0ms) [Parameters=[], CommandType='Text', CommandTimeout='30']
      SELECT TOP(1) [c].[cdConfiguracao], [c].[imgSistema], [c].[nomeMenu]
      FROM [cadConfiguracao] AS [c]
info: Microsoft.EntityFrameworkCore.Database.Command[20101]
      Executed DbCommand (0ms) [Parameters=[], CommandType='Text', CommandTimeout='30']
      SELECT TOP(1) [c].[cdConfiguracao], [c].[imgSistema], [c].[nomeMenu]
      FROM [cadConfiguracao] AS [c]
info: Microsoft.EntityFrameworkCore.Database.Command[20101]
      Executed DbCommand (1ms) [Parameters=[], CommandType='Text', CommandTimeout='30']
      SELECT TOP(1) [c].[cdConfiguracao], [c].[imgSistema], [c].[nomeMenu]
      FROM [cadConfiguracao] AS [c]
info: Microsoft.EntityFrameworkCore.Database.Command[20101]
   