info: Microsoft.Hosting.Lifetime[0]
      Application started. Press Ctrl+C to shut down.
info: Microsoft.Hosting.Lifetime[0]
      Hosting environment: Development
info: Microsoft.Hosting.Lifetime[0]
      Content root path: C:\Users\Arthur Cruz\Documents\projetos pessoais\ControleEstoque\ControleEstoque
info: Microsoft.EntityFrameworkCore.Database.Command[20101]
      Executed DbCommand (19ms) [Parameters=[], CommandType='Text', CommandTimeout='30']
      SELECT COUNT(*)
      FROM [cadProduto] AS [c]
info: Microsoft.EntityFrameworkCore.Database.Command[20101]
      Executed DbCommand (19ms) [Parameters=[], CommandType='Text', CommandTimeout='30']
      SELECT [c].[cdFornecedor], [c].[nmFornecedor]
      FROM [cadFornecedor] AS [c]
      WHERE [c].[ativo] = CAST(1 AS bit)
info: Microsoft.EntityFrameworkCore.Database.Command[20101]
      Executed DbCommand (1ms) [Parameters=[], CommandType='Text', CommandTimeout='30']
      SELECT COUNT(*)
      FROM [cadProduto] AS [c]
info: Microsoft.EntityFrameworkCore.Database.Command[20101]
      Executed DbCommand (0ms) [Parameters=[], CommandType='Text', CommandTimeout='30']
      SELECT [c].[cdFornecedor], [c].[nmFornecedor]
      FROM [cadFornecedor] AS [c]
      WHERE [c].[ativo] = CAST(1 AS bit)
info: Microsoft.EntityFrameworkCore.Database.Command[20101]
      Executed DbCommand (22ms) [Parameters=[@__p_0='?' (DbType = Int32), @__p_1='?' (DbType = Int32)], CommandType='Text', CommandTimeout='30']
      SELECT [t].[cdProduto], [t].[codigo], [t].[nmProduto], [t].[dsProduto], [t].[valorCompra], [t].[valorVenda], CASE
          WHEN [t].[dtCriacao] IS NOT NULL THEN CAST(1 AS bit)
          ELSE CAST(0 AS bit)
      END, [t].[dtCriacao], [t].[quantidade], [t].[tamanho], [c0].[nmFornecedor]
      FROM (
          SELECT [c].[cdProduto], [c].[cdFornecedor], [c].[codigo], [c].[dsProduto], [c].[dtCriacao], [c].[nmProduto], [c].[quantidade], [c].[tamanho], [c].[valorCompra], [c].[valorVenda]
          FROM [cadProduto] AS [c]
          ORDER BY [c].[cdProduto]
          OFFSET @__p_0 ROWS FETCH NEXT @__p_1 ROWS ONLY
      ) AS [t]
      INNER JOIN [cadFornecedor] AS [c0] ON [t].[cdFornecedor] = [c0].[cdFornecedor]
      ORDER BY [t].[cdProduto]
info: Microsoft.EntityFrameworkCore.Database.Command[20101]
      Executed DbCommand (0ms) [Parameters=[], CommandType='Text', CommandTimeout='30']
      SELECT COUNT(*)
      FROM [cadProduto] AS [c]
info: Microsoft.EntityFrameworkCore.Database.Command[20101]
      Executed DbCommand (1ms) [Parameters=[], CommandType='Text', CommandTimeout='30']
      SELECT COUNT(*)
      FROM [cadProduto] AS [c]
info: Microsoft.EntityFrameworkCore.Database.Command[20101]
      Executed DbCommand (0ms) [Parameters=[@__p_0='?' (DbType = Int32), @__p_1='?' (DbType = Int32)], CommandType='Text', CommandTimeout='30']
      SELECT [t].[cdProduto], [t].[codigo], [t].[nmProduto], [t].[dsProduto], [t].[valorCompra], [t].[valorVenda], CASE
          WHEN [t].[dtCriacao] IS NOT NULL THEN CAST(1 AS bit)
          ELSE CAST(0 AS bit)
      END, [t].[dtCriacao], [t].[quantidade], [t].[tamanho], [c0].[nmFornecedor]
      FROM (
          SELECT [c].[cdProduto], [c].[cdFornecedor], [c].[codigo], [c].[dsProduto], [c].[dtCriacao], [c].[nmProduto], [c].[quantidade], [c].[tamanho], [c].[valorCompra], [c].[valorVenda]
          FROM [cadProduto] AS [c]
          ORDER BY [c].[cdProduto]
          OFFSET @__p_0 ROWS FETCH NEXT @__p_1 ROWS ONLY
      ) AS [t]
      INNER JOIN [cadFornecedor] AS [c0] ON [t].[cdFornecedor] = [c0].[cdFornecedor]
      ORDER BY [t].[cdProduto]
info: Microsoft.EntityFrameworkCore.Database.Command[20101]
      Executed DbCommand (3ms) [Parameters=[@p0='?' (DbType = Int32), @p1='?' (Size = 4000), @p2='?' (Size = 4000), @p3='?' (DbType = DateTime), @p4='?' (Size = 4000), @p5='?' (DbType = Int32), @p6='?' (Size = 50) (DbType = AnsiString), @p7='?' (Precision = 18) (Scale = 2) (DbType = Decimal), @p8='?' (Precision = 18) (Scale = 2) (DbType = Decimal)], CommandType='Text', CommandTimeout='30']
      SET IMPLICIT_TRANSACTIONS OFF;
      SET NOCOUNT ON;
      INSERT INTO [cadProduto] ([cdFornecedor], [codigo], [dsProduto], [dtCriacao], [nmProduto], [quantidade], [tamanho], [valorCompra], [valorVenda])
      OUTPUT INSERTED.[cdProduto]
      VALUES (@p0, @p1, @p2, @p3, @p4, @p5, @p6, @p7, @p8);
info: Microsoft.EntityFrameworkCore.Database.Command[20101]
      Executed DbCommand (0ms) [Parameters=[], CommandType='Text', CommandTimeout='30']
      SELECT COUNT(*)
      FROM [cadProduto] AS [c]
info: Microsoft.EntityFrameworkCore.Database.Command[20101]
      Executed DbCommand (0ms) [Parameters=[], CommandType='Text', CommandTimeout='30']
      SELECT COUNT(*)
      FROM [cadProduto] AS [c]
info: Microsoft.EntityFrameworkCore.Database.Command[20101]
      Executed DbCommand (0ms) [Parameters=[@__p_0='?' (DbType = Int32), @__p_1='?' (DbType = Int32)], CommandType='Text', CommandTimeout='30']
      SELECT [t].[cdProduto], [t].[codigo], [t].[nmProduto], [t].[dsProduto], [t].[valorCompra], [t].[valorVenda], CASE
          WHEN [t].[dtCriacao] IS NOT NULL THEN CAST(1 AS bit)
          ELSE CAST(0 AS bit)
      END, [t].[dtCriacao], [t].[quantidade], [t].[tamanho], [c0].[nmFornecedor]
      FROM (
          SELECT [c].[cdProduto], [c].[cdFornecedor], [c].[codigo], [c].[dsProduto], [c].[dtCriacao], [c].[nmProduto], [c].[quantidade], [c].[tamanho], [c].[valorCompra], [c].[valorVenda]
          FROM [cadProduto] AS [c]
          ORDER BY [c].[cdProduto]
          OFFSET @__p_0 ROWS FETCH NEXT @__p_1 ROWS ONLY
      ) AS [t]
      INNER JOIN [cadFornecedor] AS [c0] ON [t].[cdFornecedor] = [c0].[cdFornecedor]
      ORDER BY [t].[cdProduto]
info: Microsoft.EntityFrameworkCore.Database.Command[20101]
      Executed DbCommand (4ms) [Parameters=[], CommandType='Text', CommandTimeout='30']
      SELECT COUNT(*)
      FROM [cadProduto] AS [c]
info: Microsoft.EntityFrameworkCore.Database.Command[20101]
      Executed DbCommand (6ms) [Parameters=[], CommandType='Text', CommandTimeout='30']
      SELECT [c].[cdFornecedor], [c].[nmFornecedor]
      FROM [cadFornecedor] AS [c]
      WHERE [c].[ativo] = CAST(1 AS bit)
info: Microsoft.EntityFrameworkCore.Database.Command[20101]
      Executed DbCommand (1ms) [Parameters=[], CommandType='Text', CommandTimeout='30']
      SELECT COUNT(*)
      FROM [cadProduto] AS [c]
info: Microsoft.EntityFrameworkCore.Database.Command[20101]
      Executed DbCommand (2ms) [Parameters=[@__p_0='?' (DbType = Int32), @__p_1='?' (DbType = Int32)], CommandType='Text', CommandTimeout='30']
      SELECT [t].[cdProduto], [t].[codigo], [t].[nmProduto], [t].[dsProduto], [t].[valorCompra], [t].[valorVenda], CASE
          WHEN [t].[dtCriacao] IS NOT NULL THEN CAST(1 AS bit)
          ELSE CAST(0 AS bit)
      END, [t].[dtCriacao], [t].[quantidade], [t].[tamanho], [c0].[nmFornecedor]
      FROM (
          SELECT [c].[cdProduto], [c].[cdFornecedor], [c].[codigo], [c].[dsProduto], [c].[dtCriacao], [c].[nmProduto], [c].[quantidade], [c].[tamanho], [c].[valorCompra], [c].[valorVenda]
          FROM [cadProduto] AS [c]
          ORDER BY [c].[cdProduto]
          OFFSET @__p_0 ROWS FETCH NEXT @__p_1 ROWS ONLY
      ) AS [t]
      INNER JOIN [cadFornecedor] AS [c0] ON [t].[cdFornecedor] = [c0].[cdFornecedor]
      ORDER BY [t].[cdProduto]
info: Microsoft.EntityFrameworkCore.Database.Command[20101]
      Executed DbCommand (0ms) [Parameters=[], CommandType='Text', CommandTimeout='30']
      SELECT [c].[cdFornecedor], [c].[nmFornecedor]
      FROM [cadFornecedor] AS [c]
      WHERE [c].[ativo] = CAST(1 AS bit)
info: Microsoft.EntityFrameworkCore.Database.Command[20101]
      Executed DbCommand (0ms) [Parameters=[], CommandType='Text', CommandTimeout='30']
      SELECT [c].[cdFornecedor], [c].[nmFornecedor]
      FROM [cadFornecedor] AS [c]
      WHERE [c].[ativo] = CAST(1 AS bit)
info: Microsoft.EntityFrameworkCore.Database.Command[20101]
      Executed DbCommand (0ms) [Parameters=[], CommandType='Text', CommandTimeout='30']
      SELECT COUNT(*)
      FROM [cadProduto] AS [c]
info: Microsoft.EntityFrameworkCore.Database.Command[20101]
      Executed DbCommand (0ms) [Parameters=[], CommandType='Text', CommandTimeout='30']
      SELECT COUNT(*)
      FROM [cadProduto] AS [c]
info: Microsoft.EntityFrameworkCore.Database.Command[20101]
      Executed DbCommand (0ms) [Parameters=[@__p_0='?' (DbType = Int32), @__p_1='?' (DbType = Int32)], CommandType='Text', CommandTimeout='30']
      SELECT [t].[cdProduto], [t].[codigo], [t].[nmProduto], [t].[dsProduto], [t].[valorCompra], [t].[valorVenda], CASE
          WHEN [t].[dtCriacao] IS NOT NULL THEN CAST(1 AS bit)
          ELSE CAST(0 AS bit)
      END, [t].[dtCriacao], [t].[quantidade], [t].[tamanho], [c0].[nmFornecedor]
      FROM (
          SELECT [c].[cdProduto], [c].[cdFornecedor], [c].[codigo], [c].[dsProduto], [c].[dtCriacao], [c].[nmProduto], [c].[quantidade], [c].[tamanho], [c].[valorCompra], [c].[valorVenda]
          FROM [cadProduto] AS [c]
          ORDER BY [c].[cdProduto]
          OFFSET @__p_0 ROWS FETCH NEXT @__p_1 ROWS ONLY
      ) AS [t]
      INNER JOIN [cadFornecedor] AS [c0] ON [t].[cdFornecedor] = [c0].[cdFornecedor]
      ORDER BY [t].[cdProduto]
info: Microsoft.EntityFrameworkCore.Database.Command[20101]
      Executed DbCommand (1ms) [Parameters=[], CommandType='Text', CommandTimeout='30']
      SELECT [c].[cdFornecedor], [c].[nmFornecedor]
      FROM [cadFornecedor] AS [c]
      WHERE [c].[ativo] = CAST(1 AS bit)
info: Microsoft.EntityFrameworkCore.Database.Command[20101]
      Executed DbCommand (4ms) [Parameters=[@__cd_0='?' (DbType = Int32)], CommandType='Text', CommandTimeout='30']
      SELECT TOP(1) [c].[cdProduto], [c].[cdFornecedor], [c].[codigo], [c].[dsProduto], [c].[dtCriacao], [c].[nmProduto], [c].[quantidade], [c].[tamanho], [c].[valorCompra], [c].[valorVenda]
      FROM [cadProduto] AS [c]
      WHERE [c].[cdProduto] = @__cd_0
info: Microsoft.EntityFrameworkCore.Database.Command[20101]
      Executed DbCommand (4ms) [Parameters=[], CommandType='Text', CommandTimeout='30']
      SELECT COUNT(*)
      FROM [cadProduto] AS [c]
info: Microsoft.EntityFrameworkCore.Database.Command[20101]
      Executed DbCommand (5ms) [Parameters=[], CommandType='Text', CommandTimeout='30']
      SELECT [c].[cdFornecedor], [c].[nmFornecedor]
      FROM [cadFornecedor] AS [c]
      WHERE [c].[ativo] = CAST(1 AS bit)
info: Microsoft.EntityFrameworkCore.Database.Command[20101]
      Executed DbCommand (1ms) [Parameters=[], CommandType='Text', CommandTimeout='30']
      SELECT COUNT(*)
      FROM [cadProduto] AS [c]
info: Microsoft.EntityFrameworkCore.Database.Command[20101]
      Executed DbCommand (3ms) [Parameters=[@__p_0='?' (DbType = Int32), @__p_1='?' (DbType = Int32)], CommandType='Text', CommandTimeout='30']
      SELECT [t].[cdProduto], [t].[codigo], [t].[nmProduto], [t].[dsProduto], [t].[valorCompra], [t].[valorVenda], CASE
          WHEN [t].[dtCriacao] IS NOT NULL THEN CAST(1 AS bit)
          ELSE CAST(0 AS bit)
      END, [t].[dtCriacao], [t].[quantidade], [t].[tamanho], [c0].[nmFornecedor]
      FROM (
          SELECT [c].[cdProduto], [c].[cdFornecedor], [c].[codigo], [c].[dsProduto], [c].[dtCriacao], [c].[nmProduto], [c].[quantidade], [c].[tamanho], [c].[valorCompra], [c].[valorVenda]
          FROM [cadProduto] AS [c]
          ORDER BY [c].[cdProduto]
          OFFSET @__p_0 ROWS FETCH NEXT @__p_1 ROWS ONLY
      ) AS [t]
      INNER JOIN [cadFornecedor] AS [c0] ON [t].[cdFornecedor] = [c0].[cdFornecedor]
      ORDER BY [t].[cdProduto]
info: Microsoft.EntityFrameworkCore.Database.Command[20101]
      Executed DbCommand (0ms) [Parameters=[], CommandType='Text', CommandTimeout='30']
      SELECT [c].[cdFornecedor], [c].[nmFornecedor]
      FROM [cadFornecedor] AS [c]
      WHERE [c].[ativo] = CAST(1 AS bit)
info: Microsoft.EntityFrameworkCore.Database.Command[20101]
      Executed DbCommand (0ms) [Parameters=[], CommandType='Text', CommandTimeout='30']
      SELECT [c].[cdFornecedor], [c].[nmFornecedor]
      FROM [cadFornecedor] AS [c]
      WHERE [c].[ativo] = CAST(1 AS bit)
info: Microsoft.EntityFrameworkCore.Database.Command[20101]
      Executed DbCommand (0ms) [Parameters=[], CommandType='Text', CommandTimeout='30']
      SELECT [c].[cdFornecedor], [c].[nmFornecedor]
      FROM [cadFornecedor] AS [c]
      WHERE [c].[ativo] = CAST(1 AS bit)
info: Microsoft.EntityFrameworkCore.Database.Command[20101]
      Executed DbCommand (0ms) [Parameters=[], CommandType='Text', CommandTimeout='30']
      SELECT COUNT(*)
      FROM [cadProduto] AS [c]
info: Microsoft.EntityFrameworkCore.Database.Command[20101]
      Executed DbCommand (0ms) [Parameters=[], CommandType='Text', CommandTimeout='30']
      SELECT COUNT(*)
      FROM [cadProduto] AS [c]
info: Microsoft.EntityFrameworkCore.Database.Command[20101]
      Executed DbCommand (0ms) [Parameters=[@__p_0='?' (DbType = Int32), @__p_1='?' (DbType = Int32)], CommandType='Text', CommandTimeout='30']
      SELECT [t].[cdProduto], [t].[codigo], [t].[nmProduto], [t].[dsProduto], [t].[valorCompra], [t].[valorVenda], CASE
          WHEN [t].[dtCriacao] IS NOT NULL THEN CAST(1 AS bit)
          ELSE CAST(0 AS bit)
      END, [t].[dtCriacao], [t].[quantidade], [t].[tamanho], [c0].[nmFornecedor]
      FROM (
          SELECT [c].[cdProduto], [c].[cdFornecedor], [c].[codigo], [c].[dsProduto], [c].[dtCriacao], [c].[nmProduto], [c].[quantidade], [c].[tamanho], [c].[valorCompra], [c].[valorVenda]
          FROM [cadProduto] AS [c]
          ORDER BY [c].[cdProduto]
          OFFSET @__p_0 ROWS FETCH NEXT @__p_1 ROWS ONLY
      ) AS [t]
      INNER JOIN [cadFornecedor] AS [c0] ON [t].[cdFornecedor] = [c0].[cdFornecedor]
      ORDER BY [t].[cdProduto]
info: Microsoft.EntityFrameworkCore.Database.Command[20101]
      Executed DbCommand (3ms) [Parameters=[@__cd_0='?' (DbType = Int32)], CommandType='Text', CommandTimeout='30']
      SELECT TOP(1) [c].[cdProduto], [c].[cdFornecedor], [c].[codigo], [c].[dsProduto], [c].[dtCriacao], [c].[nmProduto], [c].[quantidade], [c].[tamanho], [c].[valorCompra], [c].[valorVenda]
      FROM [cadProduto] AS [c]
      WHERE [c].[cdProduto] = @__cd_0
info: Microsoft.EntityFrameworkCore.Database.Command[20101]
      Executed DbCommand (1ms) [Parameters=[@__cd_0='?' (DbType = Int32)], CommandType='Text', CommandTimeout='30']
      SELECT TOP(1) [c].[cdProduto], [c].[cdFornecedor], [c].[codigo], [c].[dsProduto], [c].[dtCriacao], [c].[nmProduto], [c].[quantidade], [c].[tamanho], [c].[valorCompra], [c].[valorVenda]
      FROM [cadProduto] AS [c]
      WHERE [c].[cdProduto] = @__cd_0
info: Microsoft.EntityFrameworkCore.Database.Command[20101]
      Executed DbCommand (2ms) [Parameters=[@__produto_cdProduto_0='?' (DbType = Int32)], CommandType='Text', CommandTimeout='30']
      SELECT TOP(1) [c].[cdProduto], [c].[cdFornecedor], [c].[codigo], [c].[dsProduto], [c].[dtCriacao], [c].[nmProduto], [c].[quantidade], [c].[tamanho], [c].[valorCompra], [c].[valorVenda]
      FROM [cadProduto] AS [c]
      WHERE [c].[cdProduto] = @__produto_cdProduto_0
fail: Microsoft.AspNetCore.Diagnostics.DeveloperExceptionPageMiddleware[1]
      An unhandled exception has occurred while executing the request.
      System.MethodAccessException: Attempt by method 'AspNetCoreGeneratedDocument.Views_Produto_Index#2.ExecuteAsync()' to access method 'AspNetCoreGeneratedDocument.Views_Produto_Index+<ExecuteAsync>d__23..ctor()' failed.
         at AspNetCoreGeneratedDocument.Views_Produto_Index#2.ExecuteAsync()
         at Microsoft.AspNetCore.Mvc.Razor.RazorView.RenderPageCoreAsync(IRazorPage page, ViewContext context)
         at Microsoft.AspNetCore.Mvc.Razor.RazorView.RenderPageAsync(IRazorPage page, ViewContext context, Boolean invokeViewStarts)
         at Microsoft.AspNetCore.Mvc.Razor.RazorView.RenderAsync(ViewContext context)
         at Microsoft.AspNetCore.Mvc.ViewFeatures.ViewExecutor.ExecuteAsync(ViewContext viewContext, String contentType, Nullable`1 statusCode)
         at Microsoft.AspNetCore.Mvc.ViewFeatures.ViewExecutor.ExecuteAsync(ViewContext viewContext, String contentType, Nullable`1 statusCode)
         at Microsoft.AspNetCore.Mvc.ViewFeatures.ViewExecutor.ExecuteAsync(ActionContext actionContext, IView view, ViewDataDictionary viewData, ITempDataDictionary tempData, String contentType, Nullable`1 statusCode)
         at Microsoft.AspNetCore.Mvc.ViewFeatures.ViewResultExecutor.ExecuteAsync(ActionContext context, ViewResult result)
         at Microsoft.AspNetCore.Mvc.ViewResult.ExecuteResultAsync(ActionContext context)
         at Microsoft.AspNetCore.Mvc.Infrastructure.ResourceInvoker.<InvokeNextResultFilterAsync>g__Awaited|30_0[TFilter,TFilterAsync](ResourceInvoker invoker, Task lastTask, State next, Scope scope, Object state, Boolean isCompleted)
         at Microsoft.AspNetCore.Mvc.Infrastructure.ResourceInvoker.Rethrow(ResultExecutedContextSealed context)
         at Microsoft.AspNetCore.Mvc.Infrastructure.ResourceInvoker.ResultNext[TFilter,TFilterAsync](State& next, Scope& scope, Object& state, Boolean& isCompleted)
         at Microsoft.AspNetCore.Mvc.Infrastructure.ResourceInvoker.InvokeResultFilters()
      --- End of stack trace from previous location ---
         at Microsoft.AspNetCore.Mvc.Infrastructure.ResourceInvoker.<InvokeNextResourceFilter>g__Awaited|25_0(ResourceInvoker invoker, Task lastTask, State next, Scope scope, Object state, Boolean isCompleted)
         at Microsoft.AspNetCore.Mvc.Infrastructure.ResourceInvoker.Rethrow(ResourceExecutedContextSealed context)
         at Microsoft.AspNetCore.Mvc.Infrastructure.ResourceInvoker.Next(State& next, Scope& scope, Object& state, Boolean& isCompleted)
         at Microsoft.AspNetCore.Mvc.Infrastructure.ResourceInvoker.InvokeFilterPipelineAsync()
      --- End of stack trace from previous location ---
         at Microsoft.AspNetCore.Mvc.Infrastructure.ResourceInvoker.<InvokeAsync>g__Awaited|17_0(ResourceInvoker invoker, Task task, IDisposable scope)
         at Microsoft.AspNetCore.Mvc.Infrastructure.ResourceInvoker.<InvokeAsync>g__Awaited|17_0(ResourceInvoker invoker, Task task, IDisposable scope)
         at Microsoft.AspNetCore.Authorization.AuthorizationMiddleware.Invoke(HttpContext context)
         at Microsoft.AspNetCore.Authentication.AuthenticationMiddleware.Invoke(HttpContext context)
         at Microsoft.AspNetCore.Diagnostics.DeveloperExceptionPageMiddlewareImpl.Invoke(HttpContext context)
fail: Microsoft.AspNetCore.Diagnostics.DeveloperExceptionPageMiddleware[1]
      An unhandled exception has occurred while executing the request.
      System.MethodAccessException: Attempt by method 'AspNetCoreGeneratedDocument.Views_Produto_Index#2.ExecuteAsync()' to access method 'AspNetCoreGeneratedDocument.Views_Produto_Index+<ExecuteAsync>d__23..ctor()' failed.
         at AspNetCoreGeneratedDocument.Views_Produto_Index#2.ExecuteAsync()
         at Microsoft.AspNetCore.Mvc.Razor.RazorView.RenderPageCoreAsync(IRazorPage page, ViewContext context)
         at Microsoft.AspNetCore.Mvc.Razor.RazorView.RenderPageAsync(IRazorPage page, ViewContext context, Boolean invokeViewStarts)
         at Microsoft.AspNetCore.Mvc.Razor.RazorView.RenderAsync(ViewContext context)
         at Microsoft.AspNetCore.Mvc.ViewFeatures.ViewExecutor.ExecuteAsync(ViewContext viewContext, String contentType, Nullable`1 statusCode)
         at Microsoft.AspNetCore.Mvc.ViewFeatures.ViewExecutor.ExecuteAsync(ViewContext viewContext, String contentType, Nullable`1 statusCode)
         at Microsoft.AspNetCore.Mvc.ViewFeatures.ViewExecutor.ExecuteAsync(ActionContext actionContext, IView view, ViewDataDictionary viewData, ITempDataDictionary tempData, String contentType, Nullable`1 statusCode)
         at Microsoft.AspNetCore.Mvc.ViewFeatures.ViewResultExecutor.ExecuteAsync(ActionContext context, ViewResult result)
         at Microsoft.AspNetCore.Mvc.ViewResult.ExecuteResultAsync(ActionContext context)
         at Microsoft.AspNetCore.Mvc.Infrastructure.ResourceInvoker.<InvokeNextResultFilterAsync>g__Awaited|30_0[TFilter,TFilterAsync](ResourceInvoker invoker, Task lastTask, State next, Scope scope, Object state, Boolean isCompleted)
         at Microsoft.AspNetCore.Mvc.Infrastructure.ResourceInvoker.Rethrow(ResultExecutedContextSealed context)
         at Microsoft.AspNetCore.Mvc.Infrastructure.ResourceInvoker.ResultNext[TFilter,TFilterAsync](State& next, Scope& scope, Object& state, Bo