info: Microsoft.Hosting.Lifetime[0]
      Application started. Press Ctrl+C to shut down.
info: Microsoft.Hosting.Lifetime[0]
      Hosting environment: Development
info: Microsoft.Hosting.Lifetime[0]
      Content root path: C:\Users\Arthur Cruz\Documents\projetos pessoais\ControleEstoque\ControleEstoque
info: Microsoft.EntityFrameworkCore.Database.Command[20101]
      Executed DbCommand (18ms) [Parameters=[], CommandType='Text', CommandTimeout='30']
      SELECT [c].[cdCliente] AS [id], [c].[nmCliente] AS [text], [c].[cpf]
      FROM [cadCliente] AS [c]
      ORDER BY [c].[nmCliente]
info: Microsoft.EntityFrameworkCore.Database.Command[20101]
      Executed DbCommand (18ms) [Parameters=[], CommandType='Text', CommandTimeout='30']
      SELECT [c].[cdProduto] AS [id], [c].[nmProduto] AS [text], [c].[tamanho], [c].[valorVenda] AS [valor], [c].[codigo]
      FROM [cadProduto] AS [c]
      ORDER BY [c].[nmProduto]
info: Microsoft.EntityFrameworkCore.Database.Command[20101]
      Executed DbCommand (18ms) [Parameters=[], CommandType='Text', CommandTimeout='30']
      SELECT COUNT(*)
      FROM [cadVenda] AS [c]
info: Microsoft.EntityFrameworkCore.Database.Command[20101]
      Executed DbCommand (1ms) [Parameters=[], CommandType='Text', CommandTimeout='30']
      SELECT COUNT(*)
      FROM [cadVenda] AS [c]
info: Microsoft.EntityFrameworkCore.Database.Command[20101]
      Executed DbCommand (20ms) [Parameters=[@__p_0='?' (DbType = Int32), @__p_1='?' (DbType = Int32)], CommandType='Text', CommandTimeout='30']
      SELECT [t].[cdVenda], [c0].[nmCliente], [t].[valorVenda], [t].[valorLucro], CASE
          WHEN [t].[dtVenda] IS NOT NULL THEN CAST(1 AS bit)
          ELSE CAST(0 AS bit)
      END, [t].[dtVenda], (
          SELECT COALESCE(SUM([c1].[quantidade]), 0)
          FROM [cadVenda_produto] AS [c1]
          WHERE [t].[cdVenda] = [c1].[cdVenda])
      FROM (
          SELECT [c].[cdVenda], [c].[cdCliente], [c].[dtVenda], [c].[valorLucro], [c].[valorVenda]
          FROM [cadVenda] AS [c]
          ORDER BY [c].[cdCliente]
          OFFSET @__p_0 ROWS FETCH NEXT @__p_1 ROWS ONLY
      ) AS [t]
      LEFT JOIN [cadCliente] AS [c0] ON [t].[cdCliente] = [c0].[cdCliente]
      ORDER BY [t].[cdCliente]
info: Microsoft.EntityFrameworkCore.Database.Command[20101]
      Executed DbCommand (5ms) [Parameters=[@__cdVenda_0='?' (DbType = Int32)], CommandType='Text', CommandTimeout='30']
      SELECT [t].[cdVenda], [t].[nmCliente], [t].[valorVenda], [t].[valorLucro], [t].[dtVenda], [t].[cdCliente], [t0].[cdProduto], [t0].[quantidade], [t0].[nmProduto], [t0].[tamanho], [t0].[preco], [t0].[cdVendaProduto], [t0].[cdProduto0]
      FROM (
          SELECT TOP(1) [c].[cdVenda], [c0].[nmCliente], [c].[valorVenda], [c].[valorLucro], [c].[dtVenda], [c0].[cdCliente]
          FROM [cadVenda] AS [c]
          LEFT JOIN [cadCliente] AS [c0] ON [c].[cdCliente] = [c0].[cdCliente]
          WHERE [c].[cdVenda] = @__cdVenda_0
      ) AS [t]
      LEFT JOIN (
          SELECT [c1].[cdProduto], [c1].[quantidade], [c2].[nmProduto], [c2].[tamanho], (
              SELECT TOP(1) [c3].[valorVenda]
              FROM [cadProduto] AS [c3]
              WHERE [c3].[cdProduto] = [c1].[cdProduto]) AS [preco], [c1].[cdVendaProduto], [c2].[cdProduto] AS [cdProduto0], [c1].[cdVenda]
          FROM [cadVenda_produto] AS [c1]
          INNER JOIN [cadProduto] AS [c2] ON [c1].[cdProduto] = [c2].[cdProduto]
      ) AS [t0] ON [t].[cdVenda] = [t0].[cdVenda]
      ORDER BY [t].[cdVenda], [t].[cdCliente], [t0].[cdVendaProduto]
info: Microsoft.EntityFrameworkCore.Database.Command[20101]
      Executed DbCommand (1ms) [Parameters=[], CommandType='Text', CommandTimeout='30']
      SELECT COUNT(*)
      FROM [cadVenda] AS [c]
info: Microsoft.EntityFrameworkCore.Database.Command[20101]
      Executed DbCommand (0ms) [Parameters=[], CommandType='Text', CommandTimeout='30']
      SELECT COUNT(*)
      FROM [cadVenda] AS [c]
info: Microsoft.EntityFrameworkCore.Database.Command[20101]
      Executed DbCommand (1ms) [Parameters=[], CommandType='Text', CommandTimeout='30']
      SELECT [c].[cdCliente] AS [id], [c].[nmCliente] AS [text], [c].[cpf]
      FROM [cadCliente] AS [c]
      ORDER BY [c].[nmCliente]
info: Microsoft.EntityFrameworkCore.Database.Command[20101]
      Executed DbCommand (1ms) [Parameters=[], CommandType='Text', CommandTimeout='30']
      SELECT [c].[cdProduto] AS [id], [c].[nmProduto] AS [text], [c].[tamanho], [c].[valorVenda] AS [valor], [c].[codigo]
      FROM [cadProduto] AS [c]
      ORDER BY [c].[nmProduto]
info: Microsoft.EntityFrameworkCore.Database.Command[20101]
      Executed DbCommand (1ms) [Parameters=[@__p_0='?' (DbType = Int32), @__p_1='?' (DbType = Int32)], CommandType='Text', CommandTimeout='30']
      SELECT [t].[cdVenda], [c0].[nmCliente], [t].[valorVenda], [t].[valorLucro], CASE
          WHEN [t].[dtVenda] IS NOT NULL THEN CAST(1 AS bit)
          ELSE CAST(0 AS bit)
      END, [t].[dtVenda], (
          SELECT COALESCE(SUM([c1].[quantidade]), 0)
          FROM [cadVenda_produto] AS [c1]
          WHERE [t].[cdVenda] = [c1].[cdVenda])
      FROM (
          SELECT [c].[cdVenda], [c].[cdCliente], [c].[dtVenda], [c].[valorLucro], [c].[valorVenda]
          FROM [cadVenda] AS [c]
          ORDER BY [c].[cdCliente]
          OFFSET @__p_0 ROWS FETCH NEXT @__p_1 ROWS ONLY
      ) AS [t]
      LEFT JOIN [cadCliente] AS [c0] ON [t].[cdCliente] = [c0].[cdCliente]
      ORDER BY [t].[cdCliente]
info: Microsoft.EntityFrameworkCore.Database.Command[20101]
      Executed DbCommand (4ms) [Parameters=[@__cdVenda_0='?' (DbType = Int32)], CommandType='Text', CommandTimeout='30']
      SELECT [t].[cdVenda], [t].[nmCliente], [t].[valorVenda], [t].[valorLucro], [t].[dtVenda], [t].[cdCliente], [t0].[cdProduto], [t0].[quantidade], [t0].[nmProduto], [t0].[tamanho], [t0].[preco], [t0].[cdVendaProduto], [t0].[cdProduto0]
      FROM (
          SELECT TOP(1) [c].[cdVenda], [c0].[nmCliente], [c].[valorVenda], [c].[valorLucro], [c].[dtVenda], [c0].[cdCliente]
          FROM [cadVenda] AS [c]
          LEFT JOIN [cadCliente] AS [c0] ON [c].[cdCliente] = [c0].[cdCliente]
          WHERE [c].[cdVenda] = @__cdVenda_0
      ) AS [t]
      LEFT JOIN (
          SELECT [c1].[cdProduto], [c1].[quantidade], [c2].[nmProduto], [c2].[tamanho], (
              SELECT TOP(1) [c3].[valorVenda]
              FROM [cadProduto] AS [c3]
              WHERE [c3].[cdProduto] = [c1].[cdProduto]) AS [preco], [c1].[cdVendaProduto], [c2].[cdProduto] AS [cdProduto0], [c1].[cdVenda]
          FROM [cadVenda_produto] AS [c1]
          INNER JOIN [cadProduto] AS [c2] ON [c1].[cdProduto] = [c2].[cdProduto]
      ) AS [t0] ON [t].[cdVenda] = [t0].[cdVenda]
      ORDER BY [t].[cdVenda], [t].[cdCliente], [t0].[cdVendaProduto]
info: Microsoft.EntityFrameworkCore.Database.Command[20101]
      Executed DbCommand (0ms) [Parameters=[], CommandType='Text', CommandTimeout='30']
      SELECT COUNT(*)
      FROM [cadVenda] AS [c]
info: Microsoft.EntityFrameworkCore.Database.Command[20101]
      Executed DbCommand (1ms) [Parameters=[], CommandType='Text', CommandTimeout='30']
      SELECT [c].[cdProduto] AS [id], [c].[nmProduto] AS [text], [c].[tamanho], [c].[valorVenda] AS [valor], [c].[codigo]
      FROM [cadProduto] AS [c]
      ORDER BY [c].[nmProduto]
info: Microsoft.EntityFrameworkCore.Database.Command[20101]
      Executed DbCommand (1ms) [Parameters=[], CommandType='Text', CommandTimeout='30']
      SELECT [c].[cdCliente] AS [id], [c].[nmCliente] AS [text], [c].[cpf]
      FROM [cadCliente] AS [c]
      ORDER BY [c].[nmCliente]
info: Microsoft.EntityFrameworkCore.Database.Command[20101]
      Executed DbCommand (1ms) [Parameters=[], CommandType='Text', CommandTimeout='30']
      SELECT COUNT(*)
      FROM [cadVenda] AS [c]
info: Microsoft.EntityFrameworkCore.Database.Command[20101]
      Executed DbCommand (1ms) [Parameters=[@__p_0='?' (DbType = Int32), @__p_1='?' (DbType = Int32)], CommandType='Text', CommandTimeout='30']
      SELECT [t].[cdVenda], [c0].[nmCliente], [t].[valorVenda], [t].[valorLucro], CASE
          WHEN [t].[dtVenda] IS NOT NULL THEN CAST(1 AS bit)
          ELSE CAST(0 AS bit)
      END, [t].[dtVenda], (
          SELECT COALESCE(SUM([c1].[quantidade]), 0)
          FROM [cadVenda_produto] AS [c1]
          WHERE [t].[cdVenda] = [c1].[cdVenda])
      FROM (
          SELECT [c].[cdVenda], [c].[cdCliente], [c].[dtVenda], [c].[valorLucro], [c].[valorVenda]
          FROM [cadVenda] AS [c]
          ORDER BY [c].[cdCliente]
          OFFSET @__p_0 ROWS FETCH NEXT @__p_1 ROWS ONLY
      ) AS [t]
      LEFT JOIN [cadCliente] AS [c0] ON [t].[cdCliente] = [c0].[cdCliente]
      ORDER BY [t].[cdCliente]
info: Microsoft.EntityFrameworkCore.Database.Command[20101]
      Executed DbCommand (0ms) [Parameters=[@__cdVenda_0='?' (DbType = Int32)], CommandType='Text', CommandTimeout='30']
      SELECT [t].[cdVenda], [t].[nmCliente], [t].[valorVenda], [t].[valorLucro], [t].[dtVenda], [t].[cdCliente], [t0].[cdProduto], [t0].[quantidade], [t0].[nmProduto], [t0].[tamanho], [t0].[preco], [t0].[cdVendaProduto], [t0].[cdProduto0]
      FROM (
          SELECT TOP(1) [c].[cdVenda], [c0].[nmCliente], [c].[valorVenda], [c].[valorLucro], [c].[dtVenda], [c0].[cdCliente]
          FROM [cadVenda] AS [c]
          LEFT JOIN [cadCliente] AS [c0] ON [c].[cdCliente] = [c0].[cdCliente]
          WHERE [c].[cdVenda] = @__cdVenda_0
      ) AS [t]
      LEFT JOIN (
          SELECT [c1].[cdProduto], [c1].[quantidade], [c2].[nmProduto], [c2].[tamanho], (
              SELECT TOP(1) [c3].[valorVenda]
              FROM [cadProduto] AS [c3]
              WHERE [c3].[cdProduto] = [c1].[cdProduto]) AS [preco], [c1].[cdVendaProduto], [c2].[cdProduto] AS [cdProduto0], [c1].[cdVenda]
          FROM [cadVenda_produto] AS [c1]
          INNER JOIN [cadProduto] AS [c2] ON [c1].[cdProduto] = [c2].[cdProduto]
      ) AS [t0] ON [t].[cdVenda] = [t0].[cdVenda]
      ORDER BY [t].[cdVenda], [t].[cdCliente], [t0].[cdVendaProduto]
info: Microsoft.EntityFrameworkCore.Database.Command[20101]
      Executed DbCommand (1ms) [Parameters=[@__cdVenda_0='?' (DbType = Int32)], CommandType='Text', CommandTimeout='30']
      SELECT [t].[cdVenda], [t].[nmCliente], [t].[valorVenda], [t].[valorLucro], [t].[dtVenda], [t].[cdCliente], [t0].[cdProduto], [t0].[quantidade], [t0].[nmProduto], [t0].[tamanho], [t0].[preco], [t0].[cdVendaProduto], [t0].[cdProduto0]
      FROM (
          SELECT TOP(1) [c].[cdVenda], [c0].[nmCliente], [c].[valorVenda], [c].[valorLucro], [c].[dtVenda], [c0].[cdCliente]
          FROM [cadVenda] AS [c]
          LEFT JOIN [cadCliente] AS [c0] ON [c].[cdCliente] = [c0].[cdCliente]
          WHERE [c].[cdVenda] = @__cdVenda_0
      ) AS [t]
      LEFT JOIN (
          SELECT [c1].[cdProduto], [c1].[quantidade], [c2].[nmProduto], [c2].[tamanho], (
              SELECT TOP(1) [c3].[valorVenda]
              FROM [cadProduto] AS [c3]
              WHERE [c3].[cdProduto] = [c1].[cdProduto]) AS [preco], [c1].[cdVendaProduto], [c2].[cdProduto] AS [cdProduto0], [c1].[cdVenda]
          FROM [cadVenda_produto] AS [c1]
          INNER JOIN [cadProduto] AS [c2] ON [c1].[cdProduto] = [c2].[cdProduto]
      ) AS [t0] ON [t].[cdVenda] = [t0].[cdVenda]
      ORDER BY [t].[cdVenda], [t].[cdCliente], [t0].[cdVendaProduto]
info: Microsoft.EntityFrameworkCore.Database.Command[20101]
      Executed DbCommand (5ms) [Parameters=[@__cdVenda_0='?' (DbType = Int32)], CommandType='Text', CommandTimeout='30']
      SELECT [t].[cdVenda], [t].[nmCliente], [t].[valorVenda], [t].[valorLucro], [t].[dtVenda], [t].[cdCliente], [t0].[cdProduto], [t0].[quantidade], [t0].[nmProduto], [t0].[tamanho], [t0].[preco], [t0].[cdVendaProduto], [t0].[cdProduto0]
      FROM (
          SELECT TOP(1) [c].[cdVenda], [c0].[nmCliente], [c].[valorVenda], [c].[valorLucro], [c].[dtVenda], [c0].[cdCliente]
          FROM [cadVenda] AS [c]
          LEFT JOIN [cadCliente] AS [c0] ON [c].[cdCliente] = [c0].[cdCliente]
          WHERE [c].[cdVenda] = @__cdVenda_0
      ) AS [t]
      LEFT JOIN (
          SELECT [c1].[cdProduto], [c1].[quantidade], [c2].[nmProduto], [c2].[tamanho], (
              SELECT TOP(1) [c3].[valorVenda]
              FROM [cadProduto] AS [c3]
              WHERE [c3].[cdProduto] = [c1].[cdProduto]) AS [preco], [c1].[cdVendaProduto], [c2].[cdProduto] AS [cdProduto0], [c1].[cdVenda]
          FROM [cadVenda_produto] AS [c1]
          INNER JOIN [cadProduto] AS [c2] ON [c1].[cdProduto] = [c2].[cdProduto]
      ) AS [t0] ON [t].[cdVenda] = [t0].[cdVenda]
      ORDER BY [t].[cdVenda], [t].[cdCliente], [t0].[cdVendaProduto]
info: Microsoft.EntityFrameworkCore.Database.Command[20101]
      Executed DbCommand (2ms) [Parameters=[], CommandType='Text', CommandTimeout='30']
      SELECT [c].[cdCliente] AS [id], [c].[nmCliente] AS [text], [c].[cpf]
      FROM [cadCliente] AS [c]
      ORDER BY [c].[nmCliente]
info: Microsoft.EntityFrameworkCore.Database.Command[20101]
      Executed DbCommand (1ms) [Parameters=[], CommandType='Text', CommandTimeout='30']
      SELECT COUNT(*)
      FROM [cadVenda] AS [c]
info: Microsoft.EntityFrameworkCore.Database.Command[20101]
      Executed DbCommand (1ms) [Parameters=[], CommandType='Text', CommandTimeout='30']
      SELECT [c].[cdProduto] AS [id], [c].[nmProduto] AS [text], [c].[tamanho], [c].[valorVenda] AS [valor], [c].[codigo]
      FROM [cadProduto] AS [c]
      ORDER BY [c].[nmProduto]
info: Microsoft.EntityFrameworkCore.Database.Command[20101]
      Executed DbCommand (1ms) [Parameters=[], CommandType='Text', CommandTimeout='30']
      SELECT COUNT(*)
      FROM [cadVenda] AS [c]
info: Microsoft.EntityFrameworkCore.Database.Command[20101]
      Executed DbCommand (1ms) [Parameters=[@__p_0='?' (DbType = Int32), @__p_1='?' (DbType = Int32)], CommandType='Text', CommandTimeout='30']
      SELECT [t].[cdVenda], [c0].[nmCliente], [t].[valorVenda], [t].[valorLucro], CASE
          WHEN [t].[dtVenda] IS NOT NULL THEN CAST(1 AS bit)
          ELSE CAST(0 AS bit)
      END, [t].[dtVenda], (
          SELECT COALESCE(SUM([c1].[quantidade]), 0)
          FROM [cadVenda_produto] AS [c1]
          WHERE [t].[cdVenda] = [c1].[cdVenda])
      FROM (
          SELECT [c].[cdVenda], [c].[cdCliente], [c].[dtVenda], [c].[valorLucro], [c].[valorVenda]
          FROM [cadVenda] AS [c]
          ORDER BY [c].[cdCliente]
          OFFSET @__p_0 ROWS FETCH NEXT @__p_1 ROWS ONLY
      ) AS [t]
      LEFT JOIN [cadCliente] AS [c0] ON [t].[cdCliente] = [c0].[cdCliente]
      ORDER BY [t].[cdCliente]
info: Microsoft.EntityFrameworkCore.Database.Command[20101]
      Executed DbCommand (5ms) [Parameters=[@__cdVenda_0='?' (DbType = Int32)], CommandType='Text', CommandTimeout='30']
      SELECT [t].[cdVenda], [t].[nmCliente], [t].[valorVenda], [t].[valorLucro], [t].[dtVenda], [t].[cdCliente], [t0].[cdProduto], [t0].[quantidade], [t0].[nmProduto], [t0].[tamanho], [t0].[preco], [t0].[cdVendaProduto], [t0].[cdProduto0]
      FROM (
          SELECT TOP(1) [c].[cdVenda], [c0].[nmCliente], [c].[valorVenda], [c].[valorLucro], [c].[dtVenda], [c0].[cdCliente]
          FROM [cadVenda] AS [c]
          LEFT JOIN [cadCliente] AS [c0] ON [c].[cdCliente] = [c0].[cdCliente]
          WHERE [c].[cdVenda] = @__cdVenda_0
      ) AS [t]
      LEFT JOIN (
          SELECT [c1].[cdProduto], [c1].[quantidade], [c2].[nmProduto], [c2].[tamanho], (
              SELECT TOP(1) [c3].[valorVenda]
              FROM [cadProduto] AS [c3]
              WHERE [c3].[cdProduto] = [c1].[cdProduto]) AS [preco], [c1].[cdVendaProduto], [c2].[cdProduto] AS [cdProduto0], [c1].[cdVenda]
          FROM [cadVenda_produto] AS [c1]
          INNER JOIN [cadProduto] AS [c2] ON [c1].[cdProduto] = [c2].[cdProduto]
      ) AS [t0] ON [t].[cdVenda] = [t0].[cdVenda]
      ORDER BY [t].[cdVenda], [t].[cdCliente], [t0].[cdVendaProduto]
info: Microsoft.EntityFrameworkCore.Database.Command[20101]
      Executed DbCommand (3ms) [Parameters=[], CommandType='Text', CommandTimeout='30']
      SELECT COUNT(*)
      FROM [cadVenda] AS [c]
info: Microsoft.EntityFrameworkCore.Database.Command[20101]
      Executed DbCommand (2ms) [Parameters=[], CommandType='Text', CommandTimeout='30']
      SELECT [c].[cdCliente] AS [id], [c].[nmCliente] AS [text], [c].[cpf]
      FROM [cadCliente] AS [c]
      ORDER BY [c].[nmCliente]
info: Microsoft.EntityFrameworkCore.Database.Command[20101]
      Executed DbCommand (3ms) [Parameters=[], CommandType='Text', CommandTimeout='30']
      SELECT [c].[cdProduto] AS [id], [c].[nmProduto] AS [text], [c].[tamanho], [c].[valorVenda] AS [valor], [c].[codigo]
      FROM [cadProduto] AS [c]
      ORDER BY [c].[nmProduto]
info: Microsoft.EntityFrameworkCore.Database.Command[20101]
      Executed DbCommand (0ms) [Parameters=[], CommandType='Text', CommandTimeout='30']
      SELECT COUNT(*)
      FROM [cadVenda] AS [c]
info: Microsoft.EntityFrameworkCore.Database.Command[20101]
      Executed DbCommand (1ms) [Parameters=[@__p_0='?' (DbType = Int32), @__p_1='?' (DbType = Int32)], CommandType='Text', CommandTimeout='30']
      SELECT [t].[cdVenda], [c0].[nmCliente], [t].[valorVenda], [t].[valorLucro], CASE
          WHEN [t].[dtVenda] IS NOT NULL THEN CAST(1 AS bit)
          ELSE CAST(0 AS bit)
      END, [t].[dtVenda], (
          SELECT COALESCE(SUM([c1].[quantidade]), 0)
          FROM [cadVenda_produto] AS [c1]
          WHERE [t].[cdVenda] = [c1].[cdVenda])
      FROM (
          SELECT [c].[cdVenda], [c].[cdCliente], [c].[dtVenda], [c].[valorLucro], [c].[valorVenda]
          FROM [cadVenda] AS [c]
          ORDER BY [c].[cdCliente]
          OFFSET @__p_0 ROWS FETCH NEXT @__p_1 ROWS ONLY
      ) AS [t]
      LEFT JOIN [cadCliente] AS [c0] ON [t].[cdCliente] = [c0].[cdCliente]
      ORDER BY [t].[cdCliente]
info: Microsoft.EntityFrameworkCore.Database.Command[20101]
      Executed DbCommand (4ms) [Parameters=[@__cdVenda_0='?' (DbType = Int32)], CommandType='Text', CommandTimeout='30']
      SELECT [t].[cdVenda], [t].[nmCliente], [t].[valorVenda], [t].[valorLucro], [t].[dtVenda], [t].[cdCliente], [t0].[cdProduto], [t0].[quantidade], [t0].[nmProduto], [t0].[tamanho], [t0].[preco], [t0].[cdVendaProduto], [t0].[cdProduto0]
      FROM (
          SELECT TOP(1) [c].[cdVenda], [c0].[nmCliente], [c].[valorVenda], [c].[valorLucro], [c].[dtVenda], [c0].[cdCliente]
          FROM [cadVenda] AS [c]
          LEFT JOIN [cadCliente] AS [c0] ON [c].[cdCliente] = [c0].[cdCliente]
          WHERE [c].[cdVenda] = @__cdVenda_0
      ) AS [t]
      LEFT JOIN (
          SELECT [c1].[cdProduto], [c1].[quantidade], [c2].[nmProduto], [c2].[tamanho], (
              SELECT TOP(1) [c3].[valorVenda]
              FROM [cadProduto] AS [c3]
              WHERE [c3].[cdProduto] = [c1].[cdProduto]) AS [preco], [c1].[cdVendaProduto], [c2].[cdProduto] AS [cdProduto0], [c1].[cdVenda]
          FROM [cadVenda_produto] AS [c1]
          INNER JOIN [cadProduto] AS [c2] ON [c1].[cdProduto] = [c2].[cdProduto]
      ) AS [t0] ON [t].[cdVenda] = [t0].[cdVenda]
      ORDER BY [t].[cdVenda], [t].[cdCliente], [t0].[cdVendaProduto]
info: Microsoft.EntityFrameworkCore.Database.Command[20101]
      Executed DbCommand (1ms) [Parameters=[], CommandType='Text', CommandTimeout='30']
      SELECT COUNT(*)
      FROM [cadVenda] AS [c]
info: Microsoft.EntityFrameworkCore.Database.Command[20101]
      Executed DbCommand (1ms) [Parameters=[], CommandType='Text', CommandTimeout='30']
      SELECT [c].[cdCliente] AS [id], [c].[nmCliente] AS [text], [c].[cpf]
      FROM [cadCliente] AS [c]
      ORDER BY [c].[nmCliente]
info: Microsoft.EntityFrameworkCore.Database.Command[20101]
      Executed DbCommand (1ms) [Parameters=[], CommandType='Text', CommandTimeout='30']
      SELECT COUNT(*)
      FROM [cadVenda] AS [c]
info: Microsoft.EntityFrameworkCore.Database.Command[20101]
      Executed DbCommand (1ms) [Parameters=[@__p_0='?' (DbType = Int32), @__p_1='?' (DbType = Int32)], CommandType='Text', CommandTimeout='30']
      SELECT [t].[cdVenda], [c0].[nmCliente], [t].[valorVenda], [t].[valorLucro], CASE
          WHEN [t].[dtVenda] IS NOT NULL THEN CAST(1 AS bit)
          ELSE CAST(0 AS bit)
      END, [t].[dtVenda], (
          SELECT COALESCE(SUM([c1].[quantidade]), 0)
          FROM [cadVenda_produto] AS [c1]
          WHERE [t].[cdVenda] = [c1].[cdVenda])
      FROM (
          SELECT [c].[cdVenda], [c].[cdCliente], [c].[dtVenda], [c].[valorLucro], [c].[valorVenda]
          FROM [cadVenda] AS [c]
          ORDER BY [c].[cdCliente]
          OFFSET @__p_0 ROWS FETCH NEXT @__p_1 ROWS ONLY
      ) AS [t]
      LEFT JOIN [cadCliente] AS [c0] ON [t].[cdCliente] = [c0].[cdCliente]
      ORDER BY [t].[cdCliente]
info: Microsoft.EntityFrameworkCore.Database.Command[20101]
      Executed DbCommand (16ms) [Parameters=[], CommandType='Text', CommandTimeout='30']
      SELECT [c].[cdProduto] AS [id], [c].[nmProduto] AS [text], [c].[tamanho], [c].[valorVenda] AS [valor], [c].[codigo]
      FROM [cadProduto] AS [c]
      ORDER BY [c].[nmProduto]
info: Microsoft.EntityFrameworkCore.Database.Command[20101]
      Executed DbCommand (0ms) [Parameters=[@__cdVenda_0='?' (DbType = Int32)], CommandType='Text', CommandTimeout='30']
      SELECT [t].[cdVenda], [t].[nmCliente], [t].[valorVenda], [t].[valorLucro], [t].[dtVenda], [t].[cdCliente], [t0].[cdProduto], [t0].[quantidade], [t0].[nmProduto], [t0].[tamanho], [t0].[preco], [t0].[cdVendaProduto], [t0].[cdProduto0]
      FROM (
          SELECT TOP(1) [c].[cdVenda], [c0].[nmCliente], [c].[valorVenda], [c].[valorLucro], [c].[dtVenda], [c0].[cdCliente]
          FROM [cadVenda] AS [c]
          LEFT JOIN [cadCliente] AS [c0] ON [c].[cdCliente] = [c0].[cdCliente]
          WHERE [c].[cdVenda] = @__cdVenda_0
      ) AS [t]
      LEFT JOIN (
          SELECT [c1].[cdProduto], [c1].[quantidade], [c2].[nmProduto], [c2].[tamanho], (
              SELECT TOP(1) [c3].[valorVenda]
              FROM [cadProduto] AS [c3]
              WHERE [c3].[cdProduto] = [c1].[cdProduto]) AS [preco], [c1].[cdVendaProduto], [c2].[cdProduto] AS [cdProduto0], [c1].[cdVenda]
          FROM [cadVenda_produto] AS [c1]
          INNER JOIN [cadProduto] AS [c2] ON [c1].[cdProduto] = [c2].[cdProduto]
      ) AS [t0] ON [t].[cdVenda] = [t0].[cdVenda]
      ORDER BY [t].[cdVenda], [t].[cdCliente], [t0].[cdVendaProduto]
info: Microsoft.EntityFrameworkCore.Database.Command[20101]
      Executed DbCommand (0ms) [Parameters=[@__cdVenda_0='?' (DbType = Int32)], CommandType='Text', CommandTimeout='30']
      SELECT [t].[cdVenda], [t].[nmCliente], [t].[valorVenda], [t].[valorLucro], [t].[dtVenda], [t].[cdCliente], [t0].[cdProduto], [t0].[quantidade], [t0].[nmProduto], [t0].[tamanho], [t0].[preco], [t0].[cdVendaProduto], [t0].[cdProduto0]
      FROM (
          SELECT TOP(1) [c].[cdVenda], [c0].[nmCliente], [c].[valorVenda], [c].[valorLucro], [c].[dtVenda], [c0].[cdCliente]
          FROM [cadVenda] AS [c]
          LEFT JOIN [cadCliente] AS [c0] ON [c].[cdCliente] = [c0].[cdCliente]
          WHERE [c].[cdVenda] = @__cdVenda_0
      ) AS [t]
      LEFT JOIN (
          SELECT [c1].[cdProduto], [c1].[quantidade], [c2].[nmProduto], [c2].[tamanho], (
              SELECT TOP(1) [c3].[valorVenda]
              FROM [cadProduto] AS [c3]
              WHERE [c3].[cdProduto] = [c1].[cdProduto]) AS [preco], [c1].[cdVendaProduto], [c2].[cdProduto] AS [cdProduto0], [c1].[cdVenda]
          FROM [cadVenda_produto] AS [c1]
          INNER JOIN [cadProduto] AS [c2] ON [c1].[cdProduto] = [c2].[cdProduto]
      ) AS [t0] ON [t].[cdVenda] = [t0].[cdVenda]
      ORDER BY [t].[cdVenda], [t].[cdCliente], [t0].[cdVendaProduto]
info: Microsoft.EntityFrameworkCore.Database.Command[20101]
      Executed DbCommand (0ms) [Parameters=[], CommandType='Text', CommandTimeout='30']
      SELECT COUNT(*)
      FROM [cadVenda] AS [c]
info: Microsoft.EntityFrameworkCore.Database.Command[20101]
      Executed DbCommand (0ms) [Parameters=[], CommandType='Text', CommandTimeout='30']
      SELECT [c].[cdCliente] AS [id], [c].[nmCliente] AS [text], [c].[cpf]
      FROM [cadCliente] AS [c]
      ORDER BY [c].[nmCliente]
info: Microsoft.EntityFrameworkCore.Database.Command[20101]
      Executed DbCommand (0ms) [Parameters=[], CommandType='Text', CommandTimeout='30']
      SELECT [c].[cdProduto] AS [id], [c].[nmProduto] AS [text], [c].[tamanho], [c].[valorVenda] AS [valor], [c].[codigo]
      FROM [cadProduto] AS [c]
      ORDER BY [c].[nmProduto]
info: Microsoft.EntityFrameworkCore.Database.Command[20101]
      Executed DbCommand (0ms) [Parameters=[], CommandType='Text', CommandTimeout='30']
      SELECT COUNT(*)
      FROM [cadVenda] AS [c]
info: Microsoft.EntityFrameworkCore.Database.Command[20101]
      Executed DbCommand (0ms) [Parameters=[@__p_0='?' (DbType = Int32), @__p_1='?' (DbType = Int32)], CommandType='Text', CommandTimeout='30']
      SELECT [t].[cdVenda], [c0].[nmCliente], [t].[valorVenda], [t].[valorLucro], CASE
          WHEN [t].[dtVenda] IS NOT NULL THEN CAST(1 AS bit)
          ELSE CAST(0 AS bit)
      END, [t].[dtVenda], (
          SELECT COALESCE(SUM([c1].[quantidade]), 0)
          FROM [cadVenda_produto] AS [c1]
          WHERE [t].[cdVenda] = [c1].[cdVenda])
      FROM (
          SELECT [c].[cdVenda], [c].[cdCliente], [c].[dtVenda], [c].[valorLucro], [c].[valorVenda]
          FROM [cadVenda] AS [c]
          ORDER BY [c].[cdCliente]
          OFFSET @__p_0 ROWS FETCH NEXT @__p_1 ROWS ONLY
      ) AS [t]
      LEFT JOIN [cadCliente] AS [c0] ON [t].[cdCliente] = [c0].[cdCliente]
      ORDER BY [t].[cdCliente]
info: Microsoft.EntityFrameworkCore.Database.Command[20101]
      Executed DbCommand (1ms) [Parameters=[], CommandType='Text', CommandTimeout='30']
      SELECT COUNT(*)
      FROM [cadProduto] AS [c]
info: Microsoft.EntityFrameworkCore.Database.Command[20101]
      Executed DbCommand (0ms) [Parameters=[], CommandType='Text', CommandTimeout='30']
      SELECT COUNT(*)
      FROM [cadProduto] AS [c]
info: Microsoft.EntityFrameworkCore.Database.Command[20101]
      Executed DbCommand (1ms) [Parameters=[], CommandType='Text', CommandTimeout='30']
      SELECT [c].[cdFornecedor], [c].[nmFornecedor]
      FROM [cadFornecedor] AS [c]
      WHERE [c].[ativo] = CAST(1 AS bit)
info: Microsoft.EntityFrameworkCore.Database.Command[20101]
      Executed DbCommand (0ms) [Parameters=[], CommandType='Text', CommandTimeout='30']
      SELECT [c].[cdFornecedor], [c].[nmFornecedor]
      FROM [cadFornecedor] AS [c]
      WHERE [c].[ativo] = CAST(1 AS bit)
info: Microsoft.EntityFrameworkCore.Database.Command[20101]
      Executed DbCommand (18ms) [Parameters=[@__p_0='?' (DbType = Int32), @__p_1='?' (DbType = Int32)], CommandType='Text', CommandTimeout='30']
      SELECT [t].[cdProduto], [t].[codigo], [t].[nmProduto], [t].[dsProduto], [t].[valorCompra], [t].[valorVenda], CASE
          WHEN [t].[dtCriacao] IS NOT NULL THEN CAST(1 AS bit)
          ELSE CAST(0 AS bit)
      END, [t].[dtCriacao], [t].[quantidade], [t].[tamanho], [c0].[nmFornecedor]
      FROM (
          SELECT [c].[cdProduto], [c].[cdFornecedor], [c].[codigo], [c].[dsProduto], [c].[dtCriacao], [c].[nmProduto], [c].[quantidade], [c].[tamanho], [c].[valorCompra], [c].[valorVenda]
          FROM [cadProduto] AS [c]
          ORDER BY [c].[cdProduto]
          OFFSET @__p_0 ROWS FETCH NEXT @__p_1 ROWS ONLY
      ) AS [t]
      INNER JOIN [cadFornecedor] AS [c0] ON [t].[cdFornecedor] = [c0].[cdFornecedor]
      ORDER BY [t].[cdProduto]
info: Microsoft.EntityFrameworkCore.Database.Command[20101]
      Executed DbCommand (0ms) [Parameters=[], CommandType='Text', CommandTimeout='30']
      SELECT COUNT(*)
      FROM [cadProduto] AS [c]
info: Microsoft.EntityFrameworkCore.Database.Command[20101]
      Executed DbCommand (0ms) [Parameters=[], CommandType='Text', CommandTimeout='30']
      SELECT COUNT(*)
      FROM [cadProduto] AS [c]
info: Microsoft.EntityFrameworkCore.Database.Command[20101]
      Executed DbCommand (2ms) [Parameters=[@__p_0='?' (DbType = Int32)], CommandType='Text', CommandTimeout='30']
      SELECT [t].[cdProduto], [t].[codigo], [t].[nmProduto], [t].[dsProduto], [t].[valorCompra], [t].[valorVenda], CASE
          WHEN [t].[dtCriacao] IS NOT NULL THEN CAST(1 AS bit)
          ELSE CAST(0 AS bit)
      END, [t].[dtCriacao], [t].[quantidade], [t].[tamanho], [c0].[nmFornecedor]
      FROM (
          SELECT [c].[cdProduto], [c].[cdFornecedor], [c].[codigo], [c].[dsProduto], [c].[dtCriacao], [c].[nmProduto], [c].[quantidade], [c].[tamanho], [c].[valorCompra], [c].[valorVenda]
          FROM [cadProduto] AS [c]
          ORDER BY [c].[cdProduto]
          OFFSET @__p_0 ROWS FETCH NEXT @__p_0 ROWS ONLY
      ) AS [t]
      INNER JOIN [cadFornecedor] AS [c0] ON [t].[cdFornecedor] = [c0].[cdFornecedor]
      ORDER BY [t].[cdProduto]
info: Microsoft.EntityFrameworkCore.Database.Command[20101]
      Executed DbCommand (1ms) [Parameters=[], CommandType='Text', CommandTimeout='30']
      SELECT COUNT(*)
      FROM [cadProduto] AS [c]
info: Microsoft.EntityFrameworkCore.Database.Command[20101]
      Executed DbCommand (1ms) [Parameters=[], CommandType='Text', CommandTimeout='30']
      SELECT COUNT(*)
      FROM [cadProduto] AS [c]
info: Microsoft.EntityFrameworkCore.Database.Command[20101]
      Executed DbCommand (3ms) [Parameters=[@__p_0='?' (DbType = Int32), @__p_1='?' (DbType = Int32)], CommandType='Text', CommandTimeout='30']
      SELECT [t].[cdProduto], [t].[codigo], [t].[nmProduto], [t].[dsProduto], [t].[valorCompra], [t].[valorVenda], CASE
          WHEN [t].[dtCriacao] IS NOT NULL THEN CAST(1 AS bit)
          ELSE CAST(0 AS bit)
      END, [t].[dtCriacao], [t].[quantidade], [t].[tamanho], [c0].[nmFornecedor]
      FROM (
          SELECT [c].[cdProduto], [c].[cdFornecedor], [c].[codigo], [c].[dsProduto], [c].[dtCriacao], [c].[nmProduto], [c].[quantidade], [c].[tamanho], [c].[valorCompra], [c].[valorVenda]
          FROM [cadProduto] AS [c]
          ORDER BY [c].[cdProduto]
          OFFSET @__p_0 ROWS FETCH NEXT @__p_1 ROWS ONLY
      ) AS [t]
      INNER JOIN [cadFornecedor] AS [c0] ON [t].[cdFornecedor] = [c0].[cdFornecedor]
      ORDER BY [t].[cdProduto]
info: Microsoft.EntityFrameworkCore.Database.Command[20101]
      Executed DbCommand (1ms) [Parameters=[], CommandType='Text', CommandTimeout='30']
      SELECT COUNT(*)
      FROM [cadProduto] AS [c]
info: Microsoft.EntityFrameworkCore.Database.Command[20101]
      Executed DbCommand (0ms) [Parameters=[], CommandType='Text', CommandTimeout='30']
      SELECT COUNT(*)
      FROM [cadProduto] AS [c]
info: Microsoft.EntityFrameworkCore.Database.Command[20101]
      Executed DbCommand (2ms) [Parameters=[@__p_0='?' (DbType = Int32)], CommandType='Text', CommandTimeout='30']
      SELECT [t].[cdProduto], [t].[codigo], [t].[nmProduto], [t].[dsProduto], [t].[valorCompra], [t].[valorVenda], CASE
          WHEN [t].[dtCriacao] IS NOT NULL THEN CAST(1 AS bit)
          ELSE CAST(0 AS bit)
      END, [t].[dtCriacao], [t].[quantidade], [t].[tamanho], [c0].[nmFornecedor]
      FROM (
          SELECT [c].[cdProduto], [c].[cdFornecedor], [c].[codigo], [c].[dsProduto], [c].[dtCriacao], [c].[nmProduto], [c].[quantidade], [c].[tamanho], [c].[valorCompra], [c].[valorVenda]
          FROM [cadProduto] AS [c]
          ORDER BY [c].[cdProduto]
          OFFSET @__p_0 ROWS FETCH NEXT @__p_0 ROWS ONLY
      ) AS [t]
      INNER JOIN [cadFornecedor] AS [c0] ON [t].[cdFornecedor] = [c0].[cdFornecedor]
      ORDER BY [t].[cdProduto]
info: Microsoft.EntityFrameworkCore.Database.Command[20101]
      Executed DbCommand (1ms) [Parameters=[], CommandType='Text', CommandTimeout='30']
      SELECT COUNT(*)
      FROM [cadProduto] AS [c]
info: Microsoft.EntityFrameworkCore.Database.Command[20101]
      Executed DbCommand (0ms) [Parameters=[], CommandType='Text', CommandTimeout='30']
      SELECT COUNT(*)
      FROM [cadProduto] AS [c]
info: Microsoft.EntityFrameworkCore.Database.Command[20101]
      Executed DbCommand (2ms) [Parameters=[@__p_0='?' (DbType = Int32), @__p_1='?' (DbType = Int32)], CommandType='Text', CommandTimeout='30']
      SELECT [t].[cdProduto], [t].[codigo], [t].[nmProduto], [t].[dsProduto], [t].[valorCompra], [t].[valorVenda], CASE
          WHEN [t].[dtCriacao] IS NOT NULL THEN CAST(1 AS bit)
          ELSE CAST(0 AS bit)
      END, [t].[dtCriacao], [t].[quantidade], [t].[tamanho], [c0].[nmFornecedor]
      FROM (
          SELECT [c].[cdProduto], [c].[cdFornecedor], [c].[codigo], [c].[dsProduto], [c].[dtCriacao], [c].[nmProduto], [c].[quantidade], [c].[tamanho], [c].[valorCompra], [c].[valorVenda]
          FROM [cadProduto] AS [c]
          ORDER BY [c].[cdProduto]
          OFFSET @__p_0 ROWS FETCH NEXT @__p_1 ROWS ONLY
      ) AS [t]
      INNER JOIN [cadFornecedor] AS [c0] ON [t].[cdFornecedor] = [c0].[cdFornecedor]
      ORDER BY [t].[cdProduto]
info: Microsoft.EntityFrameworkCore.Database.Command[20101]
      Executed DbCommand (1ms) [Parameters=[], CommandType='Text', CommandTimeout='30']
      SELECT COUNT(*)
      FROM [cadProduto] AS [c]
info: Microsoft.EntityFrameworkCore.Database.Command[20101]
      Executed DbCommand (0ms) [Parameters=[], CommandType='Text', CommandTimeout='30']
      SELECT COUNT(*)
      FROM [cadProduto] AS [c]
info: Microsoft.EntityFrameworkCore.Database.Command[20101]
      Executed DbCommand (2ms) [Parameters=[@__p_0='?' (DbType = Int32)], CommandType='Text', CommandTimeout='30']
      SELECT [t].[cdProduto], [t].[codigo], [t].[nmProduto], [t].[dsProduto], [t].[valorCompra], [t].[valorVenda], CASE
          WHEN [t].[dtCriacao] IS NOT NULL THEN CAST(1 AS bit)
          ELSE CAST(0 AS bit)
      END, [t].[dtCriacao], [t].[quantidade], [t].[tamanho], [c0].[nmFornecedor]
      FROM (
          SELECT [c].[cdProduto], [c].[cdFornecedor], [c].[codigo], [c].[dsProduto], [c].[dtCriacao], [c].[nmProduto], [c].[quantidade], [c].[tamanho], [c].[valorCompra], [c].[valorVenda]
          FROM [cadProduto] AS [c]
          ORDER BY [c].[cdProduto]
          OFFSET @__p_0 ROWS FETCH NEXT @__p_0 ROWS ONLY
      ) AS [t]
      INNER JOIN [cadFornecedor] AS [c0] ON [t].[cdFornecedor] = [c0].[cdFornecedor]
      ORDER BY [t].[cdProduto]
info: Microsoft.EntityFrameworkCore.Database.Command[20101]
      Executed DbCommand (1ms) [Parameters=[], CommandType='Text', CommandTimeout='30']
      SELECT COUNT(*)
      FROM [cadProduto] AS [c]
info: Microsoft.EntityFrameworkCore.Database.Command[20101]
      Executed DbCommand (0ms) [Parameters=[], CommandType='Text', CommandTimeout='30']
      SELECT COUNT(*)
      FROM [cadProduto] AS [c]
info: Microsoft.EntityFrameworkCore.Database.Command[20101]
      Executed DbCommand (2ms) [Parameters=[@__p_0='?' (DbType = Int32), @__p_1='?' (DbType = Int32)], CommandType='Text', CommandTimeout='30']
      SELECT [t].[cdProduto], [t].[codigo], [t].[nmProduto], [t].[dsProduto], [t].[valorCompra], [t].[valorVenda], CASE
          WHEN [t].[dtCriacao] IS NOT NULL THEN CAST(1 AS bit)
          ELSE CAST(0 AS bit)
      END, [t].[dtCriacao], [t].[quantidade], [t].[tamanho], [c0].[nmFornecedor]
      FROM (
          SELECT [c].[cdProduto], [c].[cdFornecedor], [c].[codigo], [c].[dsProduto], [c].[dtCriacao], [c].[nmProduto], [c].[quantidade], [c].[tamanho], [c].[valorCompra], [c].[valorVenda]
          FROM [cadProduto] AS [c]
          ORDER BY [c].[cdProduto]
          OFFSET @__p_0 ROWS FETCH NEXT @__p_1 ROWS ONLY
      ) AS [t]
      INNER JOIN [cadFornecedor] AS [c0] ON [t].[cdFornecedor] = [c0].[cdFornecedor]
      ORDER BY [t].[cdProduto]
info: Microsoft.EntityFrameworkCore.Database.Command[20101]
      Executed DbCommand (1ms) [Parameters=[], CommandType='Text', CommandTimeout='30']
      SELECT COUNT(*)
      FROM [cadCliente] AS [c]
info: Microsoft.EntityFrameworkCore.Database.Command[20101]
      Executed DbCommand (0ms) [Parameters=[], CommandType='Text', CommandTimeout='30']
      SELECT COUNT(*)
      FROM [cadCliente] AS [c]
info: Microsoft.EntityFrameworkCore.Database.Command[20101]
      Executed DbCommand (2ms) [Parameters=[@__p_0='?' (DbType = Int32), @__p_1='?' (DbType = Int32)], CommandType='Text', CommandTimeout='30']
      SELECT [c].[cdCliente], [c].[nmCliente], [c].[cpf], [c].[numeroCelular], [c].[cidade], [c].[bairro], [c].[rua], [c].[numero], [c].[complemento], (
          SELECT COUNT(*)
          FROM [cadVenda] AS [c0]
          WHERE [c].[cdCliente] = [c0].[cdCliente])
      FROM [cadCliente] AS [c]
      ORDER BY [c].[cdCliente]
      OFFSET @__p_0 ROWS FETCH NEXT @__p_1 ROWS ONLY
info: Microsoft.EntityFrameworkCore.Database.Command[20101]
      Executed DbCommand (1ms) [Parameters=[], CommandType='Text', CommandTimeout='30']
      SELECT COUNT(*)
      FROM [cadFornecedor] AS [c]
info: Microsoft.EntityFrameworkCore.Database.Command[20101]
      Executed DbCommand (0ms) [Parameters=[], CommandType='Text', CommandTimeout='30']
      SELECT COUNT(*)
      FROM [cadFornecedor] AS [c]
info: Microsoft.EntityFrameworkCore.Database.Command[20101]
      Executed DbCommand (1ms) [Parameters=[@__p_0='?' (DbType = Int32), @__p_1='?' (DbType = Int32)], CommandType='Text', CommandTimeout='30']
      SELECT [c].[cdFornecedor], [c].[nmFornecedor], CASE
          WHEN [c].[dtCriacao] IS NOT NULL THEN CAST(1 AS bit)
          ELSE CAST(0 AS bit)
      END, [c].[dtCriacao], CASE
          WHEN [c].[ativo] IS NOT NULL THEN CASE
              WHEN [c].[ativo] = CAST(1 AS bit) THEN N'Ativo'
              ELSE N'Inativo'
          END
          ELSE N'Indefinido'
      END
      FROM [cadFornecedor] AS [c]
      ORDER BY [c].[cdFornecedor]
      OFFSET @__p_0 ROWS FETCH NEXT @__p_1 ROWS ONLY
info: Microsoft.EntityFrameworkCore.Database.Command[20101]
      Executed DbCommand (1ms) [Parameters=[], CommandType='Text', CommandTimeout='30']
      SELECT COUNT(*)
      FROM [cadCliente] AS [c]
info: Microsoft.EntityFrameworkCore.Database.Command[20101]
      Executed DbCommand (0ms) [Parameters=[], CommandType='Text', CommandTimeout='30']
      SELECT COUNT(*)
      FROM [cadCliente] AS [c]
info: Microsoft.EntityFrameworkCore.Database.Command[20101]
      Executed DbCommand (0ms) [Parameters=[@__p_0='?' (DbType = Int32), @__p_1='?' (DbType = Int32)], CommandType='Text', CommandTimeout='30']
      SELECT [c].[cdCliente], [c].[nmCliente], [c].[cpf], [c].[numeroCelular], [c].[cidade], [c].[bairro], [c].[rua], [c].[numero], [c].[complemento], (
          SELECT COUNT(*)
          FROM [cadVenda] AS [c0]
          WHERE [c].[cdCliente] = [c0].[cdCliente])
      FROM [cadCliente] AS [c]
      ORDER BY [c].[cdCliente]
      OFFSET @__p_0 ROWS FETCH NEXT @__p_1 ROWS ONLY
info: Microsoft.EntityFrameworkCore.Database.Command[20101]
      Executed DbCommand (1ms) [Parameters=[], CommandType='Text', CommandTimeout='30']
      SELECT COUNT(*)
      FROM [cadVenda] AS [c]
info: Microsoft.EntityFrameworkCore.Database.Command[20101]
      Executed DbCommand (1ms) [Parameters=[], CommandType='Text', CommandTimeout='30']
      SELECT [c].[cdProduto] AS [id], [c].[nmProduto] AS [text], [c].[tamanho], [c].[valorVenda] AS [valor], [c].[codigo]
      FROM [cadProduto] AS [c]
      ORDER BY [c].[nmProduto]
info: Microsoft.EntityFrameworkCore.Database.Command[20101]
      Executed DbCommand (1ms) [Parameters=[], CommandType='Text', CommandTimeout='30']
      SELECT [c].[cdCliente] AS [id], [c].[nmCliente] AS [text], [c].[cpf]
      FROM [cadCliente] AS [c]
      ORDER BY [c].[nmCliente]
info: Microsoft.EntityFrameworkCore.Database.Command[20101]
      Executed DbCommand (1ms) [Parameters=[], CommandType='Text', CommandTimeout='30']
      SELECT COUNT(*)
      FROM [cadVenda] AS [c]
info: Microsoft.EntityFrameworkCore.Database.Command[20101]
      Executed DbCommand (1ms) [Parameters=[@__p_0='?' (DbType = Int32), @__p_1='?' (DbType = Int32)], CommandType='Text', CommandTimeout='30']
      SELECT [t].[cdVenda], [c0].[nmCliente], [t].[valorVenda], [t].[valorLucro], CASE
          WHEN [t].[dtVenda] IS NOT NULL THEN CAST(1 AS bit)
          ELSE CAST(0 AS bit)
      END, [t].[dtVenda], (
          SELECT COALESCE(SUM([c1].[quantidade]), 0)
          FROM [cadVenda_produto] AS [c1]
          WHERE [t].[cdVenda] = [c1].[cdVenda])
      FROM (
          SELECT [c].[cdVenda], [c].[cdCliente], [c].[dtVenda], [c].[valorLucro], [c].[valorVenda]
          FROM [cadVenda] AS [c]
          ORDER BY [c].[cdCliente]
          OFFSET @__p_0 ROWS FETCH NEXT @__p_1 ROWS ONLY
      ) AS [t]
      LEFT JOIN [cadCliente] AS [c0] ON [t].[cdCliente] = [c0].[cdCliente]
      ORDER BY [t].[cdCliente]
info: Microsoft.EntityFrameworkCore.Database.Command[20101]
      Executed DbCommand (2ms) [Parameters=[@__data_Date_0='?' (DbType = DateTime)], CommandType='Text', CommandTimeout='30']
      SELECT COUNT(*)
      FROM [cadVenda] AS [c]
      WHERE [c].[dtVenda] IS NOT NULL AND CONVERT(date, [c].[dtVenda]) = @__data_Date_0
info: Microsoft.EntityFrameworkCore.Database.Command[20101]
      Executed DbCommand (2ms) [Parameters=[@__data_Date_0='?' (DbType = DateTime)], CommandType='Text', CommandTimeout='30']
      SELECT COALESCE(SUM(COALESCE(CAST([c].[valorVenda] AS float), 0.0E0)), 0.0E0)
      FROM [cadVenda] AS [c]
      WHERE [c].[dtVenda] IS NOT NULL AND CONVERT(date, [c].[dtVenda]) = @__data_Date_0
info: Microsoft.EntityFrameworkCore.Database.Command[20101]
      Executed DbCommand (2ms) [Parameters=[@__data_Date_0='?' (DbType = DateTime)], CommandType='Text', CommandTimeout='30']
      SELECT COALESCE(SUM(CAST([c].[valorCompra] AS float) * CAST([c].[quantidade] AS float)), 0.0E0)
      FROM [cadProduto] AS [c]
      WHERE [c].[dtCriacao] IS NOT NULL AND CONVERT(date, [c].[dtCriacao]) = @__data_Date_0
info: Microsoft.EntityFrameworkCore.Database.Command[20101]
      Executed DbCommand (1ms) [Parameters=[@__data_Date_0='?' (DbType = DateTime)], CommandType='Text', CommandTimeout='30']
      SELECT COALESCE(SUM(COALESCE(CAST([c].[valorLucro] AS float), 0.0E0)), 0.0E0)
      FROM [cadVenda] AS [c]
      WHERE [c].[dtVenda] IS NOT NULL AND CONVERT(date, [c].[dtVenda]) = @__data_Date_0
info: Microsoft.EntityFrameworkCore.Database.Command[20101]
      Executed DbCommand (3ms) [Parameters=[@__data_Date_0='?' (DbType = DateTime)], CommandType='Text', CommandTimeout='30']
      SELECT COALESCE(SUM([c].[quantidade]), 0)
      FROM [cadVenda_produto] AS [c]
      INNER JOIN [cadVenda] AS [c0] ON [c].[cdVenda] = [c0].[cdVenda]
      WHERE [c0].[dtVenda] IS NOT NULL AND CONVERT(date, [c0].[dtVenda]) = @__data_Date_0
info: Microsoft.EntityFrameworkCore.Database.Command[20101]
      Executed DbCommand (1ms) [Parameters=[@__data_Date_0='?' (DbType = DateTime)], CommandType='Text', CommandTimeout='30']
      SELECT [c].[cdVenda], [c].[cdCliente], [c].[dtVenda], [c].[valorLucro], [c].[valorVenda]
      FROM [cadVenda] AS [c]
      WHERE [c].[dtVenda] IS NOT NULL AND CONVERT(date, [c].[dtVenda]) = @__data_Date_0
info: Microsoft.EntityFrameworkCore.Database.Command[20101]
      Executed DbCommand (0ms) [Parameters=[@__data_Date_0='?' (DbType = DateTime)], CommandType='Text', CommandTimeout='30']
      SELECT [c].[cdVenda], [c].[cdCliente], [c].[dtVenda], [c].[valorLucro], [c].[valorVenda]
      FROM [cadVenda] AS [c]
      WHERE [c].[dtVenda] IS NOT NULL AND CONVERT(date, [c].[dtVenda]) = @__data_Date_0
info: Microsoft.EntityFrameworkCore.Database.Command[20101]
      Executed DbCommand (4ms) [Parameters=[@__data_Date_0='?' (DbType = DateTime)], CommandType='Text', CommandTimeout='30']
      SELECT COALESCE((
          SELECT TOP(1) [c1].[nmProduto]
          FROM [cadProduto] AS [c1]
          WHERE [c1].[cdProduto] = [c].[cdProduto]), N'')
      FROM [cadVenda_produto] AS [c]
      INNER JOIN [cadVenda] AS [c0] ON [c].[cdVenda] = [c0].[cdVenda]
      WHERE [c0].[dtVenda] IS NOT NULL AND CONVERT(date, [c0].[dtVenda]) = @__data_Date_0
      GROUP BY [c].[cdProduto]
info: Microsoft.EntityFrameworkCore.Database.Command[20101]
      Executed DbCommand (3ms) [Parameters=[@__data_Date_0='?' (DbType = DateTime)], CommandType='Text', CommandTimeout='30']
      SELECT COALESCE(SUM(COALESCE([c].[quantidade], 0)), 0)
      FROM [cadVenda_produto] AS [c]
      INNER JOIN [cadVenda] AS [c0] ON [c].[cdVenda] = [c0].[cdVenda]
      WHERE [c0].[dtVenda] IS NOT NULL AND CONVERT(date, [c0].[dtVenda]) = @__data_Date_0
      GROUP BY [c].[cdProduto]
info: Microsoft.EntityFrameworkCore.Database.Command[20101]
      Executed DbCommand (0ms) [Parameters=[@__data_Year_0='?' (DbType = Int32), @__data_Month_1='?' (DbType = Int32)], CommandType='Text', CommandTimeout='30']
      SELECT COUNT(*)
      FROM [cadVenda] AS [c]
      WHERE [c].[dtVenda] IS NOT NULL AND DATEPART(year, [c].[dtVenda]) = @__data_Year_0 AND DATEPART(month, [c].[dtVenda]) = @__data_Month_1
info: Microsoft.EntityFrameworkCore.Database.Command[20101]
      Executed DbCommand (2ms) [Parameters=[@__data_Year_0='?' (DbType = Int32), @__data_Month_1='?' (DbType = Int32)], CommandType='Text', CommandTimeout='30']
      SELECT COALESCE(SUM(COALESCE(CAST([c].[valorVenda] AS float), 0.0E0)), 0.0E0)
      FRO