info: Microsoft.Hosting.Lifetime[0]
      Application started. Press Ctrl+C to shut down.
info: Microsoft.Hosting.Lifetime[0]
      Hosting environment: Development
info: Microsoft.Hosting.Lifetime[0]
      Content root path: C:\Users\Arthur Cruz\Documents\projetos pessoais\ControleEstoque\ControleEstoque
info: Microsoft.EntityFrameworkCore.Database.Command[20101]
      Executed DbCommand (27ms) [Parameters=[@__data_Year_0='?' (DbType = Int32), @__data_Month_1='?' (DbType = Int32)], CommandType='Text', CommandTimeout='30']
      SELECT COUNT(*)
      FROM [cadVenda] AS [c]
      WHERE [c].[dtVenda] IS NOT NULL AND DATEPART(year, [c].[dtVenda]) = @__data_Year_0 AND DATEPART(month, [c].[dtVenda]) = @__data_Month_1
info: Microsoft.EntityFrameworkCore.Database.Command[20101]
      Executed DbCommand (2ms) [Parameters=[@__data_Year_0='?' (DbType = Int32), @__data_Month_1='?' (DbType = Int32)], CommandType='Text', CommandTimeout='30']
      SELECT COALESCE(SUM(COALESCE(CAST([c].[valorVenda] AS float), 0.0E0)), 0.0E0)
      FROM [cadVenda] AS [c]
      WHERE [c].[dtVenda] IS NOT NULL AND DATEPART(year, [c].[dtVenda]) = @__data_Year_0 AND DATEPART(month, [c].[dtVenda]) = @__data_Month_1
info: Microsoft.EntityFrameworkCore.Database.Command[20101]
      Executed DbCommand (3ms) [Parameters=[@__data_Year_0='?' (DbType = Int32), @__data_Month_1='?' (DbType = Int32)], CommandType='Text', CommandTimeout='30']
      SELECT COALESCE(SUM([c].[quantidade]), 0)
      FROM [cadVenda_produto] AS [c]
      INNER JOIN [cadVenda] AS [c0] ON [c].[cdVenda] = [c0].[cdVenda]
      WHERE [c0].[dtVenda] IS NOT NULL AND DATEPART(year, [c0].[dtVenda]) = @__data_Year_0 AND DATEPART(month, [c0].[dtVenda]) = @__data_Month_1
info: Microsoft.EntityFrameworkCore.Database.Command[20101]
      Executed DbCommand (2ms) [Parameters=[@__data_Year_0='?' (DbType = Int32), @__data_Month_1='?' (DbType = Int32)], CommandType='Text', CommandTimeout='30']
      SELECT COALESCE(SUM(COALESCE(CAST([c].[valorLucro] AS float), 0.0E0)), 0.0E0)
      FROM [cadVenda] AS [c]
      WHERE [c].[dtVenda] IS NOT NULL AND DATEPART(year, [c].[dtVenda]) = @__data_Year_0 AND DATEPART(month, [c].[dtVenda]) = @__data_Month_1
info: Microsoft.EntityFrameworkCore.Database.Command[20101]
      Executed DbCommand (0ms) [Parameters=[@__data_Year_0='?' (DbType = Int32), @__data_Month_1='?' (DbType = Int32)], CommandType='Text', CommandTimeout='30']
      SELECT COUNT(*)
      FROM [cadVenda] AS [c]
      WHERE [c].[dtVenda] IS NOT NULL AND DATEPART(year, [c].[dtVenda]) = @__data_Year_0 AND DATEPART(month, [c].[dtVenda]) = @__data_Month_1
info: Microsoft.EntityFrameworkCore.Database.Command[20101]
      Executed DbCommand (0ms) [Parameters=[@__data_Year_0='?' (DbType = Int32), @__data_Month_1='?' (DbType = Int32)], CommandType='Text', CommandTimeout='30']
      SELECT COALESCE(SUM(COALESCE(CAST([c].[valorVenda] AS float), 0.0E0)), 0.0E0)
      FROM [cadVenda] AS [c]
      WHERE [c].[dtVenda] IS NOT NULL AND DATEPART(year, [c].[dtVenda]) = @__data_Year_0 AND DATEPART(month, [c].[dtVenda]) = @__data_Month_1
info: Microsoft.EntityFrameworkCore.Database.Command[20101]
      Executed DbCommand (0ms) [Parameters=[@__data_Year_0='?' (DbType = Int32), @__data_Month_1='?' (DbType = Int32)], CommandType='Text', CommandTimeout='30']
      SELECT COALESCE(SUM([c].[quantidade]), 0)
      FROM [cadVenda_produto] AS [c]
      INNER JOIN [cadVenda] AS [c0] ON [c].[cdVenda] = [c0].[cdVenda]
      WHERE [c0].[dtVenda] IS NOT NULL AND DATEPART(year, [c0].[dtVenda]) = @__data_Year_0 AND DATEPART(month, [c0].[dtVenda]) = @__data_Month_1
info: Microsoft.EntityFrameworkCore.Database.Command[20101]
      Executed DbCommand (0ms) [Parameters=[@__data_Year_0='?' (DbType = Int32), @__data_Month_1='?' (DbType = Int32)], CommandType='Text', CommandTimeout='30']
      SELECT COALESCE(SUM(COALESCE(CAST([c].[valorLucro] AS float), 0.0E0)), 0.0E0)
      FROM [cadVenda] AS [c]
      WHERE [c].[dtVenda] IS NOT NULL AND DATEPART(year, [c].[dtVenda]) = @__data_Year_0 AND DATEPART(month, [c].[dtVenda]) = @__data_Month_1
info: Microsof