info: Microsoft.Hosting.Lifetime[0]
      Application started. Press Ctrl+C to shut down.
info: Microsoft.Hosting.Lifetime[0]
      Hosting environment: Development
info: Microsoft.Hosting.Lifetime[0]
      Content root path: C:\Users\Arthur Cruz\Documents\projetos pessoais\ControleEstoque\ControleEstoque
info: Microsoft.EntityFrameworkCore.Database.Command[20101]
      Executed DbCommand (16ms) [Parameters=[], CommandType='Text', CommandTimeout='30']
      SELECT COUNT(*)
      FROM [cadFornecedor] AS [c]
info: Microsoft.EntityFrameworkCore.Database.Command[20101]
      Executed DbCommand (1ms) [Parameters=[], CommandType='Text', CommandTimeout='30']
      SELECT COUNT(*)
      FROM [cadFornecedor] AS [c]
info: Microsoft.EntityFrameworkCore.Database.Command[20101]
      Executed DbCommand (19ms) [Parameters=[@__p_0='?' (DbType = Int32), @__p_1='?' (DbType = Int32)], CommandType='Text', CommandTimeout='30']
      SELECT [c].[cdFornecedor], [c].[nmFornecedor], CASE
          WHEN [c].[dtCriacao] IS NOT NULL THEN CAST(1 AS bit)
          ELSE CAST(0 AS bit)
      END, [c].[dtCriacao], CASE
          WHEN [c].[ativo] IS NOT NULL THEN CASE
              WHEN [c].[ativo] = CAST(1 AS bit) THEN N'Ativo'
              ELSE N'Inativo'
          END
          ELSE N'Indefinido'
      END
      FROM [cadFornecedor] AS [c]
      ORDER BY [c].[cdFornecedor]
      OFFSET @__p_0 ROWS FETCH NEXT @__p_1 ROWS ONLY
info: Microsoft.EntityFrameworkCore.Database.Command[20101]
      Executed DbCommand (1ms) [Parameters=[], CommandType='Text', CommandTimeout='30']
      SELECT COUNT(*)
      FROM [cadProduto] AS [c]
info: Microsoft.EntityFrameworkCore.Database.Command[20101]
      Executed DbCommand (0ms) [Parameters=[], CommandType='Text', CommandTimeout='30']
      SELECT COUNT(*)
      FROM [cadProduto] AS [c]
info: Microsoft.EntityFrameworkCore.Database.Command[20101]
      Executed DbCommand (1ms) [Parameters=[], CommandType='Text', CommandTimeout='30']
      SELECT [c].[cdFornecedor], [c].[nmFornecedor]
      FROM [cadFornecedor] AS [c]
      WHERE [c].[ativo] = CAST(1 AS bit)
info: Microsoft.EntityFrameworkCore.Database.Command[20101]
      Executed DbCommand (2ms) [Parameters=[@__p_0='?' (DbType = Int32), @__p_1='?' (DbType = Int32)], CommandType='Text', CommandTimeout='30']
      SELECT [t].[cdProduto], [t].[nmProduto], [t].[dsProduto], [t].[valorCompra], [t].[valorVenda], CASE
          WHEN [t].[dtCriacao] IS NOT NULL THEN CAST(1 AS bit)
          ELSE CAST(0 AS bit)
      END, [t].[dtCriacao], [t].[quantidade], [t].[tamanho], [c0].[nmFornecedor]
      FROM (
          SELECT [c].[cdProduto], [c].[cdFornecedor], [c].[dsProduto], [c].[dtCriacao], [c].[nmProduto], [c].[quantidade], [c].[tamanho], [c].[valorCompra], [c].[valorVenda]
          FROM [cadProduto] AS [c]
          ORDER BY [c].[cdProduto]
          OFFSET @__p_0 ROWS FETCH NEXT @__p_1 ROWS ONLY
      ) AS [t]
      INNER JOIN [cadFornecedor] AS [c0] ON [t].[cdFornecedor] = [c0].[cdFornecedor]
      ORDER BY [t].[cdProduto]
info: Microsoft.EntityFrameworkCore.Database.Command[20101]
      Executed DbCommand (0ms) [Parameters=[], CommandType='Text', CommandTimeout='30']
      SELECT [c].[cdFornecedor], [c].[nmFornecedor]
      FROM [cadFornecedor] AS [c]
      WHERE [c].[ativo] = CAST(1 AS bit)
info: Microsoft.EntityFrameworkCore.Database.Command[20101]
      Executed DbCommand (0ms) [Parameters=[], CommandType='Text', CommandTimeout='30']
      SELECT COUNT(*)
      FROM [cadFornecedor] AS [c]
info: Microsoft.EntityFrameworkCore.Database.Command[20101]
      Executed DbCommand (0ms) [Parameters=[], CommandType='Text', CommandTimeout='30']
      SELECT COUNT(*)
      FROM [cadFornecedor] AS [c]
info: Microsoft.EntityFrameworkCore.Database.Command[20101]
      Executed DbCommand (0ms) [Parameters=[@__p_0='?' (DbType = Int32), @__p_1='?' (DbType = Int32)], CommandType='Text', CommandTimeout='30']
      SELECT [c].[cdFornecedor], [c].[nmFornecedor], CASE
          WHEN [c].[dtCriacao] IS NOT NULL THEN CAST(1 AS bit)
          ELSE CAST(0 AS bit)
      END, [c].[dtCriacao], CASE
          WHEN [c].[ativo] IS NOT NULL THEN CASE
              WHEN [c].[ativo] = CAST(1 AS bit) THEN N'Ativo'
              ELSE N'Inativo'
          END
          ELSE N'Indefinido'
      END
      FROM [cadFornecedor] AS [c]
      ORDER BY [c].[cdFornecedor]
      OFFSET @__p_0 ROWS FETCH NEXT @__p_1 ROWS ONLY
info: Microsoft.EntityFrameworkCore.Database.Command[20101]
      Executed DbCommand (0ms) [Parameters=[], CommandType='Text', CommandTimeout='30']
      SELECT COUNT(*)
      FROM [cadFornecedor] AS [c]
info: Microsoft.EntityFrameworkCore.Database.Command[20101]
      Executed DbCommand (0ms) [Parameters=[], CommandType='Text', CommandTimeout='30']
      SELECT COUNT(*)
      FROM [cadFornecedor] AS [c]
info: Microsoft.EntityFrameworkCore.Database.Command[20101]
      Executed DbCommand (0ms) [Parameters=[@__p_0='?' (DbType = Int32), @__p_1='?' (DbType = Int32)], CommandType='Text', CommandTimeout='30']
      SELECT [c].[cdFornecedor], [c].[nmFornecedor], CASE
          WHEN [c].[dtCriacao] IS NOT NULL THEN CAST(1 AS bit)
          ELSE CAST(0 AS bit)
      END, [c].[dtCriacao], CASE
          WHEN [c].[ativo] IS NOT NULL THEN CASE
              WHEN [c].[ativo] = CAST(1 AS bit) THEN N'Ativo'
              ELSE N'Inativo'
          END
          ELSE N'Indefinido'
      END
      FROM [cadFornecedor] AS [c]
      ORDER BY [c].[cdFornecedor]
      OFFSET @__p_0 ROWS FETCH NEXT @__p_1 ROWS ONLY
info: Microsoft.EntityFrameworkCore.Database.Command[20101]
      Executed DbCommand (2ms) [Parameters=[@p0='?' (DbType = Boolean), @p1='?' (DbType = DateTime), @p2='?' (Size = 8000) (DbType = AnsiString)], CommandType='Text', CommandTimeout='30']
      SET IMPLICIT_TRANSACTIONS OFF;
      SET NOCOUNT ON;
      INSERT INTO [cadFornecedor] ([ativo], [dtCriacao], [nmFornecedor])
      OUTPUT INSERTED.[cdFornecedor]
      VALUES (@p0, @p1, @p2);
info: Microsoft.EntityFrameworkCore.Database.Command[20101]
      Executed DbCommand (0ms) [Parameters=[], CommandType='Text', CommandTimeout='30']
      SELECT COUNT(*)
      FROM [cadFornecedor] AS [c]
info: Microsoft.EntityFrameworkCore.Database.Command[20101]
      Executed DbCommand (0ms) [Parameters=[], CommandType='Text', CommandTimeout='30']
      SELECT COUNT(*)
      FROM [cadFornecedor] AS [c]
info: Microsoft.EntityFrameworkCore.Database.Command[20101]
      Executed DbCommand (0ms) [Parameters=[@__p_0='?' (DbType = Int32), @__p_1='?' (DbType = Int32)], CommandType='Text', CommandTimeout='30']
      SELECT [c].[cdFornecedor], [c].[nmFornecedor], CASE
          WHEN [c].[dtCriacao] IS NOT NULL THEN CAST(1 AS bit)
          ELSE CAST(0 AS bit)
      END, [c].[dtCriacao], CASE
          WHEN [c].[ativo] IS NOT NULL THEN CASE
              WHEN [c].[ativo] = CAST(1 AS bit) THEN N'Ativo'
              ELSE N'Inativo'
          END
          ELSE N'Indefinido'
      END
      FROM [cadFornecedor] AS [c]
      ORDER BY [c].[cdFornecedor]
      OFFSET @__p_0 ROWS FETCH NEXT @__p_1 ROWS ONLY
info: Microsoft.EntityFrameworkCore.Database.Command[20101]
      Executed DbCommand (0ms) [Parameters=[], CommandType='Text', CommandTimeout='30']
      SELECT COUNT(*)
      FROM [cadFornecedor] AS [c]
info: Microsoft.EntityFrameworkCore.Database.Command[20101]
      Executed DbCommand (0ms) [Parameters=[], CommandType='Text', CommandTimeout='30']
      SELECT COUNT(*)
      FROM [cadFornecedor] AS [c]
info: Microsoft.EntityFrameworkCore.Database.Command[20101]
      Executed DbCommand (0ms) [Parameters=[@__p_0='?' (DbType = Int32), @__p_1='?' (DbType = Int32)], CommandType='Text', CommandTimeout='30']
      SELECT [c].[cdFornecedor], [c].[nmFornecedor], CASE
          WHEN [c].[dtCriacao] IS NOT NULL THEN CAST(1 AS bit)
          ELSE CAST(0 AS bit)
      END, [c].[dtCriacao], CASE
          WHEN [c].[ativo] IS NOT NULL THEN CASE
              WHEN [c].[ativo] = CAST(1 AS bit) THEN N'Ativo'
              ELSE N'Inativo'
          END
          ELSE N'Indefinido'
      END
      FROM [cadFornecedor] AS [c]
      ORDER BY [c].[cdFornecedor]
      OFFSET @__p_0 ROWS FETCH NEXT @__p_1 ROWS ONLY
info: Microsoft.EntityFrameworkCore.Database.Command[20101]
      Executed DbCommand (1ms) [Parameters=[@p0='?' (DbType = Boolean), @p1='?' (DbType = DateTime), @p2='?' (Size = 8000) (DbType = AnsiString)], CommandType='Text', CommandTimeout='30']
      SET IMPLICIT_TRANSACTIONS OFF;
      SET NOCOUNT ON;
      INSERT INTO [cadFornecedor] ([ativo], [dtCriacao], [nmFornecedor])
      OUTPUT INSERTED.[cdFornecedor]
      VALUES (@p0, @p1, @p2);
info: Microsoft.EntityFrameworkCore.Database.Command[20101]
      Executed DbCommand (0ms) [Parameters=[], CommandType='Text', CommandTimeout='30']
      SELECT COUNT(*)
      FROM [cadFornecedor] AS [c]
info: Microsoft.EntityFrameworkCore.Database.Command[20101]
      Executed DbCommand (0ms) [Parameters=[], CommandType='Text', CommandTimeout='30']
      SELECT COUNT(*)
      FROM [cadFornecedor] AS [c]
info: Microsoft.EntityFrameworkCore.Database.Command[20101]
      Executed DbCommand (0ms) [Parameters=[@__p_0='?' (DbType = Int32), @__p_1='?' (DbType = Int32)], CommandType='Text', CommandTimeout='30']
      SELECT [c].[cdFornecedor], [c].[nmFornecedor], CASE
          WHEN [c].[dtCriacao] IS NOT NULL THEN CAST(1 AS bit)
          ELSE CAST(0 AS bit)
      END, [c].[dtCriacao], CASE
          WHEN [c].[ativo] IS NOT NULL THEN CASE
              WHEN [c].[ativo] = CAST(1 AS bit) THEN N'Ativo'
              ELSE N'Inativo'
          END
          ELSE N'Indefinido'
      END
      FROM [cadFornecedor] AS [c]
      ORDER BY [c].[cdFornecedor]
      OFFSET @__p_0 ROWS FETCH NEXT @__p_1 ROWS ONLY
info: Microsoft.EntityFrameworkCore.Database.Command[20101]
      Executed DbCommand (0ms) [Parameters=[], CommandType='Text', CommandTimeout='30']
      SELECT COUNT(*)
      FROM [cadFornecedor] AS [c]
info: Microsoft.EntityFrameworkCore.Database.Command[20101]
      Executed DbCommand (0ms) [Parameters=[], CommandType='Text', CommandTimeout='30']
      SELECT COUNT(*)
      FROM [cadFornecedor] AS [c]
info: Microsoft.EntityFrameworkCore.Database.Command[20101]
      Executed DbCommand (0ms) [Parameters=[@__p_0='?' (DbType = Int32), @__p_1='?' (DbType = Int32)], CommandType='Text', CommandTimeout='30']
      SELECT [c].[cdFornecedor], [c].[nmFornecedor], CASE
          WHEN [c].[dtCriacao] IS NOT NULL THEN CAST(1 AS bit)
          ELSE CAST(0 AS bit)
      END, [c].[dtCriacao], CASE
          WHEN [c].[ativo] IS NOT NULL THEN CASE
              WHEN [c].[ativo] = CAST(1 AS bit) THEN N'Ativo'
              ELSE N'Inativo'
          END
          ELSE N'Indefinido'
      END
      FROM [cadFornecedor] AS [c]
      ORDER BY [c].[cdFornecedor]
      OFFSET @__p_0 ROWS FETCH NEXT @__p_1 ROWS ONLY
info: Microsoft.EntityFrameworkCore.Database.Command[20101]
      Executed DbCommand (0ms) [Parameters=[@p0='?' (DbType = Boolean), @p1='?' (DbType = DateTime), @p2='?' (Size = 8000) (DbType = AnsiString)], CommandType='Text', CommandTimeout='30']
      SET IMPLICIT_TRANSACTIONS OFF;
      SET NOCOUNT ON;
      INSERT INTO [cadFornecedor] ([ativo], [dtCriacao], [nmFornecedor])
      OUTPUT INSERTED.[cdFornecedor]
      VALUES (@p0, @p1, @p2);
info: Microsoft.EntityFrameworkCore.Database.Command[20101]
      Executed DbCommand (0ms) [Parameters=[], CommandType='Text', CommandTimeout='30']
      SELECT COUNT(*)
      FROM [cadFornecedor] AS [c]
info: Microsoft.EntityFrameworkCore.Database.Command[20101]
      Executed DbCommand (0ms) [Parameters=[], CommandType='Text', CommandTimeout='30']
      SELECT COUNT(*)
      FROM [cadFornecedor] AS [c]
info: Microsoft.EntityFrameworkCore.Database.Command[20101]
      Executed DbCommand (0ms) [Parameters=[@__p_0='?' (DbType = Int32), @__p_1='?' (DbType = Int32)], CommandType='Text', CommandTimeout='30']
      SELECT [c].[cdFornecedor], [c].[nmFornecedor], CASE
          WHEN [c].[dtCriacao] IS NOT NULL THEN CAST(1 AS bit)
          ELSE CAST(0 AS bit)
      END, [c].[dtCriacao], CASE
          WHEN [c].[ativo] IS NOT NULL THEN CASE
              WHEN [c].[ativo] = CAST(1 AS bit) THEN N'Ativo'
              ELSE N'Inativo'
          END
          ELSE N'Indefinido'
      END
      FROM [cadFornecedor] AS [c]
      ORDER BY [c].[cdFornecedor]
      OFFSET @__p_0 ROWS FETCH NEXT @__p_1 ROWS ONLY
info: Microsoft.EntityFrameworkCore.Database.Command[20101]
      Executed DbCommand (2ms) [Parameters=[@__cd_0='?' (DbType = Int32)], CommandType='Text', CommandTimeout='30']
      SELECT TOP(1) [c].[cdFornecedor], [c].[ativo], [c].[dtCriacao], [c].[nmFornecedor]
      FROM [cadFornecedor] AS [c]
      WHERE [c].[cdFornecedor] = @__cd_0
info: Microsoft.EntityFrameworkCore.Database.Command[20101]
      Executed DbCommand (1ms) [Parameters=[@__fornecedor_cdFornecedor_0='?' (DbType = Int32)], CommandType='Text', CommandTimeout='30']
      SELECT TOP(1) [c].[cdFornecedor], [c].[ativo], [c].[dtCriacao], [c].[nmFornecedor]
      FROM [cadFornecedor] AS [c]
      WHERE [c].[cdFornecedor] = @__fornecedor_cdFornecedor_0
info: Microsoft.EntityFrameworkCore.Database.Command[20101]
      Executed DbCommand (1ms) [Parameters=[@p1='?' (DbType = Int32), @p0='?' (DbType = Boolean)], CommandType='Text', CommandTimeout='30']
      SET IMPLICIT_TRANSACTIONS OFF;
      SET NOCOUNT ON;
      UPDATE [cadFornecedor] SET [ativo] = @p0
      OUTPUT 1
      WHERE [cdFornecedor] = @p1;
info: Microsoft.EntityFrameworkCore.Database.Command[20101]
      Executed DbCommand (0ms) [Parameters=[], CommandType='Text', CommandTimeout='30']
      SELECT COUNT(*)
      FROM [cadFornecedor] AS [c]
info: Microsoft.EntityFrameworkCore.Database.Command[20101]
      Executed DbCommand (0ms) [Parameters=[], CommandType='Text', CommandTimeout='30']
      SELECT COUNT(*)
      FROM [cadFornecedor] AS [c]
info: Microsoft.EntityFrameworkCore.Database.Command[20101]
      Executed DbCommand (0ms) [Parameters=[@__p_0='?' (DbType = Int32), @__p_1='?' (DbType = Int32)], CommandType='Text', CommandTimeout='30']
      SELECT [c].[cdFornecedor], [c].[nmFornecedor], CASE
          WHEN [c].[dtCriacao] IS NOT NULL THEN CAST(1 AS bit)
          ELSE CAST(0 AS bit)
      END, [c].[dtCriacao], CASE
          WHEN [c].[ativo] IS NOT NULL THEN CASE
              WHEN [c].[ativo] = CAST(1 AS bit) THEN N'Ativo'
              ELSE N'Inativo'
          END
          ELSE N'Indefinido'
      END
      FROM [cadFornecedor] AS [c]
      ORDER BY [c].[cdFornecedor]
      OFFSET @__p_0 ROWS FETCH NEXT @__p_1 ROWS ONLY
info: Microsoft.EntityFrameworkCore.Database.Command[20101]
      Executed DbCommand (0ms) [Parameters=[], CommandType='Text', CommandTimeout='30']
      SELECT [c].[cdFornecedor], [c].[nmFornecedor]
      FROM [cadFornecedor] AS [c]
      WHERE [c].[ativo] = CAST(1 AS bit)
info: Microsoft.EntityFrameworkCore.Database.Command[20101]
      Executed DbCommand (0ms) [Parameters=[], CommandType='Text', CommandTimeout='30']
      SELECT COUNT(*)
      FROM [cadProduto] AS [c]
info: Microsoft.EntityFrameworkCore.Database.Command[20101]
      Executed DbCommand (2ms) [Parameters=[], CommandType='Text', CommandTimeout='30']
      SELECT COUNT(*)
      FROM [cadProduto] AS [c]
info: Microsoft.EntityFrameworkCore.Database.Command[20101]
      Executed DbCommand (0ms) [Parameters=[], CommandType='Text', CommandTimeout='30']
      SELECT [c].[cdFornecedor], [c].[nmFornecedor]
      FROM [cadFornecedor] AS [c]
      WHERE [c].[ativo] = CAST(1 AS bit)
info: Microsoft.EntityFrameworkCore.Database.Command[20101]
      Executed DbCommand (0ms) [Parameters=[@__p_0='?' (DbType = Int32), @__p_1='?' (DbType = Int32)], CommandType='Text', CommandTimeout='30']
      SELECT [t].[cdProduto], [t].[nmProduto], [t].[dsProduto], [t].[valorCompra], [t].[valorVenda], CASE
          WHEN [t].[dtCriacao] IS NOT NULL THEN CAST(1 AS bit)
          ELSE CAST(0 AS bit)
      END, [t].[dtCriacao], [t].[quantidade], [t].[tamanho], [c0].[nmFornecedor]
      FROM (
          SELECT [c].[cdProduto], [c].[cdFornecedor], [c].[dsProduto], [c].[dtCriacao], [c].[nmProduto], [c].[quantidade], [c].[tamanho], [c].[valorCompra], [c].[valorVenda]
          FROM [cadProduto] AS [c]
          ORDER BY [c].[cdProduto]
          OFFSET @__p_0 ROWS FETCH NEXT @__p_1 ROWS ONLY
      ) AS [t]
      INNER JOIN [cadFornecedor] AS [c0] ON [t].[cdFornecedor] = [c0].[cdFornecedor]
      ORDER BY [t].[cdProduto]
info: Microsoft.EntityFrameworkCore.Database.Command[20101]
      Executed DbCommand (0ms) [Parameters=[], CommandType='Text', CommandTimeout='30']
      SELECT COUNT(*)
      FROM [cadProduto] AS [c]
info: Microsoft.EntityFrameworkCore.Database.Command[20101]
      Executed DbCommand (0ms) [Parameters=[], CommandType='Text', CommandTimeout='30']
      SELECT COUNT(*)
      FROM [cadProduto] AS [c]
info: Microsoft.EntityFrameworkCore.Database.Command[20101]
      Executed DbCommand (0ms) [Parameters=[@__p_0='?' (DbType = Int32), @__p_1='?' (DbType = Int32)], CommandType='Text', CommandTimeout='30']
      SELECT [t].[cdProduto], [t].[nmProduto], [t].[dsProduto], [t].[valorCompra], [t].[valorVenda], CASE
          WHEN [t].[dtCriacao] IS NOT NULL THEN CAST(1 AS bit)
          ELSE CAST(0 AS bit)
      END, [t].[dtCriacao], [t].[quantidade], [t].[tamanho], [c0].[nmFornecedor]
      FROM (
          SELECT [c].[cdProduto], [c].[cdFornecedor], [c].[dsProduto], [c].[dtCriacao], [c].[nmProduto], [c].[quantidade], [c].[tamanho], [c].[valorCompra], [c].[valorVenda]
          FROM [cadProduto] AS [c]
          ORDER BY [c].[cdProduto]
          OFFSET @__p_0 ROWS FETCH NEXT @__p_1 ROWS ONLY
      ) AS [t]
      INNER JOIN [cadFornecedor] AS [c0] ON [t].[cdFornecedor] = [c0].[cdFornecedor]
      ORDER BY [t].[cdProduto]
info: Microsoft.EntityFrameworkCore.Database.Command[20101]
      Executed DbCommand (3ms) [Parameters=[@p0='?' (DbType = Int32), @p1='?' (Size = 4000), @p2='?' (DbType = DateTime), @p3='?' (Size = 4000), @p4='?' (DbType = Int32), @p5='?' (Size = 50) (DbType = AnsiString), @p6='?' (Precision = 18) (Scale = 2) (DbType = Decimal), @p7='?' (Precision = 18) (Scale = 2) (DbType = Decimal)], CommandType='Text', CommandTimeout='30']
      SET IMPLICIT_TRANSACTIONS OFF;
      SET NOCOUNT ON;
      INSERT INTO [cadProduto] ([cdFornecedor], [dsProduto], [dtCriacao], [nmProduto], [quantidade], [tamanho], [valorCompra], [valorVenda])
      OUTPUT INSERTED.[cdProduto]
      VALUES (@p0, @p1, @p2, @p3, @p4, @p5, @p6, @p7);
info: Microsoft.EntityFrameworkCore.Database.Command[20101]
      Executed DbCommand (1ms) [Parameters=[], CommandType='Text', CommandTimeout='30']
      SELECT COUNT(*)
      FROM [cadProduto] AS [c]
info: Microsoft.EntityFrameworkCore.Database.Command[20101]
      Executed DbCommand (0ms) [Parameters=[], CommandType='Text', CommandTimeout='30']
      SELECT COUNT(*)
      FROM [cadProduto] AS [c]
info: Microsoft.EntityFrameworkCore.Database.Command[20101]
      Executed DbCommand (3ms) [Parameters=[@__p_0='?' (DbType = Int32), @__p_1='?' (DbType = Int32)], CommandType='Text', CommandTimeout='30']
      SELECT [t].[cdProduto], [t].[nmProduto], [t].[dsProduto], [t].[valorCompra], [t].[valorVenda], CASE
          WHEN [t].[dtCriacao] IS NOT NULL THEN CAST(1 AS bit)
          ELSE CAST(0 AS bit)
      END, [t].[dtCriacao], [t].[quantidade], [t].[tamanho], [c0].[nmFornecedor]
      FROM (
          SELECT [c].[cdProduto], [c].[cdFornecedor], [c].[dsProduto], [c].[dtCriacao], [c].[nmProduto], [c].[quantidade], [c].[tamanho], [c].[valorCompra], [c].[valorVenda]
          FROM [cadProduto] AS [c]
          ORDER BY [c].[cdProduto]
          OFFSET @__p_0 ROWS FETCH NEXT @__p_1 ROWS ONLY
      ) AS [t]
      INNER JOIN [cadFornecedor] AS [c0] ON [t].[cdFornecedor] = [c0].[cdFornecedor]
      ORDER BY [t].[cdProduto]
info: Microsoft.EntityFrameworkCore.Database.Command[20101]
      Executed DbCommand (2ms) [Parameters=[], CommandType='Text', CommandTimeout='30']
      SELECT [c].[cdFornecedor], [c].[nmFornecedor]
      FROM [cadFornecedor] AS [c]
      WHERE [c].[ativo] = CAST(1 AS bit)
info: Microsoft.EntityFrameworkCore.Database.Command[20101]
      Executed DbCommand (0ms) [Parameters=[], CommandType='Text', CommandTimeout='30']
      SELECT [c].[cdFornecedor], [c].[nmFornecedor]
      FROM [cadFornecedor] AS [c]
      WHERE [c].[ativo] = CAST(1 AS bit)
info: Microsoft.EntityFrameworkCore.Database.Command[20101]
      Executed DbCommand (0ms) [Parameters=[], CommandType='Text', CommandTimeout='30']
      SELECT COUNT(*)
      FROM [cadProduto] AS [c]
info: Microsoft.EntityFrameworkCore.Database.Command[20101]
      Executed DbCommand (0ms) [Parameters=[], CommandType='Text', CommandTimeout='30']
      SELECT [c].[cdFornecedor], [c].[nmFornecedor]
      FROM [cadFornecedor] AS [c]
      WHERE [c].[ativo] = CAST(1 AS bit)
info: Microsoft.EntityFrameworkCore.Database.Command[20101]
      Executed DbCommand (0ms) [Parameters=[], CommandType='Text', CommandTimeout='30']
      SELECT COUNT(*)
      FROM [cadProduto] AS [c]
info: Microsoft.EntityFrameworkCore.Database.Command[20101]
      Executed DbCommand (0ms) [Parameters=[], CommandType='Text', CommandTimeout='30']
      SELECT [c].[cdFornecedor], [c].[nmFornecedor]
      FROM [cadFornecedor] AS [c]
      WHERE [c].[ativo] = CAST(1 AS bit)
info: Microsoft.EntityFrameworkCore.Database.Command[20101]
      Executed DbCommand (0ms) [Parameters=[@__p_0='?' (DbType = Int32), @__p_1='?' (DbType = Int32)], CommandType='Text', CommandTimeout='30']
      SELECT [t].[cdProduto], [t].[nmProduto], [t].[dsProduto], [t].[valorCompra], [t].[valorVenda], CASE
          WHEN [t].[dtCriacao] IS NOT NULL THEN CAST(1 AS bit)
          ELSE CAST(0 AS bit)
      END, [t].[dtCriacao], [t].[quantidade], [t].[tamanho], [c0].[nmFornecedor]
      FROM (
          SELECT [c].[cdProduto], [c].[cdFornecedor], [c].[dsProduto], [c].[dtCriacao], [c].[nmProduto], [c].[quantidade], [c].[tamanho], [c].[valorCompra], [c].[valorVenda]
          FROM [cadProduto] AS [c]
          ORDER BY [c].[cdProduto]
          OFFSET @__p_0 ROWS FETCH NEXT @__p_1 ROWS ONLY
      ) AS [t]
      INNER JOIN [cadFornecedor] AS [c0] ON [t].[cdFornecedor] = [c0].[cdFornecedor]
      ORDER BY [t].[cdProduto]
info: Microsoft.EntityFrameworkCore.Database.Command[20101]
      Executed DbCommand (1ms) [Parameters=[], CommandType='Text', CommandTimeout='30']
      SELECT COUNT(*)
      FROM [cadFornecedor] AS [c]
info: Microsoft.EntityFrameworkCore.Database.Command[20101]
      Executed DbCommand (0ms) [Parameters=[], CommandType='Text', CommandTimeout='30']
      SELECT COUNT(*)
      FROM [cadFornecedor] AS [c]
info: Microsoft.EntityFrameworkCore.Database.Command[20101]
      Executed DbCommand (1ms) [Parameters=[@__p_0='?' (DbType = Int32), @__p_1='?' (DbType = Int32)], CommandType='Text', CommandTimeout='30']
      SELECT [c].[cdFornecedor], [c].[nmFornecedor], CASE
          WHEN [c].[dtCriacao] IS NOT NULL THEN CAST(1 AS bit)
          ELSE CAST(0 AS bit)
      END, [c].[dtCriacao], CASE
          WHEN [c].[ativo] IS NOT NULL THEN CASE
              WHEN [c].[ativo] = CAST(1 AS bit) THEN N'Ativo'
              ELSE N'Inativo'
          END
          ELSE N'Indefinido'
      END
      FROM [cadFornecedor] AS [c]
      ORDER BY [c].[cdFornecedor]
      OFFSET @__p_0 ROWS FETCH NEXT @__p_1 ROWS ONLY
info: Microsoft.EntityFrameworkCore.Database.Command[20101]
      Executed DbCommand (2ms) [Parameters=[], CommandType='Text', CommandTimeout='30']
      SELECT COUNT(*)
      FROM [cadFornecedor] AS [c]
info: Microsoft.EntityFrameworkCore.Database.Command[20101]
      Executed DbCommand (0ms) [Parameters=[], CommandType='Text', CommandTimeout='30']
      SELECT COUNT(*)
      FROM [cadFornecedor] AS [c]
info: Microsoft.EntityFrameworkCore.Database.Command[20101]
      Executed DbCommand (2ms) [Parameters=[@__p_0='?' (DbType = Int32), @__p_1='?' (DbType = Int32)], CommandType='Text', CommandTimeout='30']
      SELECT [c].[cdFornecedor], [c].[nmFornecedor], CASE
          WHEN [c].[dtCriacao] IS NOT NULL THEN CAST(1 AS bit)
          ELSE CAST(0 AS bit)
      END, [c].[dtCriacao], CASE
          WHEN [c].[ativo] IS NOT NULL THEN CASE
              WHEN [c].[ativo] = CAST(1 AS bit) THEN N'Ativo'
              ELSE N'Inativo'
          END
          ELSE N'Indefinido'
      END
      FROM [cadFornecedor] AS [c]
      ORDER BY [c].[cdFornecedor]
      OFFSET @__p_0 ROWS FETCH NEXT @__p_1 ROWS ONLY
info: Microsoft.EntityFrameworkCore.Database.Command[20101]
      Executed DbCommand (2ms) [Parameters=[], CommandType='Text', CommandTimeout='30']
      SELECT COUNT(*)
      FROM [cadFornecedor] AS [c]
info: Microsoft.EntityFrameworkCore.Database.Command[20101]
      Executed DbCommand (0ms) [Parameters=[], CommandType='Text', CommandTimeout='30']
      SELECT COUNT(*)
      FROM [cadFornecedor] AS [c]
info: Microsoft.EntityFrameworkCore.Database.Command[20101]
      Executed DbCommand (2ms) [Parameters=[@__p_0='?' (DbType = Int32), @__p_1='?' (DbType = Int32)], CommandType='Text', CommandTimeout='30']
      SELECT [c].[cdFornecedor], [c].[nmFornecedor], CASE
          WHEN [c].[dtCriacao] IS NOT NULL THEN CAST(1 AS bit)
          ELSE CAST(0 AS bit)
      END, [c].[dtCriacao], CASE
          WHEN [c].[ativo] IS NOT NULL THEN CASE
              WHEN [c].[ativo] = CAST(1 AS bit) THEN N'Ativo'
              ELSE N'Inativo'
          END
          ELSE N'Indefinido'
      END
      FROM [cadFornecedor] AS [c]
      ORDER BY [c].[cdFornecedor]
      OFFSET @__p_0 ROWS FETCH NEXT @__p_1 ROWS ONLY
info: Microsoft.EntityFrameworkCore.Database.Command[20101]
      Executed DbCommand (2ms) [Parameters=[], CommandType='Text', CommandTimeout='30']
      SELECT COUNT(*)
      FROM [cadProduto] AS [c]
info: Microsoft.EntityFrameworkCore.Database.Command[20101]
      Executed DbCommand (1ms) [Parameters=[], CommandType='Text', CommandTimeout='30']
      SELECT COUNT(*)
      FROM [cadProduto] AS [c]
info: Microsoft.EntityFrameworkCore.Database.Command[20101]
      Executed DbCommand (2ms) [Parameters=[], CommandType='Text', CommandTimeout='30']
      SELECT [c].[cdFornecedor], [c].[nmFornecedor]
      FROM [cadFornecedor] AS [c]
      WHERE [c].[ativo] = CAST(1 AS bit)
info: Microsoft.EntityFrameworkCore.Database.Command[20101]
      Executed DbCommand (3ms) [Parameters=[@__p_0='?' (DbType = Int32), @__p_1='?' (DbType = Int32)], CommandType='Text', CommandTimeout='30']
      SELECT [t].[cdProduto], [t].[nmProduto], [t].[dsProduto], [t].[valorCompra], [t].[valorVenda], CASE
          WHEN [t].[dtCriacao] IS NOT NULL THEN CAST(1 AS bit)
          ELSE CAST(0 AS bit)
      END, [t].[dtCriacao], [t].[quantidade], [t].[tamanho], [c0].[nmFornecedor]
      FROM (
          SELECT [c].[cdProduto], [c].[cdFornecedor], [c].[dsProduto], [c].[dtCriacao], [c].[nmProduto], [c].[quantidade], [c].[tamanho], [c].[valorCompra], [c].[valorVenda]
          FROM [cadProduto] AS [c]
          ORDER BY [c].[cdProduto]
          OFFSET @__p_0 ROWS FETCH NEXT @__p_1 ROWS ONLY
      ) AS [t]
      INNER JOIN [cadFornecedor] AS [c0] ON [t].[cdFornecedor] = [c0].[cdFornecedor]
      ORDER BY [t].[cdProduto]
info: Microsoft.EntityFrameworkCore.Database.Command[20101]
      Executed DbCommand (0ms) [Parameters=[], CommandType='Text', CommandTimeout='30']
      SELECT [c].[cdFornecedor], [c].[nmFornecedor]
      FROM [cadFornecedor] AS [c]
      WHERE [c].[ativo] = CAST(1 AS bit)
fail: Microsoft.AspNetCore.Diagnostics.DeveloperExceptionPageMiddleware[1]
      An unhandled exception has occurred while executing the request.
      System.InvalidOperationException: Multiple constructors accepting all given argument types have been found in type 'ControleEstoque.Controllers.ClienteController'. There should only be one applicable constructor.
         at Microsoft.Extensions.DependencyInjection.ActivatorUtilities.TryFindMatchingConstructor(Type instanceType, Type[] argumentTypes, ConstructorInfo& matchingConstructor, Nullable`1[]& parameterMap)
         at Microsoft.Extensions.DependencyInjection.ActivatorUtilities.FindApplicableConstructor(Type instanceType, Type[] argumentTypes, ConstructorInfo& matchingConstructor, Nullable`1[]& matchingParameterMap)
         at Microsoft.Extensions.DependencyInjection.ActivatorUtilities.CreateFactoryInternal(Type instanceType, Type[] argumentTypes, ParameterExpression& provider, ParameterExpression& argumentArray, Expression& factoryExpressionBody)
         at Microsoft.Extensions.DependencyInjection.ActivatorUtilities.CreateFactory(Type instanceType, Type[] argumentTypes)
         at Microsoft.AspNetCore.Mvc.Controllers.ControllerActivatorProvider.CreateActivator(ControllerActionDescriptor descriptor)
         at Microsoft.AspNetCore.Mvc.Controllers.ControllerFactoryProvider.CreateControllerFactory(ControllerActionDescriptor descriptor)
         at Microsoft.AspNetCore.Mvc.Infrastructure.ControllerActionInvokerCache.GetCachedResult(ControllerContext controllerContext)
         at Microsoft.AspNetCore.Mvc.Routing.ControllerRequestDelegateFactory.<>c__DisplayClass12_0.<CreateRequestDelegate>b__0(HttpContext context)
         at Microsoft.AspNetCore.Routing.EndpointMiddleware.Invoke(HttpContext httpContext)
         at Microsoft.AspNetCore.Authorization.AuthorizationMiddleware.Invoke(HttpContext context)
         at Microsoft.AspNetCore.Authentication.AuthenticationMiddleware.Invoke(HttpContext context)
         at Microsoft.AspNetCore.Diagnostics.DeveloperExceptionPageMiddlewareImpl.Invoke(HttpContext context)
info: Microsoft.EntityFrameworkCore.Database.Command[20101]
      Executed DbCommand (0ms) [Parameters=[], CommandType='Text', CommandTimeout='30']
      SELECT COUNT(*)
      FROM [cadProduto] AS [c]
info: Microsoft.EntityFrameworkCore.Database.Command[20101]
      Executed DbCommand (1ms) [Parameters=[], CommandType='Text', CommandTimeout='30']
      SELECT COUNT(*)
      FROM [cadProduto] AS [c]
info: Microsoft.EntityFrameworkCore.Database.Command[20101]
      Executed DbCommand (1ms) [Parameters=[@__p_0='?' (DbType = Int32), @__p_1='?' (DbType = Int32)], CommandType='Text', CommandTimeout='30']
      SELECT [t].[cdProduto], [t].[nmProduto], [t].[dsProduto], [t].[valorCompra], [t].[valorVenda], CASE
          WHEN [t].[dtCriacao] IS NOT NULL THEN CAST(1 AS bit)
          ELSE CAST(0 AS bit)
      END, [t].[dtCriacao], [t].[quantidade], [t].[tamanho], [c0].[nmFornecedor]
      FROM (
          SELECT [c].[cdProduto], [c].[cdFornecedor], [c].[dsProduto], [c].[dtCriacao], [c].[nmProduto], [c].[quantidade], [c].[tamanho], [c].[valorCompra], [c].[valorVenda]
          FROM [cadProduto] AS [c]
          ORDER BY [c].[cdProduto]
          OFFSET @__p_0 ROWS FETCH NEXT @__p_1 ROWS ONLY
      ) AS [t]
      INNER JOIN [cadFornecedor] AS [c0] ON [t].[cdFornecedor] = [c0].[cdFornecedor]
      ORDER BY [t].[cdProduto]
info: Microsoft.EntityFrameworkCore.Database.Command[20101]
      Executed DbCommand (0ms) [Parameters=[], CommandType='Text', CommandTimeout='30']
      SELECT COUNT(*)
      FROM [cadFornecedor] AS [c]
info: Microsoft.EntityFrameworkCore.Database.Command[20101]
      Executed DbCommand (1ms) [Parameters=[], CommandType='Text', CommandTimeout='30']
      SELECT COUNT(*)
      FROM [cadFornecedor] AS [c]
info: Microsoft.EntityFrameworkCore.Database.Command[20101]
      Executed DbCommand (0ms) [Parameters=[@__p_0='?' (DbType = Int32), @__p_1='?' (DbType = Int32)], CommandType='Text', CommandTimeout='30']
      SELECT [c].[cdFornecedor], [c].[nmFornecedor], CASE
          WHEN [c].[dtCriacao] IS NOT NULL THEN CAST(1 AS bit)
          ELSE CAST(0 AS bit)
      END, [c].[dtCriacao], CASE
          WHEN [c].[ativo] IS NOT NULL THEN CASE
              WHEN [c].[ativo] = CAST(1 AS bit) THEN N'Ativo'
              ELSE N'Inativo'
          END
          ELSE N'Indefinido'
      END
      FROM [cadFornecedor] AS [c]
      ORDER BY [c].[cdFornecedor]
      OFFSET @__p_0 ROWS FETCH NEXT @__p_1 ROWS ONLY
info: Microsoft.EntityFrameworkCore.Database.Command[20101]
      Executed DbCommand (0ms) [Parameters=[], CommandType='Text', CommandTimeout='30']
      SELECT COUNT(*)
      FROM [cadProduto] AS [c]
info: Microsoft.EntityFrameworkCore.Database.Command[20101]
      Executed DbCommand (1ms) [Parameters=[], CommandType='Text', CommandTimeout='30']
      SELECT [c].[cdFornecedor], [c].[nmFornecedor]
      FROM [cadFornecedor] AS [c]
      WHERE [c].[ativo] = CAST(1 AS bit)
info: Microsoft.EntityFrameworkCore.Database.Command[20101]
      Executed DbCommand (0ms) [Parameters=[], CommandType='Text', CommandTimeout='30']
      SELECT COUNT(*)
      FROM [cadProduto] AS [c]
info: Microsoft.EntityFrameworkCore.Database.Command[20101]
      Executed DbCommand (0ms) [Parameters=[@__p_0='?' (DbType = Int32), @__p_1='?' (DbType = Int32)], CommandType='Text', CommandTimeout='30']
      SELECT [t].[cdProduto], [t].[nmProduto], [t].[dsProduto], [t].[valorCompra], [t].[valorVenda], CASE
          WHEN [t].[dtCriacao] IS NOT NULL THEN CAST(1 AS bit)
          ELSE CAST(0 AS bit)
      END, [t].[dtCriacao], [t].[quantidade], [t].[tamanho], [c0].[nmFornecedor]
      FROM (
          SELECT [c].[cdProduto], [c].[cdFornecedor], [c].[dsProduto], [c].[dtCriacao], [c].[nmProduto], [c].[quantidade], [c].[tamanho], [c].[valorCompra], [c].[valorVenda]
          FROM [cadProduto] AS [c]
          ORDER BY [c].[cdProduto]
          OFFSET @__p_0 ROWS FETCH NEXT @__p_1 ROWS ONLY
      ) AS [t]
      INNER JOIN [cadFornecedor] AS [c0] ON [t].[cdFornecedor] = [c0].[cdFornecedor]
      ORDER BY [t].[cdProduto]
info: Microsoft.EntityFrameworkCore.Database.Command[20101]
      Executed DbCommand (1ms) [Parameters=[], CommandType='Text', CommandTimeout='30']
      SELECT [c].[cdFornecedor], [c].[nmFornecedor]
      FROM [cadFornecedor] AS [c]
      WHERE [c].[ativo] = CAST(1 AS bit)
info: Microsoft.EntityFrameworkCore.Database.Command[20101]
      Executed DbCommand (2ms) [Parameters=[], CommandType='Text', CommandTimeout='30']
      SELECT COUNT(*)
      FROM [cadFornecedor] AS [c]
info: Microsoft.EntityFrameworkCore.Database.Command[20101]
      Executed DbCommand (0ms) [Parameters=[], CommandType='Text', CommandTimeout='30']
      SELECT COUNT(*)
      FROM [cadFornecedor] AS [c]
info: Microsoft.EntityFrameworkCore.Database.Command[20101]
      Executed DbCommand (2ms) [Parameters=[@__p_0='?' (DbType = Int32), @__p_1='?' (DbType = Int32)], CommandType='Text', CommandTimeout='30']
      SELECT [c].[cdFornecedor], [c].[nmFornecedor], CASE
          WHEN [c].[dtCriacao] IS NOT NULL THEN CAST(1 AS bit)
          ELSE CAST(0 AS bit)
      END, [c].[dtCriacao], CASE
          WHEN [c].[ativo] IS NOT NULL THEN CASE
              WHEN [c].[ativo] = CAST(1 AS bit) THEN N'Ativo'
              ELSE N'Inativo'
          END
          ELSE N'Indefinido'
      END
      FROM [cadFornecedor] AS [c]
      ORDER BY [c].[cdFornecedor]
      OFFSET @__p_0 ROWS FETCH NEXT @__p_1 ROWS ONLY
info: Microsoft.EntityFrameworkCore.Database.Command[20101]
      Executed DbCommand (2ms) [Parameters=[], CommandType='Text', CommandTimeout='30']
      SELECT COUNT(*)
      FROM [cadProduto] AS [c]
info: Microsoft.EntityFrameworkCore.Database.Command[20101]
      Executed DbCommand (1ms) [Parameters=[], CommandType='Text', CommandTimeout='30']
      SELECT COUNT(*)
      FROM [cadProduto] AS [c]
info: Microsoft.EntityFrameworkCore.Database.Command[20101]
      Executed DbCommand (3ms) [Parameters=[], CommandType='Text', CommandTimeout='30']
      SELECT [c].[cdFornecedor], [c].[nmFornecedor]
      FROM [cadFornecedor] AS [c]
      WHERE [c].[ativo] = CAST(1 AS bit)
info: Microsoft.EntityFrameworkCore.Database.Command[20101]
      Executed DbCommand (3ms) [Parameters=[@__p_0='?' (DbType = Int32), @__p_1='?' (DbType = Int32)], CommandType='Text', CommandTimeout='30']
      SELECT [t].[cdProduto], [t].[nmProduto], [t].[dsProduto], [t].[valorCompra], [t].[valorVenda], CASE
          WHEN [t].[dtCriacao] IS NOT NULL THEN CAST(1 AS bit)
          ELSE CAST(0 AS bit)
      END, [t].[dtCriacao], [t].[quantidade], [t].[tamanho], [c0].[nmFornecedor]
      FROM (
          SELECT [c].[cdProduto], [c].[cdFornecedor], [c].[dsProduto], [c].[dtCriacao], [c].[nmProduto], [c].[quantidade], [c].[tamanho], [c].[valorCompra], [c].[valorVenda]
          FROM [cadProduto] AS [c]
          ORDER BY [c].[cdProduto]
          OFFSET @__p_0 ROWS FETCH NEXT @__p_1 ROWS ONLY
      ) AS [t]
      INNER JOIN [cadFornecedor] AS [c0] ON [t].[cdFornecedor] = [c0].[cdFornecedor]
      ORDER BY [t].[cdProduto]
info: Microsoft.EntityFrameworkCore.Database.Command[20101]
      Executed DbCommand (1ms) [Parameters=[], CommandType='Text', CommandTimeout='30']
      SELECT [c].[cdFornecedor], [c].[nmFornecedor]
      FROM [cadFornecedor] AS [c]
      WHERE [c].[ativo] = CAST(1 AS bit)
fail: Microsoft.AspNetCore.Diagnostics.DeveloperExceptionPageMiddleware[1]
      An unhandled exception has occurred while executing the request.
      System.InvalidOperationException: Multiple constructors accepting all given argument types have been found in type 'ControleEstoque.Controllers.ClienteController'. There should only be one applicable constructor.
         at Microsoft.Extensions.DependencyInjection.ActivatorUtilities.TryFindMatchingConstructor(Type instanceType, Type[] argumentTypes, ConstructorInfo& matchingConstructor, Nullable`1[]& parameterMap)
         at Microsoft.Extensions.DependencyInjection.ActivatorUtilities.FindApplicableConstructor(Type instanceType, Type[] argumentTypes, ConstructorInfo& matchingConstructor, Nullable`1[]& matchingParameterMap)
         at Microsoft.Extensions.DependencyInjection.ActivatorUtilities.CreateFactoryInternal(Type instanceType, Type[] argumentTypes, ParameterExpression& provider, ParameterExpression& argumentArray, Expression& factoryExpressionBody)
         at Microsoft.Extensions.DependencyInjection.ActivatorUtilities.CreateFactory(Type instanceType, Type[] argumentTypes)
         at Microsoft.AspNetCore.Mvc.Controllers.ControllerActivatorProvider.CreateActivator(ControllerActionDescriptor descriptor)
         at Microsoft.AspNetCore.Mvc.Controllers.ControllerFactoryProvider.CreateControllerFactory(ControllerActionDescriptor descriptor)
         at Microsoft.AspNetCore.Mvc.Infrastructure.ControllerActionInvokerCache.GetCachedResult(ControllerContext controllerContext)
         at Microsoft.AspNetCore.Mvc.Routing.ControllerRequestDelegateFactory.<>c__DisplayClass12_0.<CreateRequestDelegate>b__0(HttpContext context)
         at Microsoft.AspNetCore.Routing.EndpointMiddleware.Invoke(HttpContext httpContext)
         at Microsoft.AspNetCore.Authorization.AuthorizationMiddleware.Invoke(HttpContext context)
         at Microsoft.AspNetCore.Authentication.AuthenticationMiddleware.Invoke(HttpContext context)
         at Microsoft.AspNetCore.Diagnostics.DeveloperExceptionPageMiddlewareImpl.Invoke(HttpContext context)
info: Microsoft.EntityFrameworkCore.Database.Command[20101]
      Executed DbCommand (2ms) [Parameters=[], CommandType='Text', CommandTimeout='30']
      SELECT COUNT(*)
      FROM [cadProduto] AS [c]
info: Microsoft.EntityFrameworkCore.Database.Command[20101]
      Executed DbCommand (1ms) [Parameters=[], CommandType='Text', CommandTimeout='30']
      SELECT COUNT(*)
      FROM [cadProduto] AS [c]
info: Microsoft.EntityFrameworkCore.Database.Command[20101]
      Executed DbCommand (2ms) [Parameters=[@__p_0='?' (DbType = Int32), @__p_1='?' (DbType = Int32)], CommandType='Text', CommandTimeout='30']
      SELECT [t].[cdProduto], [t].[nmProduto], [t].[dsProduto], [t].[valorCompra], [t].[valorVenda], CASE
          WHEN [t].[dtCriacao] IS NOT NULL THEN CAST(1 AS bit)
          ELSE CAST(0 AS bit)
      END, [t].[dtCriacao], [t].[quantidade], [t].[tamanho], [c0].[nmFornecedor]
      FROM (
          SELECT [c].[cdProduto], [c].[cdFornecedor], [c].[dsProduto], [c].[dtCriacao], [c].[nmProduto], [c].[quantidade], [c].[tamanho], [c].[valorCompra], [c].[valorVenda]
          FROM [cadProduto] AS [c]
          ORDER BY [c].[cdProduto]
          OFFSET @__p_0 ROWS FETCH NEXT @__p_1 ROWS ONLY
      ) AS [t]
      INNER JOIN [cadFornecedor] AS [c0] ON [t].[cdFornecedor] = [c0].[cdFornecedor]
      ORDER BY [t].[cdProduto]
info: Microsoft.EntityFrameworkCore.Database.Command[20101]
      Executed DbCommand (1ms) [Parameters=[], CommandType='Text', CommandTimeout='30']
      SELECT COUNT(*)
      FROM [cadFornecedor] AS [c]
info: Microsoft.EntityFrameworkCore.Database.Command[20101]
      Executed DbCommand (1ms) [Parameters=[], CommandType='Text', CommandTimeout='30']
      SELECT COUNT(*)
      FROM [cadFornecedor] AS [c]
info: Microsoft.EntityFrameworkCore.Database.Command[20101]
      Executed DbCommand (1ms) [Parameters=[@__p_0='?' (DbType = Int32), @__p_1='?' (DbType = Int32)], CommandType='Text', Com