info: Microsoft.Hosting.Lifetime[0]
      Application started. Press Ctrl+C to shut down.
info: Microsoft.Hosting.Lifetime[0]
      Hosting environment: Development
info: Microsoft.Hosting.Lifetime[0]
      Content root path: C:\Users\Arthur Cruz\Documents\projetos pessoais\ControleEstoque\ControleEstoque
info: Microsoft.EntityFrameworkCore.Database.Command[20101]
      Executed DbCommand (13ms) [Parameters=[], CommandType='Text', CommandTimeout='30']
      SELECT COUNT(*)
      FROM [cadFornecedor] AS [c]
info: Microsoft.EntityFrameworkCore.Database.Command[20101]
      Executed DbCommand (1ms) [Parameters=[], CommandType='Text', CommandTimeout='30']
      SELECT COUNT(*)
      FROM [cadFornecedor] AS [c]
info: Microsoft.EntityFrameworkCore.Database.Command[20101]
      Executed DbCommand (16ms) [Parameters=[@__p_0='?' (DbType = Int32), @__p_1='?' (DbType = Int32)], CommandType='Text', CommandTimeout='30']
      SELECT [c].[cdFornecedor], [c].[nmFornecedor], CASE
          WHEN [c].[dtCriacao] IS NOT NULL THEN CAST(1 AS bit)
          ELSE CAST(0 AS bit)
      END, [c].[dtCriacao], CASE
          WHEN [c].[ativo] IS NOT NULL THEN CASE
              WHEN [c].[ativo] = CAST(1 AS bit) THEN N'Ativo'
              ELSE N'Inativo'
          END
          ELSE N'Indefinido'
      END
      FROM [cadFornecedor] AS [c]
      ORDER BY [c].[cdFornecedor]
      OFFSET @__p_0 ROWS FETCH NEXT @__p_1 ROWS ONLY
info: Microsoft.Hosting.Lifetime[0]
      Application is shutting down...
